{"/Users/andeladeveloper/Documents/Documents/More-Recipe/server/test/index.js":{"path":"/Users/andeladeveloper/Documents/Documents/More-Recipe/server/test/index.js","statementMap":{"0":{"start":{"line":3,"column":17},"end":{"line":3,"column":37}},"1":{"start":{"line":5,"column":18},"end":{"line":5,"column":52}},"2":{"start":{"line":7,"column":17},"end":{"line":7,"column":38}},"3":{"start":{"line":9,"column":18},"end":{"line":9,"column":52}},"4":{"start":{"line":11,"column":12},"end":{"line":11,"column":27}},"5":{"start":{"line":13,"column":14},"end":{"line":13,"column":31}},"6":{"start":{"line":15,"column":15},"end":{"line":15,"column":46}},"7":{"start":{"line":17,"column":13},"end":{"line":17,"column":32}},"8":{"start":{"line":19,"column":14},"end":{"line":19,"column":44}},"9":{"start":{"line":21,"column":13},"end":{"line":21,"column":40}},"10":{"start":{"line":23,"column":14},"end":{"line":23,"column":44}},"11":{"start":{"line":25,"column":39},"end":{"line":25,"column":93}},"12":{"start":{"line":27,"column":0},"end":{"line":27,"column":30}},"13":{"start":{"line":30,"column":13},"end":{"line":30,"column":17}},"14":{"start":{"line":32,"column":0},"end":{"line":40,"column":3}},"15":{"start":{"line":33,"column":2},"end":{"line":39,"column":5}},"16":{"start":{"line":34,"column":4},"end":{"line":38,"column":17}},"17":{"start":{"line":35,"column":6},"end":{"line":37,"column":9}},"18":{"start":{"line":42,"column":0},"end":{"line":100,"column":3}},"19":{"start":{"line":43,"column":2},"end":{"line":43,"column":41}},"20":{"start":{"line":44,"column":2},"end":{"line":44,"column":34}},"21":{"start":{"line":45,"column":2},"end":{"line":52,"column":5}},"22":{"start":{"line":47,"column":4},"end":{"line":51,"column":7}},"23":{"start":{"line":48,"column":6},"end":{"line":48,"column":32}},"24":{"start":{"line":48,"column":15},"end":{"line":48,"column":32}},"25":{"start":{"line":49,"column":6},"end":{"line":49,"column":30}},"26":{"start":{"line":50,"column":6},"end":{"line":50,"column":13}},"27":{"start":{"line":53,"column":2},"end":{"line":57,"column":5}},"28":{"start":{"line":54,"column":4},"end":{"line":56,"column":7}},"29":{"start":{"line":55,"column":6},"end":{"line":55,"column":206}},"30":{"start":{"line":59,"column":2},"end":{"line":63,"column":5}},"31":{"start":{"line":60,"column":4},"end":{"line":62,"column":7}},"32":{"start":{"line":61,"column":6},"end":{"line":61,"column":208}},"33":{"start":{"line":65,"column":2},"end":{"line":69,"column":5}},"34":{"start":{"line":66,"column":4},"end":{"line":68,"column":7}},"35":{"start":{"line":67,"column":6},"end":{"line":67,"column":244}},"36":{"start":{"line":71,"column":2},"end":{"line":75,"column":5}},"37":{"start":{"line":72,"column":4},"end":{"line":74,"column":7}},"38":{"start":{"line":73,"column":6},"end":{"line":73,"column":206}},"39":{"start":{"line":77,"column":2},"end":{"line":81,"column":5}},"40":{"start":{"line":78,"column":4},"end":{"line":80,"column":7}},"41":{"start":{"line":79,"column":6},"end":{"line":79,"column":121}},"42":{"start":{"line":83,"column":2},"end":{"line":87,"column":5}},"43":{"start":{"line":84,"column":4},"end":{"line":86,"column":7}},"44":{"start":{"line":85,"column":6},"end":{"line":85,"column":93}},"45":{"start":{"line":89,"column":2},"end":{"line":93,"column":5}},"46":{"start":{"line":90,"column":4},"end":{"line":92,"column":7}},"47":{"start":{"line":91,"column":6},"end":{"line":91,"column":194}},"48":{"start":{"line":95,"column":2},"end":{"line":99,"column":5}},"49":{"start":{"line":96,"column":4},"end":{"line":98,"column":7}},"50":{"start":{"line":97,"column":6},"end":{"line":97,"column":126}},"51":{"start":{"line":102,"column":0},"end":{"line":123,"column":3}},"52":{"start":{"line":103,"column":2},"end":{"line":103,"column":41}},"53":{"start":{"line":104,"column":2},"end":{"line":104,"column":34}},"54":{"start":{"line":106,"column":2},"end":{"line":108,"column":5}},"55":{"start":{"line":107,"column":4},"end":{"line":107,"column":150}},"56":{"start":{"line":110,"column":2},"end":{"line":112,"column":5}},"57":{"start":{"line":111,"column":4},"end":{"line":111,"column":160}},"58":{"start":{"line":114,"column":2},"end":{"line":122,"column":5}},"59":{"start":{"line":115,"column":4},"end":{"line":121,"column":7}},"60":{"start":{"line":116,"column":6},"end":{"line":116,"column":32}},"61":{"start":{"line":116,"column":15},"end":{"line":116,"column":32}},"62":{"start":{"line":117,"column":6},"end":{"line":117,"column":36}},"63":{"start":{"line":118,"column":25},"end":{"line":118,"column":65}},"64":{"start":{"line":119,"column":6},"end":{"line":119,"column":59}},"65":{"start":{"line":120,"column":6},"end":{"line":120,"column":13}},"66":{"start":{"line":125,"column":0},"end":{"line":265,"column":3}},"67":{"start":{"line":126,"column":2},"end":{"line":126,"column":41}},"68":{"start":{"line":127,"column":2},"end":{"line":127,"column":43}},"69":{"start":{"line":128,"column":2},"end":{"line":128,"column":34}},"70":{"start":{"line":129,"column":2},"end":{"line":129,"column":36}},"71":{"start":{"line":131,"column":2},"end":{"line":138,"column":5}},"72":{"start":{"line":133,"column":4},"end":{"line":137,"column":7}},"73":{"start":{"line":134,"column":6},"end":{"line":134,"column":32}},"74":{"start":{"line":134,"column":15},"end":{"line":134,"column":32}},"75":{"start":{"line":135,"column":6},"end":{"line":135,"column":30}},"76":{"start":{"line":136,"column":6},"end":{"line":136,"column":13}},"77":{"start":{"line":140,"column":2},"end":{"line":144,"column":5}},"78":{"start":{"line":141,"column":4},"end":{"line":143,"column":7}},"79":{"start":{"line":142,"column":6},"end":{"line":142,"column":100}},"80":{"start":{"line":146,"column":2},"end":{"line":150,"column":5}},"81":{"start":{"line":147,"column":4},"end":{"line":149,"column":7}},"82":{"start":{"line":148,"column":6},"end":{"line":148,"column":125}},"83":{"start":{"line":152,"column":2},"end":{"line":156,"column":5}},"84":{"start":{"line":153,"column":4},"end":{"line":155,"column":7}},"85":{"start":{"line":154,"column":6},"end":{"line":154,"column":124}},"86":{"start":{"line":158,"column":2},"end":{"line":162,"column":5}},"87":{"start":{"line":159,"column":4},"end":{"line":161,"column":7}},"88":{"start":{"line":160,"column":6},"end":{"line":160,"column":253}},"89":{"start":{"line":164,"column":2},"end":{"line":168,"column":5}},"90":{"start":{"line":165,"column":4},"end":{"line":167,"column":7}},"91":{"start":{"line":166,"column":6},"end":{"line":166,"column":264}},"92":{"start":{"line":170,"column":2},"end":{"line":174,"column":5}},"93":{"start":{"line":171,"column":4},"end":{"line":173,"column":7}},"94":{"start":{"line":172,"column":6},"end":{"line":172,"column":230}},"95":{"start":{"line":176,"column":2},"end":{"line":180,"column":5}},"96":{"start":{"line":177,"column":4},"end":{"line":179,"column":7}},"97":{"start":{"line":178,"column":6},"end":{"line":178,"column":176}},"98":{"start":{"line":182,"column":2},"end":{"line":186,"column":5}},"99":{"start":{"line":183,"column":4},"end":{"line":185,"column":7}},"100":{"start":{"line":184,"column":6},"end":{"line":184,"column":176}},"101":{"start":{"line":188,"column":2},"end":{"line":192,"column":5}},"102":{"start":{"line":189,"column":4},"end":{"line":191,"column":7}},"103":{"start":{"line":190,"column":6},"end":{"line":190,"column":156}},"104":{"start":{"line":194,"column":2},"end":{"line":198,"column":5}},"105":{"start":{"line":195,"column":4},"end":{"line":197,"column":7}},"106":{"start":{"line":196,"column":6},"end":{"line":196,"column":177}},"107":{"start":{"line":200,"column":2},"end":{"line":204,"column":5}},"108":{"start":{"line":201,"column":4},"end":{"line":203,"column":7}},"109":{"start":{"line":202,"column":6},"end":{"line":202,"column":130}},"110":{"start":{"line":206,"column":2},"end":{"line":210,"column":5}},"111":{"start":{"line":207,"column":4},"end":{"line":209,"column":7}},"112":{"start":{"line":208,"column":6},"end":{"line":208,"column":127}},"113":{"start":{"line":212,"column":2},"end":{"line":216,"column":5}},"114":{"start":{"line":213,"column":4},"end":{"line":215,"column":7}},"115":{"start":{"line":214,"column":6},"end":{"line":214,"column":135}},"116":{"start":{"line":218,"column":2},"end":{"line":222,"column":5}},"117":{"start":{"line":219,"column":4},"end":{"line":221,"column":7}},"118":{"start":{"line":220,"column":6},"end":{"line":220,"column":133}},"119":{"start":{"line":224,"column":2},"end":{"line":228,"column":5}},"120":{"start":{"line":225,"column":4},"end":{"line":227,"column":7}},"121":{"start":{"line":226,"column":6},"end":{"line":226,"column":135}},"122":{"start":{"line":230,"column":2},"end":{"line":234,"column":5}},"123":{"start":{"line":231,"column":4},"end":{"line":233,"column":7}},"124":{"start":{"line":232,"column":6},"end":{"line":232,"column":133}},"125":{"start":{"line":236,"column":2},"end":{"line":240,"column":5}},"126":{"start":{"line":237,"column":4},"end":{"line":239,"column":7}},"127":{"start":{"line":238,"column":6},"end":{"line":238,"column":135}},"128":{"start":{"line":242,"column":2},"end":{"line":246,"column":5}},"129":{"start":{"line":243,"column":4},"end":{"line":245,"column":7}},"130":{"start":{"line":244,"column":6},"end":{"line":244,"column":140}},"131":{"start":{"line":248,"column":2},"end":{"line":252,"column":5}},"132":{"start":{"line":249,"column":4},"end":{"line":251,"column":7}},"133":{"start":{"line":250,"column":6},"end":{"line":250,"column":133}},"134":{"start":{"line":254,"column":2},"end":{"line":258,"column":5}},"135":{"start":{"line":255,"column":4},"end":{"line":257,"column":7}},"136":{"start":{"line":256,"column":6},"end":{"line":256,"column":128}},"137":{"start":{"line":260,"column":2},"end":{"line":264,"column":5}},"138":{"start":{"line":261,"column":4},"end":{"line":263,"column":7}},"139":{"start":{"line":262,"column":6},"end":{"line":262,"column":128}}},"fnMap":{"0":{"name":"_interopRequireDefault","decl":{"start":{"line":25,"column":9},"end":{"line":25,"column":31}},"loc":{"start":{"line":25,"column":37},"end":{"line":25,"column":95}},"line":25},"1":{"name":"(anonymous_1)","decl":{"start":{"line":32,"column":56},"end":{"line":32,"column":57}},"loc":{"start":{"line":32,"column":68},"end":{"line":40,"column":1}},"line":32},"2":{"name":"(anonymous_2)","decl":{"start":{"line":33,"column":69},"end":{"line":33,"column":70}},"loc":{"start":{"line":33,"column":85},"end":{"line":39,"column":3}},"line":33},"3":{"name":"(anonymous_3)","decl":{"start":{"line":34,"column":97},"end":{"line":34,"column":98}},"loc":{"start":{"line":34,"column":112},"end":{"line":38,"column":5}},"line":34},"4":{"name":"(anonymous_4)","decl":{"start":{"line":42,"column":24},"end":{"line":42,"column":25}},"loc":{"start":{"line":42,"column":36},"end":{"line":100,"column":1}},"line":42},"5":{"name":"(anonymous_5)","decl":{"start":{"line":45,"column":9},"end":{"line":45,"column":10}},"loc":{"start":{"line":45,"column":25},"end":{"line":52,"column":3}},"line":45},"6":{"name":"(anonymous_6)","decl":{"start":{"line":47,"column":156},"end":{"line":47,"column":157}},"loc":{"start":{"line":47,"column":176},"end":{"line":51,"column":5}},"line":47},"7":{"name":"(anonymous_7)","decl":{"start":{"line":53,"column":50},"end":{"line":53,"column":51}},"loc":{"start":{"line":53,"column":62},"end":{"line":57,"column":3}},"line":53},"8":{"name":"(anonymous_8)","decl":{"start":{"line":54,"column":76},"end":{"line":54,"column":77}},"loc":{"start":{"line":54,"column":92},"end":{"line":56,"column":5}},"line":54},"9":{"name":"(anonymous_9)","decl":{"start":{"line":59,"column":38},"end":{"line":59,"column":39}},"loc":{"start":{"line":59,"column":50},"end":{"line":63,"column":3}},"line":59},"10":{"name":"(anonymous_10)","decl":{"start":{"line":60,"column":75},"end":{"line":60,"column":76}},"loc":{"start":{"line":60,"column":91},"end":{"line":62,"column":5}},"line":60},"11":{"name":"(anonymous_11)","decl":{"start":{"line":65,"column":42},"end":{"line":65,"column":43}},"loc":{"start":{"line":65,"column":54},"end":{"line":69,"column":3}},"line":65},"12":{"name":"(anonymous_12)","decl":{"start":{"line":66,"column":75},"end":{"line":66,"column":76}},"loc":{"start":{"line":66,"column":91},"end":{"line":68,"column":5}},"line":66},"13":{"name":"(anonymous_13)","decl":{"start":{"line":71,"column":45},"end":{"line":71,"column":46}},"loc":{"start":{"line":71,"column":57},"end":{"line":75,"column":3}},"line":71},"14":{"name":"(anonymous_14)","decl":{"start":{"line":72,"column":75},"end":{"line":72,"column":76}},"loc":{"start":{"line":72,"column":91},"end":{"line":74,"column":5}},"line":72},"15":{"name":"(anonymous_15)","decl":{"start":{"line":77,"column":33},"end":{"line":77,"column":34}},"loc":{"start":{"line":77,"column":45},"end":{"line":81,"column":3}},"line":77},"16":{"name":"(anonymous_16)","decl":{"start":{"line":78,"column":87},"end":{"line":78,"column":88}},"loc":{"start":{"line":78,"column":103},"end":{"line":80,"column":5}},"line":78},"17":{"name":"(anonymous_17)","decl":{"start":{"line":83,"column":33},"end":{"line":83,"column":34}},"loc":{"start":{"line":83,"column":45},"end":{"line":87,"column":3}},"line":83},"18":{"name":"(anonymous_18)","decl":{"start":{"line":84,"column":84},"end":{"line":84,"column":85}},"loc":{"start":{"line":84,"column":100},"end":{"line":86,"column":5}},"line":84},"19":{"name":"(anonymous_19)","decl":{"start":{"line":89,"column":34},"end":{"line":89,"column":35}},"loc":{"start":{"line":89,"column":46},"end":{"line":93,"column":3}},"line":89},"20":{"name":"(anonymous_20)","decl":{"start":{"line":90,"column":86},"end":{"line":90,"column":87}},"loc":{"start":{"line":90,"column":102},"end":{"line":92,"column":5}},"line":90},"21":{"name":"(anonymous_21)","decl":{"start":{"line":95,"column":29},"end":{"line":95,"column":30}},"loc":{"start":{"line":95,"column":41},"end":{"line":99,"column":3}},"line":95},"22":{"name":"(anonymous_22)","decl":{"start":{"line":96,"column":87},"end":{"line":96,"column":88}},"loc":{"start":{"line":96,"column":103},"end":{"line":98,"column":5}},"line":96},"23":{"name":"(anonymous_23)","decl":{"start":{"line":102,"column":42},"end":{"line":102,"column":43}},"loc":{"start":{"line":102,"column":54},"end":{"line":123,"column":1}},"line":102},"24":{"name":"(anonymous_24)","decl":{"start":{"line":106,"column":83},"end":{"line":106,"column":84}},"loc":{"start":{"line":106,"column":99},"end":{"line":108,"column":3}},"line":106},"25":{"name":"(anonymous_25)","decl":{"start":{"line":110,"column":66},"end":{"line":110,"column":67}},"loc":{"start":{"line":110,"column":82},"end":{"line":112,"column":3}},"line":110},"26":{"name":"(anonymous_26)","decl":{"start":{"line":114,"column":74},"end":{"line":114,"column":75}},"loc":{"start":{"line":114,"column":90},"end":{"line":122,"column":3}},"line":114},"27":{"name":"(anonymous_27)","decl":{"start":{"line":115,"column":156},"end":{"line":115,"column":157}},"loc":{"start":{"line":115,"column":176},"end":{"line":121,"column":5}},"line":115},"28":{"name":"(anonymous_28)","decl":{"start":{"line":125,"column":30},"end":{"line":125,"column":31}},"loc":{"start":{"line":125,"column":42},"end":{"line":265,"column":1}},"line":125},"29":{"name":"(anonymous_29)","decl":{"start":{"line":131,"column":9},"end":{"line":131,"column":10}},"loc":{"start":{"line":131,"column":25},"end":{"line":138,"column":3}},"line":131},"30":{"name":"(anonymous_30)","decl":{"start":{"line":133,"column":156},"end":{"line":133,"column":157}},"loc":{"start":{"line":133,"column":176},"end":{"line":137,"column":5}},"line":133},"31":{"name":"(anonymous_31)","decl":{"start":{"line":140,"column":37},"end":{"line":140,"column":38}},"loc":{"start":{"line":140,"column":49},"end":{"line":144,"column":3}},"line":140},"32":{"name":"(anonymous_32)","decl":{"start":{"line":141,"column":52},"end":{"line":141,"column":53}},"loc":{"start":{"line":141,"column":68},"end":{"line":143,"column":5}},"line":141},"33":{"name":"(anonymous_33)","decl":{"start":{"line":146,"column":41},"end":{"line":146,"column":42}},"loc":{"start":{"line":146,"column":53},"end":{"line":150,"column":3}},"line":146},"34":{"name":"(anonymous_34)","decl":{"start":{"line":147,"column":40},"end":{"line":147,"column":41}},"loc":{"start":{"line":147,"column":56},"end":{"line":149,"column":5}},"line":147},"35":{"name":"(anonymous_35)","decl":{"start":{"line":152,"column":40},"end":{"line":152,"column":41}},"loc":{"start":{"line":152,"column":52},"end":{"line":156,"column":3}},"line":152},"36":{"name":"(anonymous_36)","decl":{"start":{"line":153,"column":54},"end":{"line":153,"column":55}},"loc":{"start":{"line":153,"column":70},"end":{"line":155,"column":5}},"line":153},"37":{"name":"(anonymous_37)","decl":{"start":{"line":158,"column":37},"end":{"line":158,"column":38}},"loc":{"start":{"line":158,"column":49},"end":{"line":162,"column":3}},"line":158},"38":{"name":"(anonymous_38)","decl":{"start":{"line":159,"column":91},"end":{"line":159,"column":92}},"loc":{"start":{"line":159,"column":107},"end":{"line":161,"column":5}},"line":159},"39":{"name":"(anonymous_39)","decl":{"start":{"line":164,"column":37},"end":{"line":164,"column":38}},"loc":{"start":{"line":164,"column":49},"end":{"line":168,"column":3}},"line":164},"40":{"name":"(anonymous_40)","decl":{"start":{"line":165,"column":71},"end":{"line":165,"column":72}},"loc":{"start":{"line":165,"column":87},"end":{"line":167,"column":5}},"line":165},"41":{"name":"(anonymous_41)","decl":{"start":{"line":170,"column":46},"end":{"line":170,"column":47}},"loc":{"start":{"line":170,"column":58},"end":{"line":174,"column":3}},"line":170},"42":{"name":"(anonymous_42)","decl":{"start":{"line":171,"column":68},"end":{"line":171,"column":69}},"loc":{"start":{"line":171,"column":84},"end":{"line":173,"column":5}},"line":171},"43":{"name":"(anonymous_43)","decl":{"start":{"line":176,"column":28},"end":{"line":176,"column":29}},"loc":{"start":{"line":176,"column":40},"end":{"line":180,"column":3}},"line":176},"44":{"name":"(anonymous_44)","decl":{"start":{"line":177,"column":79},"end":{"line":177,"column":80}},"loc":{"start":{"line":177,"column":95},"end":{"line":179,"column":5}},"line":177},"45":{"name":"(anonymous_45)","decl":{"start":{"line":182,"column":28},"end":{"line":182,"column":29}},"loc":{"start":{"line":182,"column":40},"end":{"line":186,"column":3}},"line":182},"46":{"name":"(anonymous_46)","decl":{"start":{"line":183,"column":85},"end":{"line":183,"column":86}},"loc":{"start":{"line":183,"column":101},"end":{"line":185,"column":5}},"line":183},"47":{"name":"(anonymous_47)","decl":{"start":{"line":188,"column":28},"end":{"line":188,"column":29}},"loc":{"start":{"line":188,"column":40},"end":{"line":192,"column":3}},"line":188},"48":{"name":"(anonymous_48)","decl":{"start":{"line":189,"column":64},"end":{"line":189,"column":65}},"loc":{"start":{"line":189,"column":80},"end":{"line":191,"column":5}},"line":189},"49":{"name":"(anonymous_49)","decl":{"start":{"line":194,"column":28},"end":{"line":194,"column":29}},"loc":{"start":{"line":194,"column":40},"end":{"line":198,"column":3}},"line":194},"50":{"name":"(anonymous_50)","decl":{"start":{"line":195,"column":104},"end":{"line":195,"column":105}},"loc":{"start":{"line":195,"column":120},"end":{"line":197,"column":5}},"line":195},"51":{"name":"(anonymous_51)","decl":{"start":{"line":200,"column":32},"end":{"line":200,"column":33}},"loc":{"start":{"line":200,"column":44},"end":{"line":204,"column":3}},"line":200},"52":{"name":"(anonymous_52)","decl":{"start":{"line":201,"column":83},"end":{"line":201,"column":84}},"loc":{"start":{"line":201,"column":99},"end":{"line":203,"column":5}},"line":201},"53":{"name":"(anonymous_53)","decl":{"start":{"line":206,"column":39},"end":{"line":206,"column":40}},"loc":{"start":{"line":206,"column":51},"end":{"line":210,"column":3}},"line":206},"54":{"name":"(anonymous_54)","decl":{"start":{"line":207,"column":90},"end":{"line":207,"column":91}},"loc":{"start":{"line":207,"column":106},"end":{"line":209,"column":5}},"line":207},"55":{"name":"(anonymous_55)","decl":{"start":{"line":212,"column":61},"end":{"line":212,"column":62}},"loc":{"start":{"line":212,"column":73},"end":{"line":216,"column":3}},"line":212},"56":{"name":"(anonymous_56)","decl":{"start":{"line":213,"column":106},"end":{"line":213,"column":107}},"loc":{"start":{"line":213,"column":122},"end":{"line":215,"column":5}},"line":213},"57":{"name":"(anonymous_57)","decl":{"start":{"line":218,"column":30},"end":{"line":218,"column":31}},"loc":{"start":{"line":218,"column":42},"end":{"line":222,"column":3}},"line":218},"58":{"name":"(anonymous_58)","decl":{"start":{"line":219,"column":59},"end":{"line":219,"column":60}},"loc":{"start":{"line":219,"column":75},"end":{"line":221,"column":5}},"line":219},"59":{"name":"(anonymous_59)","decl":{"start":{"line":224,"column":32},"end":{"line":224,"column":33}},"loc":{"start":{"line":224,"column":44},"end":{"line":228,"column":3}},"line":224},"60":{"name":"(anonymous_60)","decl":{"start":{"line":225,"column":59},"end":{"line":225,"column":60}},"loc":{"start":{"line":225,"column":75},"end":{"line":227,"column":5}},"line":225},"61":{"name":"(anonymous_61)","decl":{"start":{"line":230,"column":30},"end":{"line":230,"column":31}},"loc":{"start":{"line":230,"column":42},"end":{"line":234,"column":3}},"line":230},"62":{"name":"(anonymous_62)","decl":{"start":{"line":231,"column":68},"end":{"line":231,"column":69}},"loc":{"start":{"line":231,"column":84},"end":{"line":233,"column":5}},"line":231},"63":{"name":"(anonymous_63)","decl":{"start":{"line":236,"column":32},"end":{"line":236,"column":33}},"loc":{"start":{"line":236,"column":44},"end":{"line":240,"column":3}},"line":236},"64":{"name":"(anonymous_64)","decl":{"start":{"line":237,"column":68},"end":{"line":237,"column":69}},"loc":{"start":{"line":237,"column":84},"end":{"line":239,"column":5}},"line":237},"65":{"name":"(anonymous_65)","decl":{"start":{"line":242,"column":42},"end":{"line":242,"column":43}},"loc":{"start":{"line":242,"column":54},"end":{"line":246,"column":3}},"line":242},"66":{"name":"(anonymous_66)","decl":{"start":{"line":243,"column":59},"end":{"line":243,"column":60}},"loc":{"start":{"line":243,"column":75},"end":{"line":245,"column":5}},"line":243},"67":{"name":"(anonymous_67)","decl":{"start":{"line":248,"column":51},"end":{"line":248,"column":52}},"loc":{"start":{"line":248,"column":63},"end":{"line":252,"column":3}},"line":248},"68":{"name":"(anonymous_68)","decl":{"start":{"line":249,"column":59},"end":{"line":249,"column":60}},"loc":{"start":{"line":249,"column":75},"end":{"line":251,"column":5}},"line":249},"69":{"name":"(anonymous_69)","decl":{"start":{"line":254,"column":31},"end":{"line":254,"column":32}},"loc":{"start":{"line":254,"column":43},"end":{"line":258,"column":3}},"line":254},"70":{"name":"(anonymous_70)","decl":{"start":{"line":255,"column":79},"end":{"line":255,"column":80}},"loc":{"start":{"line":255,"column":95},"end":{"line":257,"column":5}},"line":255},"71":{"name":"(anonymous_71)","decl":{"start":{"line":260,"column":31},"end":{"line":260,"column":32}},"loc":{"start":{"line":260,"column":43},"end":{"line":264,"column":3}},"line":260},"72":{"name":"(anonymous_72)","decl":{"start":{"line":261,"column":68},"end":{"line":261,"column":69}},"loc":{"start":{"line":261,"column":84},"end":{"line":263,"column":5}},"line":261}},"branchMap":{"0":{"loc":{"start":{"line":25,"column":46},"end":{"line":25,"column":92}},"type":"cond-expr","locations":[{"start":{"line":25,"column":70},"end":{"line":25,"column":73}},{"start":{"line":25,"column":76},"end":{"line":25,"column":92}}],"line":25},"1":{"loc":{"start":{"line":25,"column":46},"end":{"line":25,"column":67}},"type":"binary-expr","locations":[{"start":{"line":25,"column":46},"end":{"line":25,"column":49}},{"start":{"line":25,"column":53},"end":{"line":25,"column":67}}],"line":25},"2":{"loc":{"start":{"line":48,"column":6},"end":{"line":48,"column":32}},"type":"if","locations":[{"start":{"line":48,"column":6},"end":{"line":48,"column":32}},{"start":{"line":48,"column":6},"end":{"line":48,"column":32}}],"line":48},"3":{"loc":{"start":{"line":116,"column":6},"end":{"line":116,"column":32}},"type":"if","locations":[{"start":{"line":116,"column":6},"end":{"line":116,"column":32}},{"start":{"line":116,"column":6},"end":{"line":116,"column":32}}],"line":116},"4":{"loc":{"start":{"line":134,"column":6},"end":{"line":134,"column":32}},"type":"if","locations":[{"start":{"line":134,"column":6},"end":{"line":134,"column":32}},{"start":{"line":134,"column":6},"end":{"line":134,"column":32}}],"line":134}},"s":{"0":1,"1":1,"2":1,"3":1,"4":1,"5":1,"6":1,"7":1,"8":1,"9":1,"10":1,"11":5,"12":1,"13":1,"14":1,"15":1,"16":1,"17":1,"18":1,"19":1,"20":1,"21":1,"22":1,"23":1,"24":0,"25":1,"26":1,"27":1,"28":1,"29":1,"30":1,"31":1,"32":1,"33":1,"34":1,"35":1,"36":1,"37":1,"38":1,"39":1,"40":1,"41":1,"42":1,"43":1,"44":1,"45":1,"46":1,"47":1,"48":1,"49":1,"50":1,"51":1,"52":1,"53":1,"54":1,"55":1,"56":1,"57":1,"58":1,"59":1,"60":1,"61":0,"62":1,"63":1,"64":1,"65":1,"66":1,"67":1,"68":1,"69":1,"70":1,"71":1,"72":1,"73":1,"74":0,"75":1,"76":1,"77":1,"78":1,"79":1,"80":1,"81":1,"82":1,"83":1,"84":1,"85":1,"86":1,"87":1,"88":1,"89":1,"90":1,"91":1,"92":1,"93":1,"94":1,"95":1,"96":1,"97":1,"98":1,"99":1,"100":1,"101":1,"102":1,"103":1,"104":1,"105":1,"106":1,"107":1,"108":1,"109":1,"110":1,"111":1,"112":1,"113":1,"114":1,"115":1,"116":1,"117":1,"118":1,"119":1,"120":1,"121":1,"122":1,"123":1,"124":1,"125":1,"126":1,"127":1,"128":1,"129":1,"130":1,"131":1,"132":1,"133":1,"134":1,"135":1,"136":1,"137":1,"138":1,"139":1},"f":{"0":5,"1":1,"2":1,"3":1,"4":1,"5":1,"6":1,"7":1,"8":1,"9":1,"10":1,"11":1,"12":1,"13":1,"14":1,"15":1,"16":1,"17":1,"18":1,"19":1,"20":1,"21":1,"22":1,"23":1,"24":1,"25":1,"26":1,"27":1,"28":1,"29":1,"30":1,"31":1,"32":1,"33":1,"34":1,"35":1,"36":1,"37":1,"38":1,"39":1,"40":1,"41":1,"42":1,"43":1,"44":1,"45":1,"46":1,"47":1,"48":1,"49":1,"50":1,"51":1,"52":1,"53":1,"54":1,"55":1,"56":1,"57":1,"58":1,"59":1,"60":1,"61":1,"62":1,"63":1,"64":1,"65":1,"66":1,"67":1,"68":1,"69":1,"70":1,"71":1,"72":1},"b":{"0":[2,3],"1":[5,5],"2":[0,1],"3":[0,1],"4":[0,1]},"_coverageSchema":"332fd63041d2c1bcb487cc26dd0d5f7d97098a6c","hash":"7141841cd71d345f321871d7a95e206d7f69c74c","contentHash":"f1b70e72b86794c80afb73764f1ffeed_11.3.0"},"/Users/andeladeveloper/Documents/Documents/More-Recipe/server/index.js":{"path":"/Users/andeladeveloper/Documents/Documents/More-Recipe/server/index.js","statementMap":{"0":{"start":{"line":3,"column":0},"end":{"line":5,"column":3}},"1":{"start":{"line":7,"column":15},"end":{"line":7,"column":33}},"2":{"start":{"line":9,"column":16},"end":{"line":9,"column":48}},"3":{"start":{"line":11,"column":18},"end":{"line":11,"column":40}},"4":{"start":{"line":13,"column":19},"end":{"line":13,"column":54}},"5":{"start":{"line":15,"column":14},"end":{"line":15,"column":31}},"6":{"start":{"line":17,"column":15},"end":{"line":17,"column":46}},"7":{"start":{"line":19,"column":12},"end":{"line":19,"column":27}},"8":{"start":{"line":21,"column":13},"end":{"line":21,"column":42}},"9":{"start":{"line":23,"column":12},"end":{"line":23,"column":27}},"10":{"start":{"line":25,"column":13},"end":{"line":25,"column":42}},"11":{"start":{"line":27,"column":13},"end":{"line":27,"column":38}},"12":{"start":{"line":29,"column":14},"end":{"line":29,"column":44}},"13":{"start":{"line":31,"column":39},"end":{"line":31,"column":93}},"14":{"start":{"line":33,"column":10},"end":{"line":33,"column":34}},"15":{"start":{"line":34,"column":11},"end":{"line":34,"column":35}},"16":{"start":{"line":36,"column":0},"end":{"line":36,"column":31}},"17":{"start":{"line":37,"column":0},"end":{"line":37,"column":37}},"18":{"start":{"line":38,"column":0},"end":{"line":38,"column":62}},"19":{"start":{"line":39,"column":0},"end":{"line":39,"column":69}},"20":{"start":{"line":39,"column":31},"end":{"line":39,"column":69}},"21":{"start":{"line":41,"column":0},"end":{"line":41,"column":88}},"22":{"start":{"line":43,"column":0},"end":{"line":43,"column":26}},"23":{"start":{"line":45,"column":0},"end":{"line":49,"column":3}},"24":{"start":{"line":46,"column":2},"end":{"line":48,"column":5}},"25":{"start":{"line":51,"column":0},"end":{"line":53,"column":3}},"26":{"start":{"line":52,"column":2},"end":{"line":52,"column":78}},"27":{"start":{"line":55,"column":0},"end":{"line":57,"column":3}},"28":{"start":{"line":56,"column":2},"end":{"line":56,"column":45}},"29":{"start":{"line":59,"column":0},"end":{"line":59,"column":22}}},"fnMap":{"0":{"name":"_interopRequireDefault","decl":{"start":{"line":31,"column":9},"end":{"line":31,"column":31}},"loc":{"start":{"line":31,"column":37},"end":{"line":31,"column":95}},"line":31},"1":{"name":"(anonymous_1)","decl":{"start":{"line":45,"column":21},"end":{"line":45,"column":22}},"loc":{"start":{"line":45,"column":41},"end":{"line":49,"column":1}},"line":45},"2":{"name":"(anonymous_2)","decl":{"start":{"line":51,"column":13},"end":{"line":51,"column":14}},"loc":{"start":{"line":51,"column":33},"end":{"line":53,"column":1}},"line":51},"3":{"name":"(anonymous_3)","decl":{"start":{"line":55,"column":17},"end":{"line":55,"column":18}},"loc":{"start":{"line":55,"column":29},"end":{"line":57,"column":1}},"line":55}},"branchMap":{"0":{"loc":{"start":{"line":31,"column":46},"end":{"line":31,"column":92}},"type":"cond-expr","locations":[{"start":{"line":31,"column":70},"end":{"line":31,"column":73}},{"start":{"line":31,"column":76},"end":{"line":31,"column":92}}],"line":31},"1":{"loc":{"start":{"line":31,"column":46},"end":{"line":31,"column":67}},"type":"binary-expr","locations":[{"start":{"line":31,"column":46},"end":{"line":31,"column":49}},{"start":{"line":31,"column":53},"end":{"line":31,"column":67}}],"line":31},"2":{"loc":{"start":{"line":34,"column":11},"end":{"line":34,"column":35}},"type":"binary-expr","locations":[{"start":{"line":34,"column":11},"end":{"line":34,"column":27}},{"start":{"line":34,"column":31},"end":{"line":34,"column":35}}],"line":34},"3":{"loc":{"start":{"line":39,"column":0},"end":{"line":39,"column":69}},"type":"if","locations":[{"start":{"line":39,"column":0},"end":{"line":39,"column":69}},{"start":{"line":39,"column":0},"end":{"line":39,"column":69}}],"line":39}},"s":{"0":1,"1":1,"2":1,"3":1,"4":1,"5":1,"6":1,"7":1,"8":1,"9":1,"10":1,"11":1,"12":1,"13":6,"14":1,"15":1,"16":1,"17":1,"18":1,"19":1,"20":0,"21":1,"22":1,"23":1,"24":1,"25":1,"26":0,"27":1,"28":1,"29":1},"f":{"0":6,"1":1,"2":0,"3":1},"b":{"0":[1,5],"1":[6,6],"2":[1,1],"3":[0,1]},"_coverageSchema":"332fd63041d2c1bcb487cc26dd0d5f7d97098a6c","hash":"ecf57e8c20e8d0bc92d23e92c1199f33ced36ed5","contentHash":"8db0bd2f4988a1d449e5945444cce773_11.3.0"},"/Users/andeladeveloper/Documents/Documents/More-Recipe/server/routes/index.js":{"path":"/Users/andeladeveloper/Documents/Documents/More-Recipe/server/routes/index.js","statementMap":{"0":{"start":{"line":3,"column":0},"end":{"line":5,"column":3}},"1":{"start":{"line":7,"column":15},"end":{"line":7,"column":48}},"2":{"start":{"line":9,"column":16},"end":{"line":9,"column":48}},"3":{"start":{"line":11,"column":13},"end":{"line":11,"column":44}},"4":{"start":{"line":13,"column":14},"end":{"line":13,"column":44}},"5":{"start":{"line":15,"column":15},"end":{"line":15,"column":48}},"6":{"start":{"line":17,"column":16},"end":{"line":17,"column":48}},"7":{"start":{"line":19,"column":16},"end":{"line":19,"column":50}},"8":{"start":{"line":21,"column":17},"end":{"line":21,"column":50}},"9":{"start":{"line":23,"column":21},"end":{"line":23,"column":59}},"10":{"start":{"line":25,"column":22},"end":{"line":25,"column":60}},"11":{"start":{"line":27,"column":39},"end":{"line":27,"column":93}},"12":{"start":{"line":30,"column":0},"end":{"line":54,"column":2}},"13":{"start":{"line":31,"column":2},"end":{"line":31,"column":62}},"14":{"start":{"line":32,"column":2},"end":{"line":32,"column":62}},"15":{"start":{"line":33,"column":2},"end":{"line":33,"column":99}},"16":{"start":{"line":34,"column":2},"end":{"line":34,"column":87}},"17":{"start":{"line":35,"column":2},"end":{"line":35,"column":113}},"18":{"start":{"line":36,"column":2},"end":{"line":36,"column":112}},"19":{"start":{"line":37,"column":2},"end":{"line":37,"column":117}},"20":{"start":{"line":38,"column":2},"end":{"line":38,"column":116}},"21":{"start":{"line":39,"column":2},"end":{"line":39,"column":70}},"22":{"start":{"line":40,"column":2},"end":{"line":40,"column":117}},"23":{"start":{"line":42,"column":2},"end":{"line":42,"column":128}},"24":{"start":{"line":43,"column":2},"end":{"line":43,"column":124}},"25":{"start":{"line":44,"column":2},"end":{"line":44,"column":107}},"26":{"start":{"line":45,"column":2},"end":{"line":45,"column":74}},"27":{"start":{"line":46,"column":2},"end":{"line":46,"column":124}},"28":{"start":{"line":47,"column":2},"end":{"line":47,"column":129}},"29":{"start":{"line":48,"column":2},"end":{"line":48,"column":66}},"30":{"start":{"line":49,"column":2},"end":{"line":49,"column":108}},"31":{"start":{"line":51,"column":2},"end":{"line":51,"column":139}},"32":{"start":{"line":52,"column":2},"end":{"line":52,"column":142}},"33":{"start":{"line":53,"column":2},"end":{"line":53,"column":114}}},"fnMap":{"0":{"name":"_interopRequireDefault","decl":{"start":{"line":27,"column":9},"end":{"line":27,"column":31}},"loc":{"start":{"line":27,"column":37},"end":{"line":27,"column":95}},"line":27},"1":{"name":"(anonymous_1)","decl":{"start":{"line":30,"column":18},"end":{"line":30,"column":19}},"loc":{"start":{"line":30,"column":36},"end":{"line":54,"column":1}},"line":30}},"branchMap":{"0":{"loc":{"start":{"line":27,"column":46},"end":{"line":27,"column":92}},"type":"cond-expr","locations":[{"start":{"line":27,"column":70},"end":{"line":27,"column":73}},{"start":{"line":27,"column":76},"end":{"line":27,"column":92}}],"line":27},"1":{"loc":{"start":{"line":27,"column":46},"end":{"line":27,"column":67}},"type":"binary-expr","locations":[{"start":{"line":27,"column":46},"end":{"line":27,"column":49}},{"start":{"line":27,"column":53},"end":{"line":27,"column":67}}],"line":27}},"s":{"0":1,"1":1,"2":1,"3":1,"4":1,"5":1,"6":1,"7":1,"8":1,"9":1,"10":1,"11":5,"12":1,"13":1,"14":1,"15":1,"16":1,"17":1,"18":1,"19":1,"20":1,"21":1,"22":1,"23":1,"24":1,"25":1,"26":1,"27":1,"28":1,"29":1,"30":1,"31":1,"32":1,"33":1},"f":{"0":5,"1":1},"b":{"0":[5,0],"1":[5,5]},"_coverageSchema":"332fd63041d2c1bcb487cc26dd0d5f7d97098a6c","hash":"221aed39b7dd8171cb86206ec2becea1ed5de1d4","contentHash":"e1743c5c068675ec4223d20c8c6a8aef_11.3.0"},"/Users/andeladeveloper/Documents/Documents/More-Recipe/server/controllers/recipes.js":{"path":"/Users/andeladeveloper/Documents/Documents/More-Recipe/server/controllers/recipes.js","statementMap":{"0":{"start":{"line":3,"column":0},"end":{"line":5,"column":3}},"1":{"start":{"line":7,"column":19},"end":{"line":7,"column":563}},"2":{"start":{"line":7,"column":76},"end":{"line":7,"column":347}},"3":{"start":{"line":7,"column":134},"end":{"line":7,"column":142}},"4":{"start":{"line":7,"column":144},"end":{"line":7,"column":199}},"5":{"start":{"line":7,"column":200},"end":{"line":7,"column":231}},"6":{"start":{"line":7,"column":232},"end":{"line":7,"column":286}},"7":{"start":{"line":7,"column":259},"end":{"line":7,"column":286}},"8":{"start":{"line":7,"column":287},"end":{"line":7,"column":345}},"9":{"start":{"line":7,"column":350},"end":{"line":7,"column":559}},"10":{"start":{"line":7,"column":407},"end":{"line":7,"column":475}},"11":{"start":{"line":7,"column":423},"end":{"line":7,"column":475}},"12":{"start":{"line":7,"column":476},"end":{"line":7,"column":536}},"13":{"start":{"line":7,"column":493},"end":{"line":7,"column":536}},"14":{"start":{"line":7,"column":537},"end":{"line":7,"column":556}},"15":{"start":{"line":9,"column":19},"end":{"line":9,"column":41}},"16":{"start":{"line":11,"column":20},"end":{"line":11,"column":56}},"17":{"start":{"line":13,"column":14},"end":{"line":13,"column":34}},"18":{"start":{"line":15,"column":14},"end":{"line":15,"column":45}},"19":{"start":{"line":17,"column":39},"end":{"line":17,"column":93}},"20":{"start":{"line":19,"column":50},"end":{"line":19,"column":151}},"21":{"start":{"line":19,"column":92},"end":{"line":19,"column":149}},"22":{"start":{"line":26,"column":18},"end":{"line":447,"column":3}},"23":{"start":{"line":28,"column":4},"end":{"line":28,"column":39}},"24":{"start":{"line":31,"column":2},"end":{"line":444,"column":6}},"25":{"start":{"line":41,"column":20},"end":{"line":41,"column":28}},"26":{"start":{"line":42,"column":16},"end":{"line":42,"column":36}},"27":{"start":{"line":43,"column":19},"end":{"line":45,"column":7}},"28":{"start":{"line":44,"column":8},"end":{"line":44,"column":45}},"29":{"start":{"line":46,"column":22},"end":{"line":46,"column":91}},"30":{"start":{"line":47,"column":6},"end":{"line":68,"column":7}},"31":{"start":{"line":48,"column":8},"end":{"line":65,"column":11}},"32":{"start":{"line":49,"column":10},"end":{"line":49,"column":106}},"33":{"start":{"line":49,"column":21},"end":{"line":49,"column":106}},"34":{"start":{"line":50,"column":10},"end":{"line":62,"column":13}},"35":{"start":{"line":59,"column":12},"end":{"line":59,"column":87}},"36":{"start":{"line":61,"column":12},"end":{"line":61,"column":92}},"37":{"start":{"line":64,"column":10},"end":{"line":64,"column":80}},"38":{"start":{"line":67,"column":8},"end":{"line":67,"column":83}},"39":{"start":{"line":83,"column":6},"end":{"line":90,"column":7}},"40":{"start":{"line":85,"column":8},"end":{"line":89,"column":11}},"41":{"start":{"line":86,"column":10},"end":{"line":86,"column":87}},"42":{"start":{"line":88,"column":10},"end":{"line":88,"column":85}},"43":{"start":{"line":92,"column":6},"end":{"line":103,"column":9}},"44":{"start":{"line":100,"column":8},"end":{"line":100,"column":85}},"45":{"start":{"line":102,"column":8},"end":{"line":102,"column":99}},"46":{"start":{"line":118,"column":6},"end":{"line":128,"column":9}},"47":{"start":{"line":125,"column":8},"end":{"line":125,"column":85}},"48":{"start":{"line":127,"column":8},"end":{"line":127,"column":99}},"49":{"start":{"line":143,"column":6},"end":{"line":152,"column":9}},"50":{"start":{"line":149,"column":8},"end":{"line":149,"column":73}},"51":{"start":{"line":151,"column":8},"end":{"line":151,"column":107}},"52":{"start":{"line":168,"column":6},"end":{"line":176,"column":9}},"53":{"start":{"line":173,"column":8},"end":{"line":173,"column":70}},"54":{"start":{"line":175,"column":8},"end":{"line":175,"column":99}},"55":{"start":{"line":191,"column":6},"end":{"line":221,"column":9}},"56":{"start":{"line":200,"column":8},"end":{"line":202,"column":9}},"57":{"start":{"line":201,"column":10},"end":{"line":201,"column":99}},"58":{"start":{"line":203,"column":8},"end":{"line":216,"column":9}},"59":{"start":{"line":204,"column":10},"end":{"line":210,"column":11}},"60":{"start":{"line":205,"column":12},"end":{"line":209,"column":15}},"61":{"start":{"line":211,"column":10},"end":{"line":215,"column":13}},"62":{"start":{"line":218,"column":8},"end":{"line":218,"column":83}},"63":{"start":{"line":220,"column":8},"end":{"line":220,"column":90}},"64":{"start":{"line":235,"column":16},"end":{"line":235,"column":36}},"65":{"start":{"line":236,"column":19},"end":{"line":238,"column":7}},"66":{"start":{"line":237,"column":8},"end":{"line":237,"column":45}},"67":{"start":{"line":239,"column":6},"end":{"line":254,"column":9}},"68":{"start":{"line":240,"column":8},"end":{"line":240,"column":109}},"69":{"start":{"line":240,"column":21},"end":{"line":240,"column":109}},"70":{"start":{"line":241,"column":8},"end":{"line":251,"column":11}},"71":{"start":{"line":247,"column":10},"end":{"line":247,"column":70}},"72":{"start":{"line":250,"column":10},"end":{"line":250,"column":104}},"73":{"start":{"line":253,"column":8},"end":{"line":253,"column":83}},"74":{"start":{"line":269,"column":6},"end":{"line":278,"column":9}},"75":{"start":{"line":270,"column":8},"end":{"line":274,"column":9}},"76":{"start":{"line":271,"column":10},"end":{"line":271,"column":111}},"77":{"start":{"line":272,"column":15},"end":{"line":274,"column":9}},"78":{"start":{"line":273,"column":10},"end":{"line":273,"column":111}},"79":{"start":{"line":275,"column":8},"end":{"line":275,"column":110}},"80":{"start":{"line":277,"column":8},"end":{"line":277,"column":80}},"81":{"start":{"line":293,"column":6},"end":{"line":347,"column":9}},"82":{"start":{"line":294,"column":8},"end":{"line":296,"column":9}},"83":{"start":{"line":295,"column":10},"end":{"line":295,"column":98}},"84":{"start":{"line":297,"column":8},"end":{"line":344,"column":9}},"85":{"start":{"line":299,"column":29},"end":{"line":299,"column":48}},"86":{"start":{"line":300,"column":27},"end":{"line":300,"column":44}},"87":{"start":{"line":302,"column":10},"end":{"line":333,"column":11}},"88":{"start":{"line":304,"column":27},"end":{"line":304,"column":69}},"89":{"start":{"line":305,"column":12},"end":{"line":305,"column":62}},"90":{"start":{"line":305,"column":31},"end":{"line":305,"column":62}},"91":{"start":{"line":306,"column":12},"end":{"line":314,"column":15}},"92":{"start":{"line":311,"column":14},"end":{"line":311,"column":90}},"93":{"start":{"line":313,"column":14},"end":{"line":313,"column":105}},"94":{"start":{"line":315,"column":17},"end":{"line":333,"column":11}},"95":{"start":{"line":317,"column":28},"end":{"line":317,"column":72}},"96":{"start":{"line":318,"column":12},"end":{"line":320,"column":13}},"97":{"start":{"line":319,"column":14},"end":{"line":319,"column":48}},"98":{"start":{"line":321,"column":12},"end":{"line":321,"column":51}},"99":{"start":{"line":322,"column":12},"end":{"line":332,"column":15}},"100":{"start":{"line":329,"column":14},"end":{"line":329,"column":89}},"101":{"start":{"line":331,"column":14},"end":{"line":331,"column":105}},"102":{"start":{"line":334,"column":10},"end":{"line":334,"column":49}},"103":{"start":{"line":335,"column":10},"end":{"line":343,"column":13}},"104":{"start":{"line":340,"column":12},"end":{"line":340,"column":87}},"105":{"start":{"line":342,"column":12},"end":{"line":342,"column":103}},"106":{"start":{"line":346,"column":8},"end":{"line":346,"column":99}},"107":{"start":{"line":363,"column":6},"end":{"line":419,"column":9}},"108":{"start":{"line":364,"column":8},"end":{"line":364,"column":109}},"109":{"start":{"line":364,"column":21},"end":{"line":364,"column":109}},"110":{"start":{"line":365,"column":8},"end":{"line":416,"column":9}},"111":{"start":{"line":366,"column":29},"end":{"line":366,"column":48}},"112":{"start":{"line":367,"column":27},"end":{"line":367,"column":44}},"113":{"start":{"line":369,"column":10},"end":{"line":404,"column":11}},"114":{"start":{"line":371,"column":27},"end":{"line":371,"column":71}},"115":{"start":{"line":372,"column":12},"end":{"line":374,"column":13}},"116":{"start":{"line":373,"column":14},"end":{"line":373,"column":47}},"117":{"start":{"line":375,"column":12},"end":{"line":384,"column":15}},"118":{"start":{"line":380,"column":14},"end":{"line":380,"column":74}},"119":{"start":{"line":383,"column":14},"end":{"line":383,"column":105}},"120":{"start":{"line":385,"column":17},"end":{"line":404,"column":11}},"121":{"start":{"line":387,"column":29},"end":{"line":387,"column":71}},"122":{"start":{"line":388,"column":12},"end":{"line":390,"column":13}},"123":{"start":{"line":389,"column":14},"end":{"line":389,"column":47}},"124":{"start":{"line":391,"column":12},"end":{"line":391,"column":53}},"125":{"start":{"line":392,"column":12},"end":{"line":403,"column":15}},"126":{"start":{"line":399,"column":14},"end":{"line":399,"column":74}},"127":{"start":{"line":402,"column":14},"end":{"line":402,"column":105}},"128":{"start":{"line":405,"column":10},"end":{"line":405,"column":51}},"129":{"start":{"line":406,"column":10},"end":{"line":415,"column":13}},"130":{"start":{"line":411,"column":12},"end":{"line":411,"column":72}},"131":{"start":{"line":414,"column":12},"end":{"line":414,"column":103}},"132":{"start":{"line":418,"column":8},"end":{"line":418,"column":99}},"133":{"start":{"line":433,"column":6},"end":{"line":442,"column":9}},"134":{"start":{"line":434,"column":8},"end":{"line":434,"column":109}},"135":{"start":{"line":434,"column":21},"end":{"line":434,"column":109}},"136":{"start":{"line":435,"column":8},"end":{"line":439,"column":11}},"137":{"start":{"line":436,"column":10},"end":{"line":436,"column":95}},"138":{"start":{"line":438,"column":10},"end":{"line":438,"column":101}},"139":{"start":{"line":441,"column":8},"end":{"line":441,"column":99}},"140":{"start":{"line":446,"column":2},"end":{"line":446,"column":21}},"141":{"start":{"line":449,"column":0},"end":{"line":449,"column":30}}},"fnMap":{"0":{"name":"(anonymous_0)","decl":{"start":{"line":7,"column":19},"end":{"line":7,"column":20}},"loc":{"start":{"line":7,"column":31},"end":{"line":7,"column":561}},"line":7},"1":{"name":"defineProperties","decl":{"start":{"line":7,"column":42},"end":{"line":7,"column":58}},"loc":{"start":{"line":7,"column":74},"end":{"line":7,"column":349}},"line":7},"2":{"name":"(anonymous_2)","decl":{"start":{"line":7,"column":357},"end":{"line":7,"column":358}},"loc":{"start":{"line":7,"column":405},"end":{"line":7,"column":558}},"line":7},"3":{"name":"_interopRequireDefault","decl":{"start":{"line":17,"column":9},"end":{"line":17,"column":31}},"loc":{"start":{"line":17,"column":37},"end":{"line":17,"column":95}},"line":17},"4":{"name":"_classCallCheck","decl":{"start":{"line":19,"column":9},"end":{"line":19,"column":24}},"loc":{"start":{"line":19,"column":48},"end":{"line":19,"column":153}},"line":19},"5":{"name":"(anonymous_5)","decl":{"start":{"line":26,"column":18},"end":{"line":26,"column":19}},"loc":{"start":{"line":26,"column":30},"end":{"line":447,"column":1}},"line":26},"6":{"name":"moreRecipes","decl":{"start":{"line":27,"column":11},"end":{"line":27,"column":22}},"loc":{"start":{"line":27,"column":25},"end":{"line":29,"column":3}},"line":27},"7":{"name":"addRecipe","decl":{"start":{"line":40,"column":20},"end":{"line":40,"column":29}},"loc":{"start":{"line":40,"column":40},"end":{"line":69,"column":5}},"line":40},"8":{"name":"getArr","decl":{"start":{"line":43,"column":28},"end":{"line":43,"column":34}},"loc":{"start":{"line":43,"column":42},"end":{"line":45,"column":7}},"line":43},"9":{"name":"(anonymous_9)","decl":{"start":{"line":48,"column":52},"end":{"line":48,"column":53}},"loc":{"start":{"line":48,"column":68},"end":{"line":63,"column":9}},"line":48},"10":{"name":"(anonymous_10)","decl":{"start":{"line":58,"column":18},"end":{"line":58,"column":19}},"loc":{"start":{"line":58,"column":36},"end":{"line":60,"column":11}},"line":58},"11":{"name":"(anonymous_11)","decl":{"start":{"line":60,"column":19},"end":{"line":60,"column":20}},"loc":{"start":{"line":60,"column":31},"end":{"line":62,"column":11}},"line":60},"12":{"name":"(anonymous_12)","decl":{"start":{"line":63,"column":17},"end":{"line":63,"column":18}},"loc":{"start":{"line":63,"column":29},"end":{"line":65,"column":9}},"line":63},"13":{"name":"listRecipes","decl":{"start":{"line":82,"column":20},"end":{"line":82,"column":31}},"loc":{"start":{"line":82,"column":42},"end":{"line":104,"column":5}},"line":82},"14":{"name":"(anonymous_14)","decl":{"start":{"line":85,"column":88},"end":{"line":85,"column":89}},"loc":{"start":{"line":85,"column":107},"end":{"line":87,"column":9}},"line":85},"15":{"name":"(anonymous_15)","decl":{"start":{"line":87,"column":17},"end":{"line":87,"column":18}},"loc":{"start":{"line":87,"column":29},"end":{"line":89,"column":9}},"line":87},"16":{"name":"(anonymous_16)","decl":{"start":{"line":99,"column":14},"end":{"line":99,"column":15}},"loc":{"start":{"line":99,"column":33},"end":{"line":101,"column":7}},"line":99},"17":{"name":"(anonymous_17)","decl":{"start":{"line":101,"column":15},"end":{"line":101,"column":16}},"loc":{"start":{"line":101,"column":27},"end":{"line":103,"column":7}},"line":101},"18":{"name":"listRecipeCategory","decl":{"start":{"line":117,"column":20},"end":{"line":117,"column":38}},"loc":{"start":{"line":117,"column":49},"end":{"line":129,"column":5}},"line":117},"19":{"name":"(anonymous_19)","decl":{"start":{"line":124,"column":14},"end":{"line":124,"column":15}},"loc":{"start":{"line":124,"column":33},"end":{"line":126,"column":7}},"line":124},"20":{"name":"(anonymous_20)","decl":{"start":{"line":126,"column":15},"end":{"line":126,"column":16}},"loc":{"start":{"line":126,"column":27},"end":{"line":128,"column":7}},"line":126},"21":{"name":"listPrivateRecipes","decl":{"start":{"line":142,"column":20},"end":{"line":142,"column":38}},"loc":{"start":{"line":142,"column":49},"end":{"line":153,"column":5}},"line":142},"22":{"name":"(anonymous_22)","decl":{"start":{"line":148,"column":14},"end":{"line":148,"column":15}},"loc":{"start":{"line":148,"column":33},"end":{"line":150,"column":7}},"line":148},"23":{"name":"(anonymous_23)","decl":{"start":{"line":150,"column":15},"end":{"line":150,"column":16}},"loc":{"start":{"line":150,"column":27},"end":{"line":152,"column":7}},"line":150},"24":{"name":"SearchRecipe","decl":{"start":{"line":167,"column":20},"end":{"line":167,"column":32}},"loc":{"start":{"line":167,"column":43},"end":{"line":177,"column":5}},"line":167},"25":{"name":"(anonymous_25)","decl":{"start":{"line":172,"column":14},"end":{"line":172,"column":15}},"loc":{"start":{"line":172,"column":33},"end":{"line":174,"column":7}},"line":172},"26":{"name":"(anonymous_26)","decl":{"start":{"line":174,"column":15},"end":{"line":174,"column":16}},"loc":{"start":{"line":174,"column":27},"end":{"line":176,"column":7}},"line":174},"27":{"name":"getRecipe","decl":{"start":{"line":190,"column":20},"end":{"line":190,"column":29}},"loc":{"start":{"line":190,"column":40},"end":{"line":222,"column":5}},"line":190},"28":{"name":"(anonymous_28)","decl":{"start":{"line":199,"column":14},"end":{"line":199,"column":15}},"loc":{"start":{"line":199,"column":32},"end":{"line":217,"column":7}},"line":199},"29":{"name":"(anonymous_29)","decl":{"start":{"line":217,"column":14},"end":{"line":217,"column":15}},"loc":{"start":{"line":217,"column":32},"end":{"line":219,"column":7}},"line":217},"30":{"name":"(anonymous_30)","decl":{"start":{"line":219,"column":15},"end":{"line":219,"column":16}},"loc":{"start":{"line":219,"column":27},"end":{"line":221,"column":7}},"line":219},"31":{"name":"updateRecipe","decl":{"start":{"line":234,"column":20},"end":{"line":234,"column":32}},"loc":{"start":{"line":234,"column":43},"end":{"line":255,"column":5}},"line":234},"32":{"name":"getArr","decl":{"start":{"line":236,"column":28},"end":{"line":236,"column":34}},"loc":{"start":{"line":236,"column":42},"end":{"line":238,"column":7}},"line":236},"33":{"name":"(anonymous_33)","decl":{"start":{"line":239,"column":64},"end":{"line":239,"column":65}},"loc":{"start":{"line":239,"column":82},"end":{"line":252,"column":7}},"line":239},"34":{"name":"(anonymous_34)","decl":{"start":{"line":246,"column":16},"end":{"line":246,"column":17}},"loc":{"start":{"line":246,"column":28},"end":{"line":248,"column":9}},"line":246},"35":{"name":"(anonymous_35)","decl":{"start":{"line":249,"column":15},"end":{"line":249,"column":16}},"loc":{"start":{"line":249,"column":27},"end":{"line":251,"column":9}},"line":249},"36":{"name":"(anonymous_36)","decl":{"start":{"line":252,"column":15},"end":{"line":252,"column":16}},"loc":{"start":{"line":252,"column":27},"end":{"line":254,"column":7}},"line":252},"37":{"name":"checkReactions","decl":{"start":{"line":268,"column":20},"end":{"line":268,"column":34}},"loc":{"start":{"line":268,"column":45},"end":{"line":279,"column":5}},"line":268},"38":{"name":"(anonymous_38)","decl":{"start":{"line":269,"column":64},"end":{"line":269,"column":65}},"loc":{"start":{"line":269,"column":82},"end":{"line":276,"column":7}},"line":269},"39":{"name":"(anonymous_39)","decl":{"start":{"line":276,"column":15},"end":{"line":276,"column":16}},"loc":{"start":{"line":276,"column":27},"end":{"line":278,"column":7}},"line":276},"40":{"name":"upvote","decl":{"start":{"line":292,"column":20},"end":{"line":292,"column":26}},"loc":{"start":{"line":292,"column":37},"end":{"line":348,"column":5}},"line":292},"41":{"name":"(anonymous_41)","decl":{"start":{"line":293,"column":64},"end":{"line":293,"column":65}},"loc":{"start":{"line":293,"column":82},"end":{"line":345,"column":7}},"line":293},"42":{"name":"(anonymous_42)","decl":{"start":{"line":310,"column":20},"end":{"line":310,"column":21}},"loc":{"start":{"line":310,"column":32},"end":{"line":312,"column":13}},"line":310},"43":{"name":"(anonymous_43)","decl":{"start":{"line":312,"column":21},"end":{"line":312,"column":22}},"loc":{"start":{"line":312,"column":33},"end":{"line":314,"column":13}},"line":312},"44":{"name":"(anonymous_44)","decl":{"start":{"line":328,"column":20},"end":{"line":328,"column":21}},"loc":{"start":{"line":328,"column":32},"end":{"line":330,"column":13}},"line":328},"45":{"name":"(anonymous_45)","decl":{"start":{"line":330,"column":21},"end":{"line":330,"column":22}},"loc":{"start":{"line":330,"column":33},"end":{"line":332,"column":13}},"line":330},"46":{"name":"(anonymous_46)","decl":{"start":{"line":339,"column":18},"end":{"line":339,"column":19}},"loc":{"start":{"line":339,"column":30},"end":{"line":341,"column":11}},"line":339},"47":{"name":"(anonymous_47)","decl":{"start":{"line":341,"column":19},"end":{"line":341,"column":20}},"loc":{"start":{"line":341,"column":31},"end":{"line":343,"column":11}},"line":341},"48":{"name":"(anonymous_48)","decl":{"start":{"line":345,"column":15},"end":{"line":345,"column":16}},"loc":{"start":{"line":345,"column":27},"end":{"line":347,"column":7}},"line":345},"49":{"name":"downvote","decl":{"start":{"line":362,"column":20},"end":{"line":362,"column":28}},"loc":{"start":{"line":362,"column":39},"end":{"line":420,"column":5}},"line":362},"50":{"name":"(anonymous_50)","decl":{"start":{"line":363,"column":64},"end":{"line":363,"column":65}},"loc":{"start":{"line":363,"column":82},"end":{"line":417,"column":7}},"line":363},"51":{"name":"(anonymous_51)","decl":{"start":{"line":379,"column":20},"end":{"line":379,"column":21}},"loc":{"start":{"line":379,"column":32},"end":{"line":381,"column":13}},"line":379},"52":{"name":"(anonymous_52)","decl":{"start":{"line":382,"column":19},"end":{"line":382,"column":20}},"loc":{"start":{"line":382,"column":31},"end":{"line":384,"column":13}},"line":382},"53":{"name":"(anonymous_53)","decl":{"start":{"line":398,"column":20},"end":{"line":398,"column":21}},"loc":{"start":{"line":398,"column":32},"end":{"line":400,"column":13}},"line":398},"54":{"name":"(anonymous_54)","decl":{"start":{"line":401,"column":19},"end":{"line":401,"column":20}},"loc":{"start":{"line":401,"column":31},"end":{"line":403,"column":13}},"line":401},"55":{"name":"(anonymous_55)","decl":{"start":{"line":410,"column":18},"end":{"line":410,"column":19}},"loc":{"start":{"line":410,"column":30},"end":{"line":412,"column":11}},"line":410},"56":{"name":"(anonymous_56)","decl":{"start":{"line":413,"column":17},"end":{"line":413,"column":18}},"loc":{"start":{"line":413,"column":29},"end":{"line":415,"column":11}},"line":413},"57":{"name":"(anonymous_57)","decl":{"start":{"line":417,"column":15},"end":{"line":417,"column":16}},"loc":{"start":{"line":417,"column":27},"end":{"line":419,"column":7}},"line":417},"58":{"name":"deleteRecipe","decl":{"start":{"line":432,"column":20},"end":{"line":432,"column":32}},"loc":{"start":{"line":432,"column":43},"end":{"line":443,"column":5}},"line":432},"59":{"name":"(anonymous_59)","decl":{"start":{"line":433,"column":64},"end":{"line":433,"column":65}},"loc":{"start":{"line":433,"column":82},"end":{"line":440,"column":7}},"line":433},"60":{"name":"(anonymous_60)","decl":{"start":{"line":435,"column":37},"end":{"line":435,"column":38}},"loc":{"start":{"line":435,"column":49},"end":{"line":437,"column":9}},"line":435},"61":{"name":"(anonymous_61)","decl":{"start":{"line":437,"column":17},"end":{"line":437,"column":18}},"loc":{"start":{"line":437,"column":29},"end":{"line":439,"column":9}},"line":437},"62":{"name":"(anonymous_62)","decl":{"start":{"line":440,"column":15},"end":{"line":440,"column":16}},"loc":{"start":{"line":440,"column":27},"end":{"line":442,"column":7}},"line":440}},"branchMap":{"0":{"loc":{"start":{"line":7,"column":168},"end":{"line":7,"column":198}},"type":"binary-expr","locations":[{"start":{"line":7,"column":168},"end":{"line":7,"column":189}},{"start":{"line":7,"column":193},"end":{"line":7,"column":198}}],"line":7},"1":{"loc":{"start":{"line":7,"column":232},"end":{"line":7,"column":286}},"type":"if","locations":[{"start":{"line":7,"column":232},"end":{"line":7,"column":286}},{"start":{"line":7,"column":232},"end":{"line":7,"column":286}}],"line":7},"2":{"loc":{"start":{"line":7,"column":407},"end":{"line":7,"column":475}},"type":"if","locations":[{"start":{"line":7,"column":407},"end":{"line":7,"column":475}},{"start":{"line":7,"column":407},"end":{"line":7,"column":475}}],"line":7},"3":{"loc":{"start":{"line":7,"column":476},"end":{"line":7,"column":536}},"type":"if","locations":[{"start":{"line":7,"column":476},"end":{"line":7,"column":536}},{"start":{"line":7,"column":476},"end":{"line":7,"column":536}}],"line":7},"4":{"loc":{"start":{"line":17,"column":46},"end":{"line":17,"column":92}},"type":"cond-expr","locations":[{"start":{"line":17,"column":70},"end":{"line":17,"column":73}},{"start":{"line":17,"column":76},"end":{"line":17,"column":92}}],"line":17},"5":{"loc":{"start":{"line":17,"column":46},"end":{"line":17,"column":67}},"type":"binary-expr","locations":[{"start":{"line":17,"column":46},"end":{"line":17,"column":49}},{"start":{"line":17,"column":53},"end":{"line":17,"column":67}}],"line":17},"6":{"loc":{"start":{"line":19,"column":50},"end":{"line":19,"column":151}},"type":"if","locations":[{"start":{"line":19,"column":50},"end":{"line":19,"column":151}},{"start":{"line":19,"column":50},"end":{"line":19,"column":151}}],"line":19},"7":{"loc":{"start":{"line":47,"column":6},"end":{"line":68,"column":7}},"type":"if","locations":[{"start":{"line":47,"column":6},"end":{"line":68,"column":7}},{"start":{"line":47,"column":6},"end":{"line":68,"column":7}}],"line":47},"8":{"loc":{"start":{"line":49,"column":10},"end":{"line":49,"column":106}},"type":"if","locations":[{"start":{"line":49,"column":10},"end":{"line":49,"column":106}},{"start":{"line":49,"column":10},"end":{"line":49,"column":106}}],"line":49},"9":{"loc":{"start":{"line":83,"column":6},"end":{"line":90,"column":7}},"type":"if","locations":[{"start":{"line":83,"column":6},"end":{"line":90,"column":7}},{"start":{"line":83,"column":6},"end":{"line":90,"column":7}}],"line":83},"10":{"loc":{"start":{"line":83,"column":10},"end":{"line":83,"column":43}},"type":"binary-expr","locations":[{"start":{"line":83,"column":10},"end":{"line":83,"column":24}},{"start":{"line":83,"column":28},"end":{"line":83,"column":43}}],"line":83},"11":{"loc":{"start":{"line":144,"column":15},"end":{"line":144,"column":36}},"type":"binary-expr","locations":[{"start":{"line":144,"column":15},"end":{"line":144,"column":31}},{"start":{"line":144,"column":35},"end":{"line":144,"column":36}}],"line":144},"12":{"loc":{"start":{"line":200,"column":8},"end":{"line":202,"column":9}},"type":"if","locations":[{"start":{"line":200,"column":8},"end":{"line":202,"column":9}},{"start":{"line":200,"column":8},"end":{"line":202,"column":9}}],"line":200},"13":{"loc":{"start":{"line":203,"column":8},"end":{"line":216,"column":9}},"type":"if","locations":[{"start":{"line":203,"column":8},"end":{"line":216,"column":9}},{"start":{"line":203,"column":8},"end":{"line":216,"column":9}}],"line":203},"14":{"loc":{"start":{"line":204,"column":10},"end":{"line":210,"column":11}},"type":"if","locations":[{"start":{"line":204,"column":10},"end":{"line":210,"column":11}},{"start":{"line":204,"column":10},"end":{"line":210,"column":11}}],"line":204},"15":{"loc":{"start":{"line":240,"column":8},"end":{"line":240,"column":109}},"type":"if","locations":[{"start":{"line":240,"column":8},"end":{"line":240,"column":109}},{"start":{"line":240,"column":8},"end":{"line":240,"column":109}}],"line":240},"16":{"loc":{"start":{"line":242,"column":16},"end":{"line":242,"column":44}},"type":"binary-expr","locations":[{"start":{"line":242,"column":16},"end":{"line":242,"column":29}},{"start":{"line":242,"column":33},"end":{"line":242,"column":44}}],"line":242},"17":{"loc":{"start":{"line":243,"column":21},"end":{"line":243,"column":59}},"type":"binary-expr","locations":[{"start":{"line":243,"column":21},"end":{"line":243,"column":39}},{"start":{"line":243,"column":43},"end":{"line":243,"column":59}}],"line":243},"18":{"loc":{"start":{"line":244,"column":23},"end":{"line":244,"column":65}},"type":"binary-expr","locations":[{"start":{"line":244,"column":23},"end":{"line":244,"column":43}},{"start":{"line":244,"column":47},"end":{"line":244,"column":65}}],"line":244},"19":{"loc":{"start":{"line":245,"column":23},"end":{"line":245,"column":56}},"type":"binary-expr","locations":[{"start":{"line":245,"column":23},"end":{"line":245,"column":34}},{"start":{"line":245,"column":38},"end":{"line":245,"column":56}}],"line":245},"20":{"loc":{"start":{"line":270,"column":8},"end":{"line":274,"column":9}},"type":"if","locations":[{"start":{"line":270,"column":8},"end":{"line":274,"column":9}},{"start":{"line":270,"column":8},"end":{"line":274,"column":9}}],"line":270},"21":{"loc":{"start":{"line":272,"column":15},"end":{"line":274,"column":9}},"type":"if","locations":[{"start":{"line":272,"column":15},"end":{"line":274,"column":9}},{"start":{"line":272,"column":15},"end":{"line":274,"column":9}}],"line":272},"22":{"loc":{"start":{"line":294,"column":8},"end":{"line":296,"column":9}},"type":"if","locations":[{"start":{"line":294,"column":8},"end":{"line":296,"column":9}},{"start":{"line":294,"column":8},"end":{"line":296,"column":9}}],"line":294},"23":{"loc":{"start":{"line":297,"column":8},"end":{"line":344,"column":9}},"type":"if","locations":[{"start":{"line":297,"column":8},"end":{"line":344,"column":9}},{"start":{"line":297,"column":8},"end":{"line":344,"column":9}}],"line":297},"24":{"loc":{"start":{"line":302,"column":10},"end":{"line":333,"column":11}},"type":"if","locations":[{"start":{"line":302,"column":10},"end":{"line":333,"column":11}},{"start":{"line":302,"column":10},"end":{"line":333,"column":11}}],"line":302},"25":{"loc":{"start":{"line":305,"column":12},"end":{"line":305,"column":62}},"type":"if","locations":[{"start":{"line":305,"column":12},"end":{"line":305,"column":62}},{"start":{"line":305,"column":12},"end":{"line":305,"column":62}}],"line":305},"26":{"loc":{"start":{"line":315,"column":17},"end":{"line":333,"column":11}},"type":"if","locations":[{"start":{"line":315,"column":17},"end":{"line":333,"column":11}},{"start":{"line":315,"column":17},"end":{"line":333,"column":11}}],"line":315},"27":{"loc":{"start":{"line":315,"column":21},"end":{"line":315,"column":125}},"type":"binary-expr","locations":[{"start":{"line":315,"column":21},"end":{"line":315,"column":70}},{"start":{"line":315,"column":74},"end":{"line":315,"column":125}}],"line":315},"28":{"loc":{"start":{"line":318,"column":12},"end":{"line":320,"column":13}},"type":"if","locations":[{"start":{"line":318,"column":12},"end":{"line":320,"column":13}},{"start":{"line":318,"column":12},"end":{"line":320,"column":13}}],"line":318},"29":{"loc":{"start":{"line":364,"column":8},"end":{"line":364,"column":109}},"type":"if","locations":[{"start":{"line":364,"column":8},"end":{"line":364,"column":109}},{"start":{"line":364,"column":8},"end":{"line":364,"column":109}}],"line":364},"30":{"loc":{"start":{"line":365,"column":8},"end":{"line":416,"column":9}},"type":"if","locations":[{"start":{"line":365,"column":8},"end":{"line":416,"column":9}},{"start":{"line":365,"column":8},"end":{"line":416,"column":9}}],"line":365},"31":{"loc":{"start":{"line":369,"column":10},"end":{"line":404,"column":11}},"type":"if","locations":[{"start":{"line":369,"column":10},"end":{"line":404,"column":11}},{"start":{"line":369,"column":10},"end":{"line":404,"column":11}}],"line":369},"32":{"loc":{"start":{"line":372,"column":12},"end":{"line":374,"column":13}},"type":"if","locations":[{"start":{"line":372,"column":12},"end":{"line":374,"column":13}},{"start":{"line":372,"column":12},"end":{"line":374,"column":13}}],"line":372},"33":{"loc":{"start":{"line":385,"column":17},"end":{"line":404,"column":11}},"type":"if","locations":[{"start":{"line":385,"column":17},"end":{"line":404,"column":11}},{"start":{"line":385,"column":17},"end":{"line":404,"column":11}}],"line":385},"34":{"loc":{"start":{"line":385,"column":21},"end":{"line":385,"column":125}},"type":"binary-expr","locations":[{"start":{"line":385,"column":21},"end":{"line":385,"column":72}},{"start":{"line":385,"column":76},"end":{"line":385,"column":125}}],"line":385},"35":{"loc":{"start":{"line":388,"column":12},"end":{"line":390,"column":13}},"type":"if","locations":[{"start":{"line":388,"column":12},"end":{"line":390,"column":13}},{"start":{"line":388,"column":12},"end":{"line":390,"column":13}}],"line":388},"36":{"loc":{"start":{"line":434,"column":8},"end":{"line":434,"column":109}},"type":"if","locations":[{"start":{"line":434,"column":8},"end":{"line":434,"column":109}},{"start":{"line":434,"column":8},"end":{"line":434,"column":109}}],"line":434}},"s":{"0":1,"1":1,"2":1,"3":11,"4":11,"5":11,"6":11,"7":11,"8":11,"9":1,"10":1,"11":0,"12":1,"13":1,"14":1,"15":1,"16":1,"17":1,"18":1,"19":1,"20":0,"21":0,"22":1,"23":0,"24":1,"25":1,"26":1,"27":1,"28":1,"29":1,"30":1,"31":1,"32":1,"33":0,"34":1,"35":1,"36":0,"37":0,"38":0,"39":1,"40":0,"41":0,"42":0,"43":1,"44":1,"45":0,"46":0,"47":0,"48":0,"49":1,"50":1,"51":0,"52":1,"53":1,"54":0,"55":1,"56":1,"57":0,"58":1,"59":1,"60":0,"61":1,"62":1,"63":0,"64":1,"65":1,"66":1,"67":1,"68":1,"69":0,"70":1,"71":1,"72":0,"73":0,"74":1,"75":1,"76":0,"77":1,"78":1,"79":0,"80":0,"81":2,"82":2,"83":1,"84":1,"85":1,"86":1,"87":1,"88":0,"89":0,"90":0,"91":0,"92":0,"93":0,"94":1,"95":0,"96":0,"97":0,"98":0,"99":0,"100":0,"101":0,"102":1,"103":1,"104":1,"105":0,"106":0,"107":2,"108":2,"109":1,"110":1,"111":1,"112":1,"113":1,"114":0,"115":0,"116":0,"117":0,"118":0,"119":0,"120":1,"121":1,"122":1,"123":1,"124":1,"125":1,"126":1,"127":0,"128":0,"129":0,"130":0,"131":0,"132":0,"133":2,"134":2,"135":1,"136":1,"137":1,"138":0,"139":0,"140":1,"141":1},"f":{"0":1,"1":1,"2":1,"3":1,"4":0,"5":1,"6":0,"7":1,"8":1,"9":1,"10":1,"11":0,"12":0,"13":1,"14":0,"15":0,"16":1,"17":0,"18":0,"19":0,"20":0,"21":1,"22":1,"23":0,"24":1,"25":1,"26":0,"27":1,"28":1,"29":1,"30":0,"31":1,"32":1,"33":1,"34":1,"35":0,"36":0,"37":1,"38":1,"39":0,"40":2,"41":2,"42":0,"43":0,"44":0,"45":0,"46":1,"47":0,"48":0,"49":2,"50":2,"51":0,"52":0,"53":1,"54":0,"55":0,"56":0,"57":0,"58":2,"59":2,"60":1,"61":0,"62":0},"b":{"0":[11,11],"1":[11,0],"2":[0,1],"3":[1,0],"4":[0,1],"5":[1,1],"6":[0,0],"7":[1,0],"8":[0,1],"9":[0,1],"10":[1,0],"11":[1,0],"12":[0,1],"13":[1,0],"14":[0,1],"15":[0,1],"16":[1,0],"17":[1,0],"18":[1,0],"19":[1,0],"20":[0,1],"21":[1,0],"22":[1,1],"23":[1,0],"24":[0,1],"25":[0,0],"26":[0,1],"27":[1,1],"28":[0,0],"29":[1,1],"30":[1,0],"31":[0,1],"32":[0,0],"33":[1,0],"34":[1,1],"35":[1,0],"36":[1,1]},"_coverageSchema":"332fd63041d2c1bcb487cc26dd0d5f7d97098a6c","hash":"17ff562c5cd361ab1d5b6727195d2866cbab508b","contentHash":"5848509df8d387e850a40958148fd695_11.3.0"},"/Users/andeladeveloper/Documents/Documents/More-Recipe/server/models/index.js":{"path":"/Users/andeladeveloper/Documents/Documents/More-Recipe/server/models/index.js","statementMap":{"0":{"start":{"line":3,"column":10},"end":{"line":3,"column":23}},"1":{"start":{"line":5,"column":11},"end":{"line":5,"column":38}},"2":{"start":{"line":7,"column":12},"end":{"line":7,"column":27}},"3":{"start":{"line":9,"column":13},"end":{"line":9,"column":42}},"4":{"start":{"line":11,"column":17},"end":{"line":11,"column":37}},"5":{"start":{"line":13,"column":18},"end":{"line":13,"column":52}},"6":{"start":{"line":15,"column":39},"end":{"line":15,"column":93}},"7":{"start":{"line":17,"column":15},"end":{"line":17,"column":55}},"8":{"start":{"line":18,"column":10},"end":{"line":18,"column":47}},"9":{"start":{"line":19,"column":13},"end":{"line":19,"column":63}},"10":{"start":{"line":20,"column":9},"end":{"line":20,"column":11}},"11":{"start":{"line":22,"column":16},"end":{"line":22,"column":22}},"12":{"start":{"line":23,"column":0},"end":{"line":27,"column":1}},"13":{"start":{"line":24,"column":2},"end":{"line":24,"column":76}},"14":{"start":{"line":26,"column":2},"end":{"line":26,"column":97}},"15":{"start":{"line":29,"column":0},"end":{"line":34,"column":3}},"16":{"start":{"line":30,"column":2},"end":{"line":30,"column":82}},"17":{"start":{"line":32,"column":14},"end":{"line":32,"column":68}},"18":{"start":{"line":33,"column":2},"end":{"line":33,"column":25}},"19":{"start":{"line":36,"column":0},"end":{"line":40,"column":3}},"20":{"start":{"line":37,"column":2},"end":{"line":39,"column":3}},"21":{"start":{"line":38,"column":4},"end":{"line":38,"column":32}},"22":{"start":{"line":42,"column":0},"end":{"line":42,"column":25}},"23":{"start":{"line":43,"column":0},"end":{"line":43,"column":35}},"24":{"start":{"line":45,"column":0},"end":{"line":45,"column":20}}},"fnMap":{"0":{"name":"_interopRequireDefault","decl":{"start":{"line":15,"column":9},"end":{"line":15,"column":31}},"loc":{"start":{"line":15,"column":37},"end":{"line":15,"column":95}},"line":15},"1":{"name":"(anonymous_1)","decl":{"start":{"line":29,"column":43},"end":{"line":29,"column":44}},"loc":{"start":{"line":29,"column":59},"end":{"line":31,"column":1}},"line":29},"2":{"name":"(anonymous_2)","decl":{"start":{"line":31,"column":11},"end":{"line":31,"column":12}},"loc":{"start":{"line":31,"column":27},"end":{"line":34,"column":1}},"line":31},"3":{"name":"(anonymous_3)","decl":{"start":{"line":36,"column":24},"end":{"line":36,"column":25}},"loc":{"start":{"line":36,"column":45},"end":{"line":40,"column":1}},"line":36}},"branchMap":{"0":{"loc":{"start":{"line":15,"column":46},"end":{"line":15,"column":92}},"type":"cond-expr","locations":[{"start":{"line":15,"column":70},"end":{"line":15,"column":73}},{"start":{"line":15,"column":76},"end":{"line":15,"column":92}}],"line":15},"1":{"loc":{"start":{"line":15,"column":46},"end":{"line":15,"column":67}},"type":"binary-expr","locations":[{"start":{"line":15,"column":46},"end":{"line":15,"column":49}},{"start":{"line":15,"column":53},"end":{"line":15,"column":67}}],"line":15},"2":{"loc":{"start":{"line":18,"column":10},"end":{"line":18,"column":47}},"type":"binary-expr","locations":[{"start":{"line":18,"column":10},"end":{"line":18,"column":30}},{"start":{"line":18,"column":34},"end":{"line":18,"column":47}}],"line":18},"3":{"loc":{"start":{"line":23,"column":0},"end":{"line":27,"column":1}},"type":"if","locations":[{"start":{"line":23,"column":0},"end":{"line":27,"column":1}},{"start":{"line":23,"column":0},"end":{"line":27,"column":1}}],"line":23},"4":{"loc":{"start":{"line":30,"column":9},"end":{"line":30,"column":81}},"type":"binary-expr","locations":[{"start":{"line":30,"column":9},"end":{"line":30,"column":32}},{"start":{"line":30,"column":36},"end":{"line":30,"column":53}},{"start":{"line":30,"column":57},"end":{"line":30,"column":81}}],"line":30},"5":{"loc":{"start":{"line":37,"column":2},"end":{"line":39,"column":3}},"type":"if","locations":[{"start":{"line":37,"column":2},"end":{"line":39,"column":3}},{"start":{"line":37,"column":2},"end":{"line":39,"column":3}}],"line":37}},"s":{"0":1,"1":1,"2":1,"3":1,"4":1,"5":1,"6":3,"7":1,"8":1,"9":1,"10":1,"11":1,"12":1,"13":0,"14":1,"15":1,"16":5,"17":4,"18":4,"19":1,"20":4,"21":4,"22":1,"23":1,"24":1},"f":{"0":3,"1":5,"2":4,"3":4},"b":{"0":[0,3],"1":[3,3],"2":[1,0],"3":[0,1],"4":[5,5,4],"5":[4,0]},"_coverageSchema":"332fd63041d2c1bcb487cc26dd0d5f7d97098a6c","hash":"8ad86b3eacfa7ffb8c6ba97289bb31769ca12626","contentHash":"729eb714f06061dd6306c91ef7c07dc5_11.3.0"},"/Users/andeladeveloper/Documents/Documents/More-Recipe/server/models/favorite.js":{"path":"/Users/andeladeveloper/Documents/Documents/More-Recipe/server/models/favorite.js","statementMap":{"0":{"start":{"line":3,"column":0},"end":{"line":5,"column":3}},"1":{"start":{"line":7,"column":0},"end":{"line":29,"column":2}},"2":{"start":{"line":8,"column":17},"end":{"line":17,"column":4}},"3":{"start":{"line":18,"column":2},"end":{"line":27,"column":4}},"4":{"start":{"line":19,"column":4},"end":{"line":22,"column":7}},"5":{"start":{"line":23,"column":4},"end":{"line":26,"column":7}},"6":{"start":{"line":28,"column":2},"end":{"line":28,"column":18}}},"fnMap":{"0":{"name":"(anonymous_0)","decl":{"start":{"line":7,"column":18},"end":{"line":7,"column":19}},"loc":{"start":{"line":7,"column":50},"end":{"line":29,"column":1}},"line":7},"1":{"name":"(anonymous_1)","decl":{"start":{"line":18,"column":23},"end":{"line":18,"column":24}},"loc":{"start":{"line":18,"column":41},"end":{"line":27,"column":3}},"line":18}},"branchMap":{},"s":{"0":1,"1":1,"2":1,"3":1,"4":1,"5":1,"6":1},"f":{"0":1,"1":1},"b":{},"_coverageSchema":"332fd63041d2c1bcb487cc26dd0d5f7d97098a6c","hash":"c5fca99e8e4cf3898ba17471f173e2c5e081d2a6","contentHash":"697ae6f27a60b1bc004ca73d11217230_11.3.0"},"/Users/andeladeveloper/Documents/Documents/More-Recipe/server/models/recipes.js":{"path":"/Users/andeladeveloper/Documents/Documents/More-Recipe/server/models/recipes.js","statementMap":{"0":{"start":{"line":3,"column":0},"end":{"line":5,"column":3}},"1":{"start":{"line":7,"column":0},"end":{"line":98,"column":2}},"2":{"start":{"line":8,"column":16},"end":{"line":64,"column":4}},"3":{"start":{"line":66,"column":2},"end":{"line":81,"column":4}},"4":{"start":{"line":67,"column":4},"end":{"line":70,"column":7}},"5":{"start":{"line":72,"column":4},"end":{"line":75,"column":7}},"6":{"start":{"line":77,"column":4},"end":{"line":80,"column":7}},"7":{"start":{"line":82,"column":2},"end":{"line":89,"column":4}},"8":{"start":{"line":83,"column":4},"end":{"line":88,"column":6}},"9":{"start":{"line":90,"column":2},"end":{"line":96,"column":4}},"10":{"start":{"line":91,"column":4},"end":{"line":95,"column":6}},"11":{"start":{"line":97,"column":2},"end":{"line":97,"column":17}}},"fnMap":{"0":{"name":"(anonymous_0)","decl":{"start":{"line":7,"column":18},"end":{"line":7,"column":19}},"loc":{"start":{"line":7,"column":50},"end":{"line":98,"column":1}},"line":7},"1":{"name":"(anonymous_1)","decl":{"start":{"line":66,"column":22},"end":{"line":66,"column":23}},"loc":{"start":{"line":66,"column":40},"end":{"line":81,"column":3}},"line":66},"2":{"name":"(anonymous_2)","decl":{"start":{"line":82,"column":24},"end":{"line":82,"column":25}},"loc":{"start":{"line":82,"column":36},"end":{"line":89,"column":3}},"line":82},"3":{"name":"(anonymous_3)","decl":{"start":{"line":90,"column":24},"end":{"line":90,"column":25}},"loc":{"start":{"line":90,"column":36},"end":{"line":96,"column":3}},"line":90}},"branchMap":{},"s":{"0":1,"1":1,"2":1,"3":1,"4":1,"5":1,"6":1,"7":1,"8":0,"9":1,"10":0,"11":1},"f":{"0":1,"1":1,"2":0,"3":0},"b":{},"_coverageSchema":"332fd63041d2c1bcb487cc26dd0d5f7d97098a6c","hash":"3083e412694520ad0daf6227de88644b66ba1083","contentHash":"c9633216cf779105a4e0afacb05d66da_11.3.0"},"/Users/andeladeveloper/Documents/Documents/More-Recipe/server/models/reviews.js":{"path":"/Users/andeladeveloper/Documents/Documents/More-Recipe/server/models/reviews.js","statementMap":{"0":{"start":{"line":3,"column":0},"end":{"line":5,"column":3}},"1":{"start":{"line":7,"column":0},"end":{"line":34,"column":2}},"2":{"start":{"line":8,"column":16},"end":{"line":21,"column":4}},"3":{"start":{"line":22,"column":2},"end":{"line":31,"column":4}},"4":{"start":{"line":23,"column":4},"end":{"line":26,"column":7}},"5":{"start":{"line":27,"column":4},"end":{"line":30,"column":7}},"6":{"start":{"line":33,"column":2},"end":{"line":33,"column":17}}},"fnMap":{"0":{"name":"(anonymous_0)","decl":{"start":{"line":7,"column":18},"end":{"line":7,"column":19}},"loc":{"start":{"line":7,"column":50},"end":{"line":34,"column":1}},"line":7},"1":{"name":"(anonymous_1)","decl":{"start":{"line":22,"column":22},"end":{"line":22,"column":23}},"loc":{"start":{"line":22,"column":40},"end":{"line":31,"column":3}},"line":22}},"branchMap":{},"s":{"0":1,"1":1,"2":1,"3":1,"4":1,"5":1,"6":1},"f":{"0":1,"1":1},"b":{},"_coverageSchema":"332fd63041d2c1bcb487cc26dd0d5f7d97098a6c","hash":"d288e26b115a648dcadb3565999c30643f77da7f","contentHash":"c0682f1e186b08c90b6e8295df32cc9a_11.3.0"},"/Users/andeladeveloper/Documents/Documents/More-Recipe/server/models/users.js":{"path":"/Users/andeladeveloper/Documents/Documents/More-Recipe/server/models/users.js","statementMap":{"0":{"start":{"line":3,"column":0},"end":{"line":5,"column":3}},"1":{"start":{"line":7,"column":20},"end":{"line":7,"column":44}},"2":{"start":{"line":9,"column":21},"end":{"line":9,"column":58}},"3":{"start":{"line":11,"column":39},"end":{"line":11,"column":93}},"4":{"start":{"line":13,"column":0},"end":{"line":72,"column":2}},"5":{"start":{"line":14,"column":14},"end":{"line":52,"column":4}},"6":{"start":{"line":54,"column":2},"end":{"line":59,"column":4}},"7":{"start":{"line":55,"column":4},"end":{"line":58,"column":7}},"8":{"start":{"line":62,"column":2},"end":{"line":64,"column":4}},"9":{"start":{"line":63,"column":4},"end":{"line":63,"column":71}},"10":{"start":{"line":66,"column":2},"end":{"line":69,"column":5}},"11":{"start":{"line":67,"column":15},"end":{"line":67,"column":61}},"12":{"start":{"line":68,"column":4},"end":{"line":68,"column":25}},"13":{"start":{"line":71,"column":2},"end":{"line":71,"column":15}}},"fnMap":{"0":{"name":"_interopRequireDefault","decl":{"start":{"line":11,"column":9},"end":{"line":11,"column":31}},"loc":{"start":{"line":11,"column":37},"end":{"line":11,"column":95}},"line":11},"1":{"name":"(anonymous_1)","decl":{"start":{"line":13,"column":18},"end":{"line":13,"column":19}},"loc":{"start":{"line":13,"column":50},"end":{"line":72,"column":1}},"line":13},"2":{"name":"(anonymous_2)","decl":{"start":{"line":54,"column":20},"end":{"line":54,"column":21}},"loc":{"start":{"line":54,"column":38},"end":{"line":59,"column":3}},"line":54},"3":{"name":"(anonymous_3)","decl":{"start":{"line":62,"column":36},"end":{"line":62,"column":37}},"loc":{"start":{"line":62,"column":62},"end":{"line":64,"column":3}},"line":62},"4":{"name":"(anonymous_4)","decl":{"start":{"line":66,"column":29},"end":{"line":66,"column":30}},"loc":{"start":{"line":66,"column":45},"end":{"line":69,"column":3}},"line":66}},"branchMap":{"0":{"loc":{"start":{"line":11,"column":46},"end":{"line":11,"column":92}},"type":"cond-expr","locations":[{"start":{"line":11,"column":70},"end":{"line":11,"column":73}},{"start":{"line":11,"column":76},"end":{"line":11,"column":92}}],"line":11},"1":{"loc":{"start":{"line":11,"column":46},"end":{"line":11,"column":67}},"type":"binary-expr","locations":[{"start":{"line":11,"column":46},"end":{"line":11,"column":49}},{"start":{"line":11,"column":53},"end":{"line":11,"column":67}}],"line":11}},"s":{"0":1,"1":1,"2":1,"3":1,"4":1,"5":1,"6":1,"7":1,"8":1,"9":3,"10":1,"11":4,"12":4,"13":1},"f":{"0":1,"1":1,"2":1,"3":3,"4":4},"b":{"0":[0,1],"1":[1,1]},"_coverageSchema":"332fd63041d2c1bcb487cc26dd0d5f7d97098a6c","hash":"7c4751619029f5e7caa103951887384f5f56a2e6","contentHash":"18e9690780fee8ea20f447b4da02e71f_11.3.0"},"/Users/andeladeveloper/Documents/Documents/More-Recipe/server/middleware/helper.js":{"path":"/Users/andeladeveloper/Documents/Documents/More-Recipe/server/middleware/helper.js","statementMap":{"0":{"start":{"line":3,"column":0},"end":{"line":5,"column":3}},"1":{"start":{"line":6,"column":0},"end":{"line":6,"column":163}},"2":{"start":{"line":8,"column":20},"end":{"line":8,"column":43}},"3":{"start":{"line":10,"column":21},"end":{"line":10,"column":
[...]
"decl":{"start":{"line":35,"column":20},"end":{"line":35,"column":31}},"loc":{"start":{"line":35,"column":42},"end":{"line":58,"column":5}},"line":35},"7":{"name":"(anonymous_7)","decl":{"start":{"line":41,"column":14},"end":{"line":41,"column":15}},"loc":{"start":{"line":41,"column":34},"end":{"line":55,"column":7}},"line":41},"8":{"name":"(anonymous_8)","decl":{"start":{"line":43,"column":41},"end":{"line":43,"column":42}},"loc":{"start":{"line":43,"column":53},"end":{"line":45,"column":11}},"line":43},"9":{"name":"(anonymous_9)","decl":{"start":{"line":45,"column":19},"end":{"line":45,"column":20}},"loc":{"start":{"line":45,"column":31},"end":{"line":47,"column":11}},"line":45},"10":{"name":"(anonymous_10)","decl":{"start":{"line":52,"column":16},"end":{"line":52,"column":17}},"loc":{"start":{"line":52,"column":28},"end":{"line":54,"column":9}},"line":52},"11":{"name":"(anonymous_11)","decl":{"start":{"line":55,"column":15},"end":{"line":55,"column":16}},"loc":{"start":{"line":55,"column":27},"end":{"line":57,"column":7}},"line":55},"12":{"name":"favoriteStatus","decl":{"start":{"line":71,"column":20},"end":{"line":71,"column":34}},"loc":{"start":{"line":71,"column":45},"end":{"line":85,"column":5}},"line":71},"13":{"name":"(anonymous_13)","decl":{"start":{"line":77,"column":14},"end":{"line":77,"column":15}},"loc":{"start":{"line":77,"column":35},"end":{"line":82,"column":7}},"line":77},"14":{"name":"(anonymous_14)","decl":{"start":{"line":82,"column":15},"end":{"line":82,"column":16}},"loc":{"start":{"line":82,"column":27},"end":{"line":84,"column":7}},"line":82},"15":{"name":"listFavorites","decl":{"start":{"line":96,"column":20},"end":{"line":96,"column":33}},"loc":{"start":{"line":96,"column":44},"end":{"line":107,"column":5}},"line":96},"16":{"name":"(anonymous_16)","decl":{"start":{"line":102,"column":14},"end":{"line":102,"column":15}},"loc":{"start":{"line":102,"column":35},"end":{"line":104,"column":7}},"line":102},"17":{"name":"(anonymous_17)","decl":{"start":{"line":104,"column":15},"end":{"line":104,"column":16}},"loc":{"start":{"line":104,"column":27},"end":{"line":106,"column":7}},"line":104}},"branchMap":{"0":{"loc":{"start":{"line":7,"column":168},"end":{"line":7,"column":198}},"type":"binary-expr","locations":[{"start":{"line":7,"column":168},"end":{"line":7,"column":189}},{"start":{"line":7,"column":193},"end":{"line":7,"column":198}}],"line":7},"1":{"loc":{"start":{"line":7,"column":232},"end":{"line":7,"column":286}},"type":"if","locations":[{"start":{"line":7,"column":232},"end":{"line":7,"column":286}},{"start":{"line":7,"column":232},"end":{"line":7,"column":286}}],"line":7},"2":{"loc":{"start":{"line":7,"column":407},"end":{"line":7,"column":475}},"type":"if","locations":[{"start":{"line":7,"column":407},"end":{"line":7,"column":475}},{"start":{"line":7,"column":407},"end":{"line":7,"column":475}}],"line":7},"3":{"loc":{"start":{"line":7,"column":476},"end":{"line":7,"column":536}},"type":"if","locations":[{"start":{"line":7,"column":476},"end":{"line":7,"column":536}},{"start":{"line":7,"column":476},"end":{"line":7,"column":536}}],"line":7},"4":{"loc":{"start":{"line":13,"column":50},"end":{"line":13,"column":151}},"type":"if","locations":[{"start":{"line":13,"column":50},"end":{"line":13,"column":151}},{"start":{"line":13,"column":50},"end":{"line":13,"column":151}}],"line":13},"5":{"loc":{"start":{"line":42,"column":8},"end":{"line":48,"column":9}},"type":"if","locations":[{"start":{"line":42,"column":8},"end":{"line":48,"column":9}},{"start":{"line":42,"column":8},"end":{"line":48,"column":9}}],"line":42},"6":{"loc":{"start":{"line":78,"column":8},"end":{"line":80,"column":9}},"type":"if","locations":[{"start":{"line":78,"column":8},"end":{"line":80,"column":9}},{"start":{"line":78,"column":8},"end":{"line":80,"column":9}}],"line":78}},"s":{"0":1,"1":1,"2":1,"3":3,"4":3,"5":3,"6":3,"7":3,"8":3,"9":1,"10":1,"11":0,"12":1,"13":1,"14":1,"15":1,"16":1,"17":0,"18":0,"19":1,"20":0,"21":1,"22":1,"23":1,"24":0,"25":0,"26":0,"27":1,"28":1,"29":0,"30":1,"31":1,"32":1,"33":0,"34":0,"35":1,"36":1,"37":0,"38":1,"39":1},"f":{"0":1,"1":1,"2":1,"3":0,"4":1,"5":0,"6":1,"7":1,"8":0,"9":0,"10":1,"11":0,"12":1,"13":1,"14":0,"15":1,"16":1,"17":0},"b":{"0":[3,3],"1":[3,0],"2":[0,1],"3":[1,0],"4":[0,0],"5":[0,1],"6":[1,0]},"_coverageSchema":"332fd63041d2c1bcb487cc26dd0d5f7d97098a6c","hash":"979a7ee888a29ea33d8f856391a08cb0a06e8e87","contentHash":"85b19ec41383ae6fa5b3d07419a7e1c4_11.3.0"},"/Users/andeladeveloper/Documents/Documents/More-Recipe/server/middleware/authorization.js":{"path":"/Users/andeladeveloper/Documents/Documents/More-Recipe/server/middleware/authorization.js","statementMap":{"0":{"start":{"line":3,"column":0},"end":{"line":5,"column":3}},"1":{"start":{"line":7,"column":19},"end":{"line":7,"column":563}},"2":{"start":{"line":7,"column":76},"end":{"line":7,"column":347}},"3":{"start":{"line":7,"column":134},"end":{"line":7,"column":142}},"4":{"start":{"line":7,"column":144},"end":{"line":7,"column":199}},"5":{"start":{"line":7,"column":200},"end":{"line":7,"column":231}},"6":{"start":{"line":7,"column":232},"end":{"line":7,"column":286}},"7":{"start":{"line":7,"column":259},"end":{"line":7,"column":286}},"8":{"start":{"line":7,"column":287},"end":{"line":7,"column":345}},"9":{"start":{"line":7,"column":350},"end":{"line":7,"column":559}},"10":{"start":{"line":7,"column":407},"end":{"line":7,"column":475}},"11":{"start":{"line":7,"column":423},"end":{"line":7,"column":475}},"12":{"start":{"line":7,"column":476},"end":{"line":7,"column":536}},"13":{"start":{"line":7,"column":493},"end":{"line":7,"column":536}},"14":{"start":{"line":7,"column":537},"end":{"line":7,"column":556}},"15":{"start":{"line":9,"column":20},"end":{"line":9,"column":43}},"16":{"start":{"line":11,"column":21},"end":{"line":11,"column":58}},"17":{"start":{"line":13,"column":14},"end":{"line":13,"column":31}},"18":{"start":{"line":15,"column":15},"end":{"line":15,"column":46}},"19":{"start":{"line":17,"column":14},"end":{"line":17,"column":34}},"20":{"start":{"line":19,"column":14},"end":{"line":19,"column":33}},"21":{"start":{"line":21,"column":39},"end":{"line":21,"column":93}},"22":{"start":{"line":23,"column":50},"end":{"line":23,"column":151}},"23":{"start":{"line":23,"column":92},"end":{"line":23,"column":149}},"24":{"start":{"line":25,"column":0},"end":{"line":25,"column":26}},"25":{"start":{"line":34,"column":20},"end":{"line":94,"column":3}},"26":{"start":{"line":36,"column":4},"end":{"line":36,"column":41}},"27":{"start":{"line":39,"column":2},"end":{"line":91,"column":6}},"28":{"start":{"line":52,"column":18},"end":{"line":52,"column":84}},"29":{"start":{"line":53,"column":6},"end":{"line":61,"column":9}},"30":{"start":{"line":54,"column":8},"end":{"line":54,"column":104}},"31":{"start":{"line":54,"column":19},"end":{"line":54,"column":104}},"32":{"start":{"line":55,"column":8},"end":{"line":60,"column":11}},"33":{"start":{"line":56,"column":10},"end":{"line":56,"column":129}},"34":{"start":{"line":56,"column":43},"end":{"line":56,"column":129}},"35":{"start":{"line":57,"column":10},"end":{"line":57,"column":24}},"36":{"start":{"line":59,"column":10},"end":{"line":59,"column":85}},"37":{"start":{"line":75,"column":18},"end":{"line":75,"column":84}},"38":{"start":{"line":76,"column":6},"end":{"line":89,"column":7}},"39":{"start":{"line":77,"column":8},"end":{"line":86,"column":11}},"40":{"start":{"line":78,"column":10},"end":{"line":78,"column":106}},"41":{"start":{"line":78,"column":21},"end":{"line":78,"column":106}},"42":{"start":{"line":79,"column":10},"end":{"line":85,"column":13}},"43":{"start":{"line":80,"column":12},"end":{"line":80,"column":92}},"44":{"start":{"line":80,"column":23},"end":{"line":80,"column":92}},"45":{"start":{"line":81,"column":12},"end":{"line":81,"column":34}},"46":{"start":{"line":82,"column":12},"end":{"line":82,"column":26}},"47":{"start":{"line":84,"column":12},"end":{"line":84,"column":87}},"48":{"start":{"line":88,"column":8},"end":{"line":88,"column":81}},"49":{"start":{"line":93,"column":2},"end":{"line":93,"column":23}},"50":{"start":{"line":96,"column":0},"end":{"line":96,"column":32}}},"fnMap":{"0":{"name":"(anonymous_0)","decl":{"start":{"line":7,"column":19},"end":{"line":7,"column":20}},"loc":{"start":{"line":7,"column":31},"end":{"line":7,"column":561}},"line":7},"1":{"name":"defineProperties","decl":{"start":{"line":7,"column":42},"end":{"line":7,"column":58}},"loc":{"start":{"line":7,"column":74},"end":{"line":7,"column":349}},"line":7},"2":{"name":"(anonymous_2)","decl":{"start":{"line":7,"column":357},"end":{"line":7,"column":358}},"loc":{"start":{"line":7,"column":405},"end":{"line":7,"column":558}},"line":7},"3":{"name":"_interopRequireDefault","decl":{"start":{"line":21,"column":9},"end":{"line":21,"column":31}},"loc":{"start":{"line":21,"column":37},"end":{"line":21,"column":95}},"line":21},"4":{"name":"_classCallCheck","decl":{"start":{"line":23,"column":9},"end":{"line":23,"column":24}},"loc":{"start":{"line":23,"column":48},"end":{"line":23,"column":153}},"line":23},"5":{"name":"(anonymous_5)","decl":{"start":{"line":34,"column":20},"end":{"line":34,"column":21}},"loc":{"start":{"line":34,"column":32},"end":{"line":94,"column":1}},"line":34},"6":{"name":"Authorization","decl":{"start":{"line":35,"column":11},"end":{"line":35,"column":24}},"loc":{"start":{"line":35,"column":27},"end":{"line":37,"column":3}},"line":35},"7":{"name":"checkAdmin","decl":{"start":{"line":51,"column":20},"end":{"line":51,"column":30}},"loc":{"start":{"line":51,"column":47},"end":{"line":62,"column":5}},"line":51},"8":{"name":"(anonymous_8)","decl":{"start":{"line":53,"column":67},"end":{"line":53,"column":68}},"loc":{"start":{"line":53,"column":93},"end":{"line":61,"column":7}},"line":53},"9":{"name":"(anonymous_9)","decl":{"start":{"line":55,"column":39},"end":{"line":55,"column":40}},"loc":{"start":{"line":55,"column":51},"end":{"line":58,"column":9}},"line":55},"10":{"name":"(anonymous_10)","decl":{"start":{"line":58,"column":17},"end":{"line":58,"column":18}},"loc":{"start":{"line":58,"column":29},"end":{"line":60,"column":9}},"line":58},"11":{"name":"verifyToken","decl":{"start":{"line":74,"column":20},"end":{"line":74,"column":31}},"loc":{"start":{"line":74,"column":48},"end":{"line":90,"column":5}},"line":74},"12":{"name":"(anonymous_12)","decl":{"start":{"line":77,"column":69},"end":{"line":77,"column":70}},"loc":{"start":{"line":77,"column":95},"end":{"line":86,"column":9}},"line":77},"13":{"name":"(anonymous_13)","decl":{"start":{"line":79,"column":50},"end":{"line":79,"column":51}},"loc":{"start":{"line":79,"column":66},"end":{"line":83,"column":11}},"line":79},"14":{"name":"(anonymous_14)","decl":{"start":{"line":83,"column":19},"end":{"line":83,"column":20}},"loc":{"start":{"line":83,"column":31},"end":{"line":85,"column":11}},"line":83}},"branchMap":{"0":{"loc":{"start":{"line":7,"column":168},"end":{"line":7,"column":198}},"type":"binary-expr","locations":[{"start":{"line":7,"column":168},"end":{"line":7,"column":189}},{"start":{"line":7,"column":193},"end":{"line":7,"column":198}}],"line":7},"1":{"loc":{"start":{"line":7,"column":232},"end":{"line":7,"column":286}},"type":"if","locations":[{"start":{"line":7,"column":232},"end":{"line":7,"column":286}},{"start":{"line":7,"column":232},"end":{"line":7,"column":286}}],"line":7},"2":{"loc":{"start":{"line":7,"column":407},"end":{"line":7,"column":475}},"type":"if","locations":[{"start":{"line":7,"column":407},"end":{"line":7,"column":475}},{"start":{"line":7,"column":407},"end":{"line":7,"column":475}}],"line":7},"3":{"loc":{"start":{"line":7,"column":476},"end":{"line":7,"column":536}},"type":"if","locations":[{"start":{"line":7,"column":476},"end":{"line":7,"column":536}},{"start":{"line":7,"column":476},"end":{"line":7,"column":536}}],"line":7},"4":{"loc":{"start":{"line":21,"column":46},"end":{"line":21,"column":92}},"type":"cond-expr","locations":[{"start":{"line":21,"column":70},"end":{"line":21,"column":73}},{"start":{"line":21,"column":76},"end":{"line":21,"column":92}}],"line":21},"5":{"loc":{"start":{"line":21,"column":46},"end":{"line":21,"column":67}},"type":"binary-expr","locations":[{"start":{"line":21,"column":46},"end":{"line":21,"column":49}},{"start":{"line":21,"column":53},"end":{"line":21,"column":67}}],"line":21},"6":{"loc":{"start":{"line":23,"column":50},"end":{"line":23,"column":151}},"type":"if","locations":[{"start":{"line":23,"column":50},"end":{"line":23,"column":151}},{"start":{"line":23,"column":50},"end":{"line":23,"column":151}}],"line":23},"7":{"loc":{"start":{"line":52,"column":18},"end":{"line":52,"column":84}},"type":"binary-expr","locations":[{"start":{"line":52,"column":18},"end":{"line":52,"column":32}},{"start":{"line":52,"column":36},"end":{"line":52,"column":51}},{"start":{"line":52,"column":55},"end":{"line":52,"column":84}}],"line":52},"8":{"loc":{"start":{"line":54,"column":8},"end":{"line":54,"column":104}},"type":"if","locations":[{"start":{"line":54,"column":8},"end":{"line":54,"column":104}},{"start":{"line":54,"column":8},"end":{"line":54,"column":104}}],"line":54},"9":{"loc":{"start":{"line":56,"column":10},"end":{"line":56,"column":129}},"type":"if","locations":[{"start":{"line":56,"column":10},"end":{"line":56,"column":129}},{"start":{"line":56,"column":10},"end":{"line":56,"column":129}}],"line":56},"10":{"loc":{"start":{"line":75,"column":18},"end":{"line":75,"column":84}},"type":"binary-expr","locations":[{"start":{"line":75,"column":18},"end":{"line":75,"column":32}},{"start":{"line":75,"column":36},"end":{"line":75,"column":51}},{"start":{"line":75,"column":55},"end":{"line":75,"column":84}}],"line":75},"11":{"loc":{"start":{"line":76,"column":6},"end":{"line":89,"column":7}},"type":"if","locations":[{"start":{"line":76,"column":6},"end":{"line":89,"column":7}},{"start":{"line":76,"column":6},"end":{"line":89,"column":7}}],"line":76},"12":{"loc":{"start":{"line":78,"column":10},"end":{"line":78,"column":106}},"type":"if","locations":[{"start":{"line":78,"column":10},"end":{"line":78,"column":106}},{"start":{"line":78,"column":10},"end":{"line":78,"column":106}}],"line":78},"13":{"loc":{"start":{"line":80,"column":12},"end":{"line":80,"column":92}},"type":"if","locations":[{"start":{"line":80,"column":12},"end":{"line":80,"column":92}},{"start":{"line":80,"column":12},"end":{"line":80,"column":92}}],"line":80}},"s":{"0":1,"1":1,"2":1,"3":2,"4":2,"5":2,"6":2,"7":2,"8":2,"9":1,"10":1,"11":0,"12":1,"13":1,"14":1,"15":1,"16":1,"17":1,"18":1,"19":1,"20":1,"21":2,"22":0,"23":0,"24":1,"25":1,"26":0,"27":1,"28":3,"29":3,"30":3,"31":0,"32":3,"33":3,"34":0,"35":3,"36":0,"37":22,"38":22,"39":22,"40":22,"41":1,"42":21,"43":21,"44":0,"45":21,"46":21,"47":0,"48":0,"49":1,"50":1},"f":{"0":1,"1":1,"2":1,"3":2,"4":0,"5":1,"6":0,"7":3,"8":3,"9":3,"10":0,"11":22,"12":22,"13":21,"14":0},"b":{"0":[2,2],"1":[2,0],"2":[0,1],"3":[1,0],"4":[0,2],"5":[2,2],"6":[0,0],"7":[3,3,3],"8":[0,3],"9":[0,3],"10":[22,22,22],"11":[22,0],"12":[1,21],"13":[0,21]},"_coverageSchema":"332fd63041d2c1bcb487cc26dd0d5f7d97098a6c","hash":"18c6ec4b2a07b7a1396ea8059be2f029288c2d55","contentHash":"d307e70214322ab7165377516c87ecec_11.3.0"},"/Users/andeladeveloper/Documents/Documents/More-Recipe/server/seeders/seeds.js":{"path":"/Users/andeladeveloper/Documents/Documents/More-Recipe/server/seeders/seeds.js","statementMap":{"0":{"start":{"line":3,"column":0},"end":{"line":5,"column":3}},"1":{"start":{"line":7,"column":14},"end":{"line":7,"column":34}},"2":{"start":{"line":9,"column":0},"end":{"line":81,"column":2}},"3":{"start":{"line":11,"column":4},"end":{"line":15,"column":7}},"4":{"start":{"line":12,"column":6},"end":{"line":12,"column":20}},"5":{"start":{"line":14,"column":6},"end":{"line":14,"column":23}},"6":{"start":{"line":18,"column":4},"end":{"line":18,"column":138}},"7":{"start":{"line":21,"column":4},"end":{"line":21,"column":100}},"8":{"start":{"line":24,"column":4},"end":{"line":36,"column":7}},"9":{"start":{"line":33,"column":6},"end":{"line":33,"column":20}},"10":{"start":{"line":35,"column":6},"end":{"line":35,"column":23}},"11":{"start":{"line":43,"column":4},"end":{"line":47,"column":7}},"12":{"start":{"line":44,"column":6},"end":{"line":44,"column":20}},"13":{"start":{"line":46,"column":6},"end":{"line":46,"column":23}},"14":{"start":{"line":50,"column":4},"end":{"line":60,"column":6}},"15":{"start":{"line":63,"column":4},"end":{"line":63,"column":48}},"16":{"start":{"line":66,"column":4},"end":{"line":79,"column":7}},"17":{"start":{"line":76,"column":6},"end":{"line":76,"column":20}},"18":{"start":{"line":78,"column":6},"end":{"line":78,"column":23}}},"fnMap":{"0":{"name":"emptyRecipeTable","decl":{"start":{"line":10,"column":29},"end":{"line":10,"column":45}},"loc":{"start":{"line":10,"column":52},"end":{"line":16,"column":3}},"line":10},"1":{"name":"(anonymous_1)","decl":{"start":{"line":11,"column":91},"end":{"line":11,"column":92}},"loc":{"start":{"line":11,"column":103},"end":{"line":13,"column":5}},"line":11},"2":{"name":"(anonymous_2)","decl":{"start":{"line":13,"column":13},"end":{"line":13,"column":14}},"loc":{"start":{"line":13,"column":28},"end":{"line":15,"column":5}},"line":13},"3":{"name":"setRecipeInput","decl":{"start":{"line":17,"column":27},"end":{"line":17,"column":41}},"loc":{"start":{"line":17,"column":104},"end":{"line":19,"column":3}},"line":17},"4":{"name":"setUpdateRecipe","decl":{"start":{"line":20,"column":28},"end":{"line":20,"column":43}},"loc":{"start":{"line":20,"column":87},"end":{"line":22,"column":3}},"line":20},"5":{"name":"addRecipe","decl":{"start":{"line":23,"column":22},"end":{"line":23,"column":31}},"loc":{"start":{"line":23,"column":38},"end":{"line":37,"column":3}},"line":23},"6":{"name":"(anonymous_6)","decl":{"start":{"line":32,"column":12},"end":{"line":32,"column":13}},"loc":{"start":{"line":32,"column":24},"end":{"line":34,"column":5}},"line":32},"7":{"name":"(anonymous_7)","decl":{"start":{"line":34,"column":13},"end":{"line":34,"column":14}},"loc":{"start":{"line":34,"column":28},"end":{"line":36,"column":5}},"line":34},"8":{"name":"emptyUserTable","decl":{"start":{"line":42,"column":27},"end":{"line":42,"column":41}},"loc":{"start":{"line":42,"column":48},"end":{"line":48,"column":3}},"line":42},"9":{"name":"(anonymous_9)","decl":{"start":{"line":43,"column":89},"end":{"line":43,"column":90}},"loc":{"start":{"line":43,"column":101},"end":{"line":45,"column":5}},"line":43},"10":{"name":"(anonymous_10)","decl":{"start":{"line":45,"column":13},"end":{"line":45,"column":14}},"loc":{"start":{"line":45,"column":28},"end":{"line":47,"column":5}},"line":45},"11":{"name":"setUserInput","decl":{"start":{"line":49,"column":25},"end":{"line":49,"column":37}},"loc":{"start":{"line":49,"column":124},"end":{"line":61,"column":3}},"line":49},"12":{"name":"setLogin","decl":{"start":{"line":62,"column":21},"end":{"line":62,"column":29}},"loc":{"start":{"line":62,"column":47},"end":{"line":64,"column":3}},"line":62},"13":{"name":"addUser","decl":{"start":{"line":65,"column":20},"end":{"line":65,"column":27}},"loc":{"start":{"line":65,"column":34},"end":{"line":80,"column":3}},"line":65},"14":{"name":"(anonymous_14)","decl":{"start":{"line":75,"column":12},"end":{"line":75,"column":13}},"loc":{"start":{"line":75,"column":24},"end":{"line":77,"column":5}},"line":75},"15":{"name":"(anonymous_15)","decl":{"start":{"line":77,"column":13},"end":{"line":77,"column":14}},"loc":{"start":{"line":77,"column":28},"end":{"line":79,"column":5}},"line":77}},"branchMap":{},"s":{"0":1,"1":1,"2":1,"3":1,"4":1,"5":0,"6":2,"7":1,"8":1,"9":1,"10":0,"11":3,"12":3,"13":0,"14":5,"15":5,"16":3,"17":3,"18":0},"f":{"0":1,"1":1,"2":0,"3":2,"4":1,"5":1,"6":1,"7":0,"8":3,"9":3,"10":0,"11":5,"12":5,"13":3,"14":3,"15":0},"b":{},"_coverageSchema":"332fd63041d2c1bcb487cc26dd0d5f7d97098a6c","hash":"cb9d1418ba0c8fb9c69dcc27312e8968c8fd8f76","contentHash":"6f88cdd8ec9e7e6796dd75e7d613f712_11.3.0"}}