{"/Users/andeladeveloper/Documents/Documents/More-Recipe/server/index.js":{"path":"/Users/andeladeveloper/Documents/Documents/More-Recipe/server/index.js","statementMap":{"0":{"start":{"line":3,"column":0},"end":{"line":5,"column":3}},"1":{"start":{"line":7,"column":15},"end":{"line":7,"column":33}},"2":{"start":{"line":9,"column":16},"end":{"line":9,"column":48}},"3":{"start":{"line":11,"column":18},"end":{"line":11,"column":40}},"4":{"start":{"line":13,"column":19},"end":{"line":13,"column":54}},"5":{"start":{"line":15,"column":14},"end":{"line":15,"column":31}},"6":{"start":{"line":17,"column":15},"end":{"line":17,"column":46}},"7":{"start":{"line":19,"column":12},"end":{"line":19,"column":27}},"8":{"start":{"line":21,"column":13},"end":{"line":21,"column":42}},"9":{"start":{"line":23,"column":12},"end":{"line":23,"column":27}},"10":{"start":{"line":25,"column":13},"end":{"line":25,"column":42}},"11":{"start":{"line":27,"column":13},"end":{"line":27,"column":38}},"12":{"start":{"line":29,"column":14},"end":{"line":29,"column":44}},"13":{"start":{"line":31,"column":39},"end":{"line":31,"column":93}},"14":{"start":{"line":33,"column":10},"end":{"line":33,"column":34}},"15":{"start":{"line":34,"column":11},"end":{"line":34,"column":35}},"16":{"start":{"line":36,"column":0},"end":{"line":36,"column":31}},"17":{"start":{"line":37,"column":0},"end":{"line":37,"column":37}},"18":{"start":{"line":38,"column":0},"end":{"line":38,"column":62}},"19":{"start":{"line":39,"column":0},"end":{"line":39,"column":69}},"20":{"start":{"line":39,"column":31},"end":{"line":39,"column":69}},"21":{"start":{"line":41,"column":0},"end":{"line":41,"column":88}},"22":{"start":{"line":43,"column":0},"end":{"line":43,"column":26}},"23":{"start":{"line":45,"column":0},"end":{"line":49,"column":3}},"24":{"start":{"line":46,"column":2},"end":{"line":48,"column":5}},"25":{"start":{"line":51,"column":0},"end":{"line":53,"column":3}},"26":{"start":{"line":52,"column":2},"end":{"line":52,"column":78}},"27":{"start":{"line":55,"column":0},"end":{"line":57,"column":3}},"28":{"start":{"line":56,"column":2},"end":{"line":56,"column":45}},"29":{"start":{"line":59,"column":0},"end":{"line":59,"column":22}}},"fnMap":{"0":{"name":"_interopRequireDefault","decl":{"start":{"line":31,"column":9},"end":{"line":31,"column":31}},"loc":{"start":{"line":31,"column":37},"end":{"line":31,"column":95}},"line":31},"1":{"name":"(anonymous_1)","decl":{"start":{"line":45,"column":21},"end":{"line":45,"column":22}},"loc":{"start":{"line":45,"column":41},"end":{"line":49,"column":1}},"line":45},"2":{"name":"(anonymous_2)","decl":{"start":{"line":51,"column":13},"end":{"line":51,"column":14}},"loc":{"start":{"line":51,"column":33},"end":{"line":53,"column":1}},"line":51},"3":{"name":"(anonymous_3)","decl":{"start":{"line":55,"column":17},"end":{"line":55,"column":18}},"loc":{"start":{"line":55,"column":29},"end":{"line":57,"column":1}},"line":55}},"branchMap":{"0":{"loc":{"start":{"line":31,"column":46},"end":{"line":31,"column":92}},"type":"cond-expr","locations":[{"start":{"line":31,"column":70},"end":{"line":31,"column":73}},{"start":{"line":31,"column":76},"end":{"line":31,"column":92}}],"line":31},"1":{"loc":{"start":{"line":31,"column":46},"end":{"line":31,"column":67}},"type":"binary-expr","locations":[{"start":{"line":31,"column":46},"end":{"line":31,"column":49}},{"start":{"line":31,"column":53},"end":{"line":31,"column":67}}],"line":31},"2":{"loc":{"start":{"line":34,"column":11},"end":{"line":34,"column":35}},"type":"binary-expr","locations":[{"start":{"line":34,"column":11},"end":{"line":34,"column":27}},{"start":{"line":34,"column":31},"end":{"line":34,"column":35}}],"line":34},"3":{"loc":{"start":{"line":39,"column":0},"end":{"line":39,"column":69}},"type":"if","locations":[{"start":{"line":39,"column":0},"end":{"line":39,"column":69}},{"start":{"line":39,"column":0},"end":{"line":39,"column":69}}],"line":39}},"s":{"0":1,"1":1,"2":1,"3":1,"4":1,"5":1,"6":1,"7":1,"8":1,"9":1,"10":1,"11":1,"12":1,"13":6,"14":1,"15":1,"16":1,"17":1,"18":1,"19":1,"20":0,"21":1,"22":1,"23":1,"24":1,"25":1,"26":0,"27":1,"28":1,"29":1},"f":{"0":6,"1":1,"2":0,"3":1},"b":{"0":[1,5],"1":[6,6],"2":[1,1],"3":[0,1]},"_coverageSchema":"332fd63041d2c1bcb487cc26dd0d5f7d97098a6c","hash":"ecf57e8c20e8d0bc92d23e92c1199f33ced36ed5","contentHash":"8db0bd2f4988a1d449e5945444cce773_11.3.0"},"/Users/andeladeveloper/Documents/Documents/More-Recipe/server/routes/index.js":{"path":"/Users/andeladeveloper/Documents/Documents/More-Recipe/server/routes/index.js","statementMap":{"0":{"start":{"line":3,"column":0},"end":{"line":5,"column":3}},"1":{"start":{"line":7,"column":15},"end":{"line":7,"column":48}},"2":{"start":{"line":9,"column":16},"end":{"line":9,"column":48}},"3":{"start":{"line":11,"column":13},"end":{"line":11,"column":44}},"4":{"start":{"line":13,"column":14},"end":{"line":13,"column":44}},"5":{"start":{"line":15,"column":15},"end":{"line":15,"column":48}},"6":{"start":{"line":17,"column":16},"end":{"line":17,"column":48}},"7":{"start":{"line":19,"column":16},"end":{"line":19,"column":50}},"8":{"start":{"line":21,"column":17},"end":{"line":21,"column":50}},"9":{"start":{"line":23,"column":21},"end":{"line":23,"column":59}},"10":{"start":{"line":25,"column":22},"end":{"line":25,"column":60}},"11":{"start":{"line":27,"column":39},"end":{"line":27,"column":93}},"12":{"start":{"line":30,"column":0},"end":{"line":54,"column":2}},"13":{"start":{"line":31,"column":2},"end":{"line":31,"column":62}},"14":{"start":{"line":32,"column":2},"end":{"line":32,"column":62}},"15":{"start":{"line":33,"column":2},"end":{"line":33,"column":99}},"16":{"start":{"line":34,"column":2},"end":{"line":34,"column":87}},"17":{"start":{"line":35,"column":2},"end":{"line":35,"column":113}},"18":{"start":{"line":36,"column":2},"end":{"line":36,"column":112}},"19":{"start":{"line":37,"column":2},"end":{"line":37,"column":117}},"20":{"start":{"line":38,"column":2},"end":{"line":38,"column":116}},"21":{"start":{"line":39,"column":2},"end":{"line":39,"column":70}},"22":{"start":{"line":40,"column":2},"end":{"line":40,"column":117}},"23":{"start":{"line":42,"column":2},"end":{"line":42,"column":128}},"24":{"start":{"line":43,"column":2},"end":{"line":43,"column":124}},"25":{"start":{"line":44,"column":2},"end":{"line":44,"column":107}},"26":{"start":{"line":45,"column":2},"end":{"line":45,"column":74}},"27":{"start":{"line":46,"column":2},"end":{"line":46,"column":124}},"28":{"start":{"line":47,"column":2},"end":{"line":47,"column":129}},"29":{"start":{"line":48,"column":2},"end":{"line":48,"column":66}},"30":{"start":{"line":49,"column":2},"end":{"line":49,"column":108}},"31":{"start":{"line":51,"column":2},"end":{"line":51,"column":139}},"32":{"start":{"line":52,"column":2},"end":{"line":52,"column":142}},"33":{"start":{"line":53,"column":2},"end":{"line":53,"column":114}}},"fnMap":{"0":{"name":"_interopRequireDefault","decl":{"start":{"line":27,"column":9},"end":{"line":27,"column":31}},"loc":{"start":{"line":27,"column":37},"end":{"line":27,"column":95}},"line":27},"1":{"name":"(anonymous_1)","decl":{"start":{"line":30,"column":18},"end":{"line":30,"column":19}},"loc":{"start":{"line":30,"column":36},"end":{"line":54,"column":1}},"line":30}},"branchMap":{"0":{"loc":{"start":{"line":27,"column":46},"end":{"line":27,"column":92}},"type":"cond-expr","locations":[{"start":{"line":27,"column":70},"end":{"line":27,"column":73}},{"start":{"line":27,"column":76},"end":{"line":27,"column":92}}],"line":27},"1":{"loc":{"start":{"line":27,"column":46},"end":{"line":27,"column":67}},"type":"binary-expr","locations":[{"start":{"line":27,"column":46},"end":{"line":27,"column":49}},{"start":{"line":27,"column":53},"end":{"line":27,"column":67}}],"line":27}},"s":{"0":1,"1":1,"2":1,"3":1,"4":1,"5":1,"6":1,"7":1,"8":1,"9":1,"10":1,"11":5,"12":1,"13":1,"14":1,"15":1,"16":1,"17":1,"18":1,"19":1,"20":1,"21":1,"22":1,"23":1,"24":1,"25":1,"26":1,"27":1,"28":1,"29":1,"30":1,"31":1,"32":1,"33":1},"f":{"0":5,"1":1},"b":{"0":[5,0],"1":[5,5]},"_coverageSchema":"332fd63041d2c1bcb487cc26dd0d5f7d97098a6c","hash":"221aed39b7dd8171cb86206ec2becea1ed5de1d4","contentHash":"e1743c5c068675ec4223d20c8c6a8aef_11.3.0"},"/Users/andeladeveloper/Documents/Documents/More-Recipe/server/controllers/recipes.js":{"path":"/Users/andeladeveloper/Documents/Documents/More-Recipe/server/controllers/recipes.js","statementMap":{"0":{"start":{"line":3,"column":0},"end":{"line":5,"column":3}},"1":{"start":{"line":7,"column":19},"end":{"line":7,"column":563}},"2":{"start":{"line":7,"column":76},"end":{"line":7,"column":347}},"3":{"start":{"line":7,"column":134},"end":{"line":7,"column":142}},"4":{"start":{"line":7,"column":144},"end":{"line":7,"column":199}},"5":{"start":{"line":7,"column":200},"end":{"line":7,"column":231}},"6":{"start":{"line":7,"column":232},"end":{"line":7,"column":286}},"7":{"start":{"line":7,"column":259},"end":{"line":7,"column":286}},"8":{"start":{"line":7,"column":287},"end":{"line":7,"column":345}},"9":{"start":{"line":7,"column":350},"end":{"line":7,"column":559}},"10":{"start":{"line":7,"column":407},"end":{"line":7,"column":475}},"11":{"start":{"line":7,"column":423},"end":{"line":7,"column":475}},"12":{"start":{"line":7,"column":476},"end":{"line":7,"column":536}},"13":{"start":{"line":7,"column":493},"end":{"line":7,"column":536}},"14":{"start":{"line":7,"column":537},"end":{"line":7,"column":556}},"15":{"start":{"line":9,"column":19},"end":{"line":9,"column":41}},"16":{"start":{"line":11,"column":20},"end":{"line":11,"column":56}},"17":{"start":{"line":13,"column":14},"end":{"line":13,"column":34}},"18":{"start":{"line":15,"column":14},"end":{"line":15,"column":45}},"19":{"start":{"line":17,"column":39},"end":{"line":17,"column":93}},"20":{"start":{"line":19,"column":50},"end":{"line":19,"column":151}},"21":{"start":{"line":19,"column":92},"end":{"line":19,"column":149}},"22":{"start":{"line":26,"column":18},"end":{"line":427,"column":3}},"23":{"start":{"line":28,"column":4},"end":{"line":28,"column":39}},"24":{"start":{"line":31,"column":2},"end":{"line":424,"column":6}},"25":{"start":{"line":41,"column":20},"end":{"line":41,"column":28}},"26":{"start":{"line":42,"column":16},"end":{"line":42,"column":36}},"27":{"start":{"line":43,"column":19},"end":{"line":45,"column":7}},"28":{"start":{"line":44,"column":8},"end":{"line":44,"column":45}},"29":{"start":{"line":46,"column":22},"end":{"line":46,"column":91}},"30":{"start":{"line":47,"column":6},"end":{"line":68,"column":7}},"31":{"start":{"line":48,"column":8},"end":{"line":65,"column":11}},"32":{"start":{"line":49,"column":10},"end":{"line":49,"column":106}},"33":{"start":{"line":49,"column":21},"end":{"line":49,"column":106}},"34":{"start":{"line":50,"column":10},"end":{"line":62,"column":13}},"35":{"start":{"line":59,"column":12},"end":{"line":59,"column":87}},"36":{"start":{"line":61,"column":12},"end":{"line":61,"column":92}},"37":{"start":{"line":64,"column":10},"end":{"line":64,"column":80}},"38":{"start":{"line":67,"column":8},"end":{"line":67,"column":83}},"39":{"start":{"line":83,"column":6},"end":{"line":90,"column":7}},"40":{"start":{"line":85,"column":8},"end":{"line":89,"column":11}},"41":{"start":{"line":86,"column":10},"end":{"line":86,"column":87}},"42":{"start":{"line":88,"column":10},"end":{"line":88,"column":85}},"43":{"start":{"line":92,"column":6},"end":{"line":103,"column":9}},"44":{"start":{"line":100,"column":8},"end":{"line":100,"column":85}},"45":{"start":{"line":102,"column":8},"end":{"line":102,"column":99}},"46":{"start":{"line":118,"column":6},"end":{"line":128,"column":9}},"47":{"start":{"line":125,"column":8},"end":{"line":125,"column":85}},"48":{"start":{"line":127,"column":8},"end":{"line":127,"column":99}},"49":{"start":{"line":143,"column":6},"end":{"line":152,"column":9}},"50":{"start":{"line":149,"column":8},"end":{"line":149,"column":73}},"51":{"start":{"line":151,"column":8},"end":{"line":151,"column":107}},"52":{"start":{"line":168,"column":6},"end":{"line":176,"column":9}},"53":{"start":{"line":173,"column":8},"end":{"line":173,"column":70}},"54":{"start":{"line":175,"column":8},"end":{"line":175,"column":99}},"55":{"start":{"line":191,"column":6},"end":{"line":220,"column":9}},"56":{"start":{"line":200,"column":8},"end":{"line":217,"column":9}},"57":{"start":{"line":201,"column":10},"end":{"line":209,"column":11}},"58":{"start":{"line":202,"column":12},"end":{"line":208,"column":15}},"59":{"start":{"line":207,"column":14},"end":{"line":207,"column":89}},"60":{"start":{"line":210,"column":10},"end":{"line":216,"column":13}},"61":{"start":{"line":215,"column":12},"end":{"line":215,"column":87}},"62":{"start":{"line":219,"column":8},"end":{"line":219,"column":97}},"63":{"start":{"line":234,"column":16},"end":{"line":234,"column":36}},"64":{"start":{"line":235,"column":19},"end":{"line":237,"column":7}},"65":{"start":{"line":236,"column":8},"end":{"line":236,"column":45}},"66":{"start":{"line":238,"column":6},"end":{"line":249,"column":9}},"67":{"start":{"line":239,"column":8},"end":{"line":246,"column":11}},"68":{"start":{"line":245,"column":10},"end":{"line":245,"column":70}},"69":{"start":{"line":248,"column":8},"end":{"line":248,"column":79}},"70":{"start":{"line":264,"column":6},"end":{"line":273,"column":9}},"71":{"start":{"line":265,"column":8},"end":{"line":269,"column":9}},"72":{"start":{"line":266,"column":10},"end":{"line":266,"column":111}},"73":{"start":{"line":267,"column":15},"end":{"line":269,"column":9}},"74":{"start":{"line":268,"column":10},"end":{"line":268,"column":111}},"75":{"start":{"line":270,"column":8},"end":{"line":270,"column":110}},"76":{"start":{"line":272,"column":8},"end":{"line":272,"column":80}},"77":{"start":{"line":288,"column":6},"end":{"line":334,"column":9}},"78":{"start":{"line":289,"column":8},"end":{"line":331,"column":9}},"79":{"start":{"line":291,"column":29},"end":{"line":291,"column":48}},"80":{"start":{"line":292,"column":27},"end":{"line":292,"column":44}},"81":{"start":{"line":294,"column":10},"end":{"line":321,"column":11}},"82":{"start":{"line":296,"column":27},"end":{"line":296,"column":69}},"83":{"start":{"line":297,"column":12},"end":{"line":297,"column":62}},"84":{"start":{"line":297,"column":31},"end":{"line":297,"column":62}},"85":{"start":{"line":298,"column":12},"end":{"line":304,"column":15}},"86":{"start":{"line":303,"column":14},"end":{"line":303,"column":90}},"87":{"start":{"line":305,"column":17},"end":{"line":321,"column":11}},"88":{"start":{"line":307,"column":28},"end":{"line":307,"column":72}},"89":{"start":{"line":308,"column":12},"end":{"line":310,"column":13}},"90":{"start":{"line":309,"column":14},"end":{"line":309,"column":48}},"91":{"start":{"line":311,"column":12},"end":{"line":311,"column":51}},"92":{"start":{"line":312,"column":12},"end":{"line":320,"column":15}},"93":{"start":{"line":319,"column":14},"end":{"line":319,"column":89}},"94":{"start":{"line":323,"column":10},"end":{"line":323,"column":49}},"95":{"start":{"line":324,"column":10},"end":{"line":330,"column":13}},"96":{"start":{"line":329,"column":12},"end":{"line":329,"column":87}},"97":{"start":{"line":333,"column":8},"end":{"line":333,"column":99}},"98":{"start":{"line":350,"column":6},"end":{"line":399,"column":9}},"99":{"start":{"line":352,"column":8},"end":{"line":396,"column":9}},"100":{"start":{"line":353,"column":29},"end":{"line":353,"column":48}},"101":{"start":{"line":354,"column":27},"end":{"line":354,"column":44}},"102":{"start":{"line":356,"column":10},"end":{"line":385,"column":11}},"103":{"start":{"line":358,"column":27},"end":{"line":358,"column":71}},"104":{"start":{"line":359,"column":12},"end":{"line":361,"column":13}},"105":{"start":{"line":360,"column":14},"end":{"line":360,"column":47}},"106":{"start":{"line":362,"column":12},"end":{"line":368,"column":15}},"107":{"start":{"line":367,"column":14},"end":{"line":367,"column":74}},"108":{"start":{"line":369,"column":17},"end":{"line":385,"column":11}},"109":{"start":{"line":371,"column":29},"end":{"line":371,"column":71}},"110":{"start":{"line":372,"column":12},"end":{"line":374,"column":13}},"111":{"start":{"line":373,"column":14},"end":{"line":373,"column":47}},"112":{"start":{"line":375,"column":12},"end":{"line":375,"column":53}},"113":{"start":{"line":376,"column":12},"end":{"line":384,"column":15}},"114":{"start":{"line":383,"column":14},"end":{"line":383,"column":74}},"115":{"start":{"line":388,"column":10},"end":{"line":388,"column":51}},"116":{"start":{"line":389,"column":10},"end":{"line":395,"column":13}},"117":{"start":{"line":394,"column":12},"end":{"line":394,"column":72}},"118":{"start":{"line":398,"column":8},"end":{"line":398,"column":95}},"119":{"start":{"line":413,"column":6},"end":{"line":422,"column":9}},"120":{"start":{"line":415,"column":8},"end":{"line":419,"column":11}},"121":{"start":{"line":416,"column":10},"end":{"line":416,"column":95}},"122":{"start":{"line":418,"column":10},"end":{"line":418,"column":101}},"123":{"start":{"line":421,"column":8},"end":{"line":421,"column":95}},"124":{"start":{"line":426,"column":2},"end":{"line":426,"column":21}},"125":{"start":{"line":429,"column":0},"end":{"line":429,"column":30}}},"fnMap":{"0":{"name":"(anonymous_0)","decl":{"start":{"line":7,"column":19},"end":{"line":7,"column":20}},"loc":{"start":{"line":7,"column":31},"end":{"line":7,"column":561}},"line":7},"1":{"name":"defineProperties","decl":{"start":{"line":7,"column":42},"end":{"line":7,"column":58}},"loc":{"start":{"line":7,"column":74},"end":{"line":7,"column":349}},"line":7},"2":{"name":"(anonymous_2)","decl":{"start":{"line":7,"column":357},"end":{"line":7,"column":358}},"loc":{"start":{"line":7,"column":405},"end":{"line":7,"column":558}},"line":7},"3":{"name":"_interopRequireDefault","decl":{"start":{"line":17,"column":9},"end":{"line":17,"column":31}},"loc":{"start":{"line":17,"column":37},"end":{"line":17,"column":95}},"line":17},"4":{"name":"_classCallCheck","decl":{"start":{"line":19,"column":9},"end":{"line":19,"column":24}},"loc":{"start":{"line":19,"column":48},"end":{"line":19,"column":153}},"line":19},"5":{"name":"(anonymous_5)","decl":{"start":{"line":26,"column":18},"end":{"line":26,"column":19}},"loc":{"start":{"line":26,"column":30},"end":{"line":427,"column":1}},"line":26},"6":{"name":"moreRecipes","decl":{"start":{"line":27,"column":11},"end":{"line":27,"column":22}},"loc":{"start":{"line":27,"column":25},"end":{"line":29,"column":3}},"line":27},"7":{"name":"addRecipe","decl":{"start":{"line":40,"column":20},"end":{"line":40,"column":29}},"loc":{"start":{"line":40,"column":40},"end":{"line":69,"column":5}},"line":40},"8":{"name":"getArr","decl":{"start":{"line":43,"column":28},"end":{"line":43,"column":34}},"loc":{"start":{"line":43,"column":42},"end":{"line":45,"column":7}},"line":43},"9":{"name":"(anonymous_9)","decl":{"start":{"line":48,"column":52},"end":{"line":48,"column":53}},"loc":{"start":{"line":48,"column":68},"end":{"line":63,"column":9}},"line":48},"10":{"name":"(anonymous_10)","decl":{"start":{"line":58,"column":18},"end":{"line":58,"column":19}},"loc":{"start":{"line":58,"column":36},"end":{"line":60,"column":11}},"line":58},"11":{"name":"(anonymous_11)","decl":{"start":{"line":60,"column":19},"end":{"line":60,"column":20}},"loc":{"start":{"line":60,"column":31},"end":{"line":62,"column":11}},"line":60},"12":{"name":"(anonymous_12)","decl":{"start":{"line":63,"column":17},"end":{"line":63,"column":18}},"loc":{"start":{"line":63,"column":29},"end":{"line":65,"column":9}},"line":63},"13":{"name":"listRecipes","decl":{"start":{"line":82,"column":20},"end":{"line":82,"column":31}},"loc":{"start":{"line":82,"column":42},"end":{"line":104,"column":5}},"line":82},"14":{"name":"(anonymous_14)","decl":{"start":{"line":85,"column":88},"end":{"line":85,"column":89}},"loc":{"start":{"line":85,"column":107},"end":{"line":87,"column":9}},"line":85},"15":{"name":"(anonymous_15)","decl":{"start":{"line":87,"column":17},"end":{"line":87,"column":18}},"loc":{"start":{"line":87,"column":29},"end":{"line":89,"column":9}},"line":87},"16":{"name":"(anonymous_16)","decl":{"start":{"line":99,"column":14},"end":{"line":99,"column":15}},"loc":{"start":{"line":99,"column":33},"end":{"line":101,"column":7}},"line":99},"17":{"name":"(anonymous_17)","decl":{"start":{"line":101,"column":15},"end":{"line":101,"column":16}},"loc":{"start":{"line":101,"column":27},"end":{"line":103,"column":7}},"line":101},"18":{"name":"listRecipeCategory","decl":{"start":{"line":117,"column":20},"end":{"line":117,"column":38}},"loc":{"start":{"line":117,"column":49},"end":{"line":129,"column":5}},"line":117},"19":{"name":"(anonymous_19)","decl":{"start":{"line":124,"column":14},"end":{"line":124,"column":15}},"loc":{"start":{"line":124,"column":33},"end":{"line":126,"column":7}},"line":124},"20":{"name":"(anonymous_20)","decl":{"start":{"line":126,"column":15},"end":{"line":126,"column":16}},"loc":{"start":{"line":126,"column":27},"end":{"line":128,"column":7}},"line":126},"21":{"name":"listPrivateRecipes","decl":{"start":{"line":142,"column":20},"end":{"line":142,"column":38}},"loc":{"start":{"line":142,"column":49},"end":{"line":153,"column":5}},"line":142},"22":{"name":"(anonymous_22)","decl":{"start":{"line":148,"column":14},"end":{"line":148,"column":15}},"loc":{"start":{"line":148,"column":33},"end":{"line":150,"column":7}},"line":148},"23":{"name":"(anonymous_23)","decl":{"start":{"line":150,"column":15},"end":{"line":150,"column":16}},"loc":{"start":{"line":150,"column":27},"end":{"line":152,"column":7}},"line":150},"24":{"name":"SearchRecipe","decl":{"start":{"line":167,"column":20},"end":{"line":167,"column":32}},"loc":{"start":{"line":167,"column":43},"end":{"line":177,"column":5}},"line":167},"25":{"name":"(anonymous_25)","decl":{"start":{"line":172,"column":14},"end":{"line":172,"column":15}},"loc":{"start":{"line":172,"column":33},"end":{"line":174,"column":7}},"line":172},"26":{"name":"(anonymous_26)","decl":{"start":{"line":174,"column":15},"end":{"line":174,"column":16}},"loc":{"start":{"line":174,"column":27},"end":{"line":176,"column":7}},"line":174},"27":{"name":"getRecipe","decl":{"start":{"line":190,"column":20},"end":{"line":190,"column":29}},"loc":{"start":{"line":190,"column":40},"end":{"line":221,"column":5}},"line":190},"28":{"name":"(anonymous_28)","decl":{"start":{"line":199,"column":14},"end":{"line":199,"column":15}},"loc":{"start":{"line":199,"column":32},"end":{"line":218,"column":7}},"line":199},"29":{"name":"(anonymous_29)","decl":{"start":{"line":206,"column":20},"end":{"line":206,"column":21}},"loc":{"start":{"line":206,"column":32},"end":{"line":208,"column":13}},"line":206},"30":{"name":"(anonymous_30)","decl":{"start":{"line":214,"column":18},"end":{"line":214,"column":19}},"loc":{"start":{"line":214,"column":30},"end":{"line":216,"column":11}},"line":214},"31":{"name":"(anonymous_31)","decl":{"start":{"line":218,"column":15},"end":{"line":218,"column":16}},"loc":{"start":{"line":218,"column":27},"end":{"line":220,"column":7}},"line":218},"32":{"name":"updateRecipe","decl":{"start":{"line":233,"column":20},"end":{"line":233,"column":32}},"loc":{"start":{"line":233,"column":43},"end":{"line":250,"column":5}},"line":233},"33":{"name":"getArr","decl":{"start":{"line":235,"column":28},"end":{"line":235,"column":34}},"loc":{"start":{"line":235,"column":42},"end":{"line":237,"column":7}},"line":235},"34":{"name":"(anonymous_34)","decl":{"start":{"line":238,"column":64},"end":{"line":238,"column":65}},"loc":{"start":{"line":238,"column":82},"end":{"line":247,"column":7}},"line":238},"35":{"name":"(anonymous_35)","decl":{"start":{"line":244,"column":16},"end":{"line":244,"column":17}},"loc":{"start":{"line":244,"column":28},"end":{"line":246,"column":9}},"line":244},"36":{"name":"(anonymous_36)","decl":{"start":{"line":247,"column":15},"end":{"line":247,"column":16}},"loc":{"start":{"line":247,"column":27},"end":{"line":249,"column":7}},"line":247},"37":{"name":"checkReactions","decl":{"start":{"line":263,"column":20},"end":{"line":263,"column":34}},"loc":{"start":{"line":263,"column":45},"end":{"line":274,"column":5}},"line":263},"38":{"name":"(anonymous_38)","decl":{"start":{"line":264,"column":64},"end":{"line":264,"column":65}},"loc":{"start":{"line":264,"column":82},"end":{"line":271,"column":7}},"line":264},"39":{"name":"(anonymous_39)","decl":{"start":{"line":271,"column":15},"end":{"line":271,"column":16}},"loc":{"start":{"line":271,"column":27},"end":{"line":273,"column":7}},"line":271},"40":{"name":"upvote","decl":{"start":{"line":287,"column":20},"end":{"line":287,"column":26}},"loc":{"start":{"line":287,"column":37},"end":{"line":335,"column":5}},"line":287},"41":{"name":"(anonymous_41)","decl":{"start":{"line":288,"column":64},"end":{"line":288,"column":65}},"loc":{"start":{"line":288,"column":82},"end":{"line":332,"column":7}},"line":288},"42":{"name":"(anonymous_42)","decl":{"start":{"line":302,"column":20},"end":{"line":302,"column":21}},"loc":{"start":{"line":302,"column":32},"end":{"line":304,"column":13}},"line":302},"43":{"name":"(anonymous_43)","decl":{"start":{"line":318,"column":20},"end":{"line":318,"column":21}},"loc":{"start":{"line":318,"column":32},"end":{"line":320,"column":13}},"line":318},"44":{"name":"(anonymous_44)","decl":{"start":{"line":328,"column":18},"end":{"line":328,"column":19}},"loc":{"start":{"line":328,"column":30},"end":{"line":330,"column":11}},"line":328},"45":{"name":"(anonymous_45)","decl":{"start":{"line":332,"column":15},"end":{"line":332,"column":16}},"loc":{"start":{"line":332,"column":27},"end":{"line":334,"column":7}},"line":332},"46":{"name":"downvote","decl":{"start":{"line":349,"column":20},"end":{"line":349,"column":28}},"loc":{"start":{"line":349,"column":39},"end":{"line":400,"column":5}},"line":349},"47":{"name":"(anonymous_47)","decl":{"start":{"line":350,"column":64},"end":{"line":350,"column":65}},"loc":{"start":{"line":350,"column":82},"end":{"line":397,"column":7}},"line":350},"48":{"name":"(anonymous_48)","decl":{"start":{"line":366,"column":20},"end":{"line":366,"column":21}},"loc":{"start":{"line":366,"column":32},"end":{"line":368,"column":13}},"line":366},"49":{"name":"(anonymous_49)","decl":{"start":{"line":382,"column":20},"end":{"line":382,"column":21}},"loc":{"start":{"line":382,"column":32},"end":{"line":384,"column":13}},"line":382},"50":{"name":"(anonymous_50)","decl":{"start":{"line":393,"column":18},"end":{"line":393,"column":19}},"loc":{"start":{"line":393,"column":30},"end":{"line":395,"column":11}},"line":393},"51":{"name":"(anonymous_51)","decl":{"start":{"line":397,"column":15},"end":{"line":397,"column":16}},"loc":{"start":{"line":397,"column":27},"end":{"line":399,"column":7}},"line":397},"52":{"name":"deleteRecipe","decl":{"start":{"line":412,"column":20},"end":{"line":412,"column":32}},"loc":{"start":{"line":412,"column":43},"end":{"line":423,"column":5}},"line":412},"53":{"name":"(anonymous_53)","decl":{"start":{"line":413,"column":64},"end":{"line":413,"column":65}},"loc":{"start":{"line":413,"column":82},"end":{"line":420,"column":7}},"line":413},"54":{"name":"(anonymous_54)","decl":{"start":{"line":415,"column":37},"end":{"line":415,"column":38}},"loc":{"start":{"line":415,"column":49},"end":{"line":417,"column":9}},"line":415},"55":{"name":"(anonymous_55)","decl":{"start":{"line":417,"column":17},"end":{"line":417,"column":18}},"loc":{"start":{"line":417,"column":29},"end":{"line":419,"column":9}},"line":417},"56":{"name":"(anonymous_56)","decl":{"start":{"line":420,"column":15},"end":{"line":420,"column":16}},"loc":{"start":{"line":420,"column":27},"end":{"line":422,"column":7}},"line":420}},"branchMap":{"0":{"loc":{"start":{"line":7,"column":168},"end":{"line":7,"column":198}},"type":"binary-expr","locations":[{"start":{"line":7,"column":168},"end":{"line":7,"column":189}},{"start":{"line":7,"column":193},"end":{"line":7,"column":198}}],"line":7},"1":{"loc":{"start":{"line":7,"column":232},"end":{"line":7,"column":286}},"type":"if","locations":[{"start":{"line":7,"column":232},"end":{"line":7,"column":286}},{"start":{"line":7,"column":232},"end":{"line":7,"column":286}}],"line":7},"2":{"loc":{"start":{"line":7,"column":407},"end":{"line":7,"column":475}},"type":"if","locations":[{"start":{"line":7,"column":407},"end":{"line":7,"column":475}},{"start":{"line":7,"column":407},"end":{"line":7,"column":475}}],"line":7},"3":{"loc":{"start":{"line":7,"column":476},"end":{"line":7,"column":536}},"type":"if","locations":[{"start":{"line":7,"column":476},"end":{"line":7,"column":536}},{"start":{"line":7,"column":476},"end":{"line":7,"column":536}}],"line":7},"4":{"loc":{"start":{"line":17,"column":46},"end":{"line":17,"column":92}},"type":"cond-expr","locations":[{"start":{"line":17,"column":70},"end":{"line":17,"column":73}},{"start":{"line":17,"column":76},"end":{"line":17,"column":92}}],"line":17},"5":{"loc":{"start":{"line":17,"column":46},"end":{"line":17,"column":67}},"type":"binary-expr","locations":[{"start":{"line":17,"column":46},"end":{"line":17,"column":49}},{"start":{"line":17,"column":53},"end":{"line":17,"column":67}}],"line":17},"6":{"loc":{"start":{"line":19,"column":50},"end":{"line":19,"column":151}},"type":"if","locations":[{"start":{"line":19,"column":50},"end":{"line":19,"column":151}},{"start":{"line":19,"column":50},"end":{"line":19,"column":151}}],"line":19},"7":{"loc":{"start":{"line":47,"column":6},"end":{"line":68,"column":7}},"type":"if","locations":[{"start":{"line":47,"column":6},"end":{"line":68,"column":7}},{"start":{"line":47,"column":6},"end":{"line":68,"column":7}}],"line":47},"8":{"loc":{"start":{"line":49,"column":10},"end":{"line":49,"column":106}},"type":"if","locations":[{"start":{"line":49,"column":10},"end":{"line":49,"column":106}},{"start":{"line":49,"column":10},"end":{"line":49,"column":106}}],"line":49},"9":{"loc":{"start":{"line":83,"column":6},"end":{"line":90,"column":7}},"type":"if","locations":[{"start":{"line":83,"column":6},"end":{"line":90,"column":7}},{"start":{"line":83,"column":6},"end":{"line":90,"column":7}}],"line":83},"10":{"loc":{"start":{"line":83,"column":10},"end":{"line":83,"column":43}},"type":"binary-expr","locations":[{"start":{"line":83,"column":10},"end":{"line":83,"column":24}},{"start":{"line":83,"column":28},"end":{"line":83,"column":43}}],"line":83},"11":{"loc":{"start":{"line":144,"column":15},"end":{"line":144,"column":36}},"type":"binary-expr","locations":[{"start":{"line":144,"column":15},"end":{"line":144,"column":31}},{"start":{"line":144,"column":35},"end":{"line":144,"column":36}}],"line":144},"12":{"loc":{"start":{"line":200,"column":8},"end":{"line":217,"column":9}},"type":"if","locations":[{"start":{"line":200,"column":8},"end":{"line":217,"column":9}},{"start":{"line":200,"column":8},"end":{"line":217,"column":9}}],"line":200},"13":{"loc":{"start":{"line":201,"column":10},"end":{"line":209,"column":11}},"type":"if","locations":[{"start":{"line":201,"column":10},"end":{"line":209,"column":11}},{"start":{"line":201,"column":10},"end":{"line":209,"column":11}}],"line":201},"14":{"loc":{"start":{"line":240,"column":16},"end":{"line":240,"column":44}},"type":"binary-expr","locations":[{"start":{"line":240,"column":16},"end":{"line":240,"column":29}},{"start":{"line":240,"column":33},"end":{"line":240,"column":44}}],"line":240},"15":{"loc":{"start":{"line":241,"column":21},"end":{"line":241,"column":59}},"type":"binary-expr","locations":[{"start":{"line":241,"column":21},"end":{"line":241,"column":39}},{"start":{"line":241,"column":43},"end":{"line":241,"column":59}}],"line":241},"16":{"loc":{"start":{"line":242,"column":23},"end":{"line":242,"column":65}},"type":"binary-expr","locations":[{"start":{"line":242,"column":23},"end":{"line":242,"column":43}},{"start":{"line":242,"column":47},"end":{"line":242,"column":65}}],"line":242},"17":{"loc":{"start":{"line":243,"column":23},"end":{"line":243,"column":56}},"type":"binary-expr","locations":[{"start":{"line":243,"column":23},"end":{"line":243,"column":34}},{"start":{"line":243,"column":38},"end":{"line":243,"column":56}}],"line":243},"18":{"loc":{"start":{"line":265,"column":8},"end":{"line":269,"column":9}},"type":"if","locations":[{"start":{"line":265,"column":8},"end":{"line":269,"column":9}},{"start":{"line":265,"column":8},"end":{"line":269,"column":9}}],"line":265},"19":{"loc":{"start":{"line":267,"column":15},"end":{"line":269,"column":9}},"type":"if","locations":[{"start":{"line":267,"column":15},"end":{"line":269,"column":9}},{"start":{"line":267,"column":15},"end":{"line":269,"column":9}}],"line":267},"20":{"loc":{"start":{"line":289,"column":8},"end":{"line":331,"column":9}},"type":"if","locations":[{"start":{"line":289,"column":8},"end":{"line":331,"column":9}},{"start":{"line":289,"column":8},"end":{"line":331,"column":9}}],"line":289},"21":{"loc":{"start":{"line":294,"column":10},"end":{"line":321,"column":11}},"type":"if","locations":[{"start":{"line":294,"column":10},"end":{"line":321,"column":11}},{"start":{"line":294,"column":10},"end":{"line":321,"column":11}}],"line":294},"22":{"loc":{"start":{"line":297,"column":12},"end":{"line":297,"column":62}},"type":"if","locations":[{"start":{"line":297,"column":12},"end":{"line":297,"column":62}},{"start":{"line":297,"column":12},"end":{"line":297,"column":62}}],"line":297},"23":{"loc":{"start":{"line":305,"column":17},"end":{"line":321,"column":11}},"type":"if","locations":[{"start":{"line":305,"column":17},"end":{"line":321,"column":11}},{"start":{"line":305,"column":17},"end":{"line":321,"column":11}}],"line":305},"24":{"loc":{"start":{"line":305,"column":21},"end":{"line":305,"column":125}},"type":"binary-expr","locations":[{"start":{"line":305,"column":21},"end":{"line":305,"column":70}},{"start":{"line":305,"column":74},"end":{"line":305,"column":125}}],"line":305},"25":{"loc":{"start":{"line":308,"column":12},"end":{"line":310,"column":13}},"type":"if","locations":[{"start":{"line":308,"column":12},"end":{"line":310,"column":13}},{"start":{"line":308,"column":12},"end":{"line":310,"column":13}}],"line":308},"26":{"loc":{"start":{"line":352,"column":8},"end":{"line":396,"column":9}},"type":"if","locations":[{"start":{"line":352,"column":8},"end":{"line":396,"column":9}},{"start":{"line":352,"column":8},"end":{"line":396,"column":9}}],"line":352},"27":{"loc":{"start":{"line":356,"column":10},"end":{"line":385,"column":11}},"type":"if","locations":[{"start":{"line":356,"column":10},"end":{"line":385,"column":11}},{"start":{"line":356,"column":10},"end":{"line":385,"column":11}}],"line":356},"28":{"loc":{"start":{"line":359,"column":12},"end":{"line":361,"column":13}},"type":"if","locations":[{"start":{"line":359,"column":12},"end":{"line":361,"column":13}},{"start":{"line":359,"column":12},"end":{"line":361,"column":13}}],"line":359},"29":{"loc":{"start":{"line":369,"column":17},"end":{"line":385,"column":11}},"type":"if","locations":[{"start":{"line":369,"column":17},"end":{"line":385,"column":11}},{"start":{"line":369,"column":17},"end":{"line":385,"column":11}}],"line":369},"30":{"loc":{"start":{"line":369,"column":21},"end":{"line":369,"column":125}},"type":"binary-expr","locations":[{"start":{"line":369,"column":21},"end":{"line":369,"column":72}},{"start":{"line":369,"column":76},"end":{"line":369,"column":125}}],"line":369},"31":{"loc":{"start":{"line":372,"column":12},"end":{"line":374,"column":13}},"type":"if","locations":[{"start":{"line":372,"column":12},"end":{"line":374,"column":13}},{"start":{"line":372,"column":12},"end":{"line":374,"column":13}}],"line":372}},"s":{"0":1,"1":1,"2":1,"3":11,"4":11,"5":11,"6":11,"7":11,"8":11,"9":1,"10":1,"11":0,"12":1,"13":1,"14":1,"15":1,"16":1,"17":1,"18":1,"19":1,"20":0,"21":0,"22":1,"23":0,"24":1,"25":1,"26":1,"27":1,"28":1,"29":1,"30":1,"31":1,"32":1,"33":0,"34":1,"35":1,"36":0,"37":0,"38":0,"39":1,"40":0,"41":0,"42":0,"43":1,"44":1,"45":0,"46":0,"47":0,"48":0,"49":1,"50":1,"51":0,"52":1,"53":1,"54":0,"55":2,"56":2,"57":2,"58":0,"59":0,"60":1,"61":1,"62":1,"63":2,"64":2,"65":1,"66":2,"67":2,"68":1,"69":1,"70":4,"71":4,"72":1,"73":2,"74":1,"75":1,"76":1,"77":4,"78":4,"79":4,"80":3,"81":3,"82":1,"83":1,"84":1,"85":1,"86":1,"87":2,"88":1,"89":1,"90":1,"91":1,"92":1,"93":1,"94":1,"95":1,"96":1,"97":1,"98":4,"99":4,"100":4,"101":3,"102":3,"103":1,"104":1,"105":1,"106":1,"107":1,"108":2,"109":1,"110":1,"111":1,"112":1,"113":1,"114":1,"115":1,"116":1,"117":1,"118":1,"119":2,"120":2,"121":1,"122":0,"123":1,"124":1,"125":1},"f":{"0":1,"1":1,"2":1,"3":1,"4":0,"5":1,"6":0,"7":1,"8":1,"9":1,"10":1,"11":0,"12":0,"13":1,"14":0,"15":0,"16":1,"17":0,"18":0,"19":0,"20":0,"21":1,"22":1,"23":0,"24":1,"25":1,"26":0,"27":2,"28":2,"29":0,"30":1,"31":1,"32":2,"33":1,"34":2,"35":1,"36":1,"37":4,"38":4,"39":1,"40":4,"41":4,"42":1,"43":1,"44":1,"45":1,"46":4,"47":4,"48":1,"49":1,"50":1,"51":1,"52":2,"53":2,"54":1,"55":0,"56":1},"b":{"0":[11,11],"1":[11,0],"2":[0,1],"3":[1,0],"4":[0,1],"5":[1,1],"6":[0,0],"7":[1,0],"8":[0,1],"9":[0,1],"10":[1,0],"11":[1,0],"12":[2,0],"13":[0,1],"14":[1,0],"15":[1,0],"16":[1,0],"17":[1,0],"18":[1,2],"19":[1,1],"20":[4,0],"21":[1,2],"22":[1,0],"23":[1,1],"24":[2,2],"25":[1,0],"26":[4,0],"27":[1,2],"28":[1,0],"29":[1,1],"30":[2,2],"31":[1,0]},"_coverageSchema":"332fd63041d2c1bcb487cc26dd0d5f7d97098a6c","hash":"06918e426f8a34c0802fc72ea926d9f7d64e0fc7","contentHash":"99ca7d9fb6ee3aa0611bf6a7ede554c4_11.3.0"},"/Users/andeladeveloper/Documents/Documents/More-Recipe/server/models/index.js":{"path":"/Users/andeladeveloper/Documents/Documents/More-Recipe/server/models/index.js","statementMap":{"0":{"start":{"line":3,"column":10},"end":{"line":3,"column":23}},"1":{"start":{"line":5,"column":11},"end":{"line":5,"column":38}},"2":{"start":{"line":7,"column":12},"end":{"line":7,"column":27}},"3":{"start":{"line":9,"column":13},"end":{"line":9,"column":42}},"4":{"start":{"line":11,"column":17},"end":{"line":11,"column":37}},"5":{"start":{"line":13,"column":18},"end":{"line":13,"column":52}},"6":{"start":{"line":15,"column":39},"end":{"line":15,"column":93}},"7":{"start":{"line":17,"column":15},"end":{"line":17,"column":55}},"8":{"start":{"line":18,"column":10},"end":{"line":18,"column":47}},"9":{"start":{"line":19,"column":13},"end":{"line":19,"column":63}},"10":{"start":{"line":20,"column":9},"end":{"line":20,"column":11}},"11":{"start":{"line":22,"column":16},"end":{"line":22,"column":22}},"12":{"start":{"line":23,"column":0},"end":{"line":27,"column":1}},"13":{"start":{"line":24,"column":2},"end":{"line":24,"column":76}},"14":{"start":{"line":26,"column":2},"end":{"line":26,"column":97}},"15":{"start":{"line":29,"column":0},"end":{"line":34,"column":3}},"16":{"start":{"line":30,"column":2},"end":{"line":30,"column":82}},"17":{"start":{"line":32,"column":14},"end":{"line":32,"column":68}},"18":{"start":{"line":33,"column":2},"end":{"line":33,"column":25}},"19":{"start":{"line":36,"column":0},"end":{"line":40,"column":3}},"20":{"start":{"line":37,"column":2},"end":{"line":39,"column":3}},"21":{"start":{"line":38,"column":4},"end":{"line":38,"column":32}},"22":{"start":{"line":42,"column":0},"end":{"line":42,"column":25}},"23":{"start":{"line":43,"column":0},"end":{"line":43,"column":35}},"24":{"start":{"line":45,"column":0},"end":{"line":45,"column":20}}},"fnMap":{"0":{"name":"_interopRequireDefault","decl":{"start":{"line":15,"column":9},"end":{"line":15,"column":31}},"loc":{"start":{"line":15,"column":37},"end":{"line":15,"column":95}},"line":15},"1":{"name":"(anonymous_1)","decl":{"start":{"line":29,"column":43},"end":{"line":29,"column":44}},"loc":{"start":{"line":29,"column":59},"end":{"line":31,"column":1}},"line":29},"2":{"name":"(anonymous_2)","decl":{"start":{"line":31,"column":11},"end":{"line":31,"column":12}},"loc":{"start":{"line":31,"column":27},"end":{"line":34,"column":1}},"line":31},"3":{"name":"(anonymous_3)","decl":{"start":{"line":36,"column":24},"end":{"line":36,"column":25}},"loc":{"start":{"line":36,"column":45},"end":{"line":40,"column":1}},"line":36}},"branchMap":{"0":{"loc":{"start":{"line":15,"column":46},"end":{"line":15,"column":92}},"type":"cond-expr","locations":[{"start":{"line":15,"column":70},"end":{"line":15,"column":73}},{"start":{"line":15,"column":76},"end":{"line":15,"column":92}}],"line":15},"1":{"loc":{"start":{"line":15,"column":46},"end":{"line":15,"column":67}},"type":"binary-expr","locations":[{"start":{"line":15,"column":46},"end":{"line":15,"column":49}},{"start":{"line":15,"column":53},"end":{"line":15,"column":67}}],"line":15},"2":{"loc":{"start":{"line":18,"column":10},"end":{"line":18,"column":47}},"type":"binary-expr","locations":[{"start":{"line":18,"column":10},"end":{"line":18,"column":30}},{"start":{"line":18,"column":34},"end":{"line":18,"column":47}}],"line":18},"3":{"loc":{"start":{"line":23,"column":0},"end":{"line":27,"column":1}},"type":"if","locations":[{"start":{"line":23,"column":0},"end":{"line":27,"column":1}},{"start":{"line":23,"column":0},"end":{"line":27,"column":1}}],"line":23},"4":{"loc":{"start":{"line":30,"column":9},"end":{"line":30,"column":81}},"type":"binary-expr","locations":[{"start":{"line":30,"column":9},"end":{"line":30,"column":32}},{"start":{"line":30,"column":36},"end":{"line":30,"column":53}},{"start":{"line":30,"column":57},"end":{"line":30,"column":81}}],"line":30},"5":{"loc":{"start":{"line":37,"column":2},"end":{"line":39,"column":3}},"type":"if","locations":[{"start":{"line":37,"column":2},"end":{"line":39,"column":3}},{"start":{"line":37,"column":2},"end":{"line":39,"column":3}}],"line":37}},"s":{"0":1,"1":1,"2":1,"3":1,"4":1,"5":1,"6":3,"7":1,"8":1,"9":1,"10":1,"11":1,"12":1,"13":0,"14":1,"15":1,"16":5,"17":4,"18":4,"19":1,"20":4,"21":4,"22":1,"23":1,"24":1},"f":{"0":3,"1":5,"2":4,"3":4},"b":{"0":[0,3],"1":[3,3],"2":[1,0],"3":[0,1],"4":[5,5,4],"5":[4,0]},"_coverageSchema":"332fd63041d2c1bcb487cc26dd0d5f7d97098a6c","hash":"8ad86b3eacfa7ffb8c6ba97289bb31769ca12626","contentHash":"729eb714f06061dd6306c91ef7c07dc5_11.3.0"},"/Users/andeladeveloper/Documents/Documents/More-Recipe/server/models/favorite.js":{"path":"/Users/andeladeveloper/Documents/Documents/More-Recipe/server/models/favorite.js","statementMap":{"0":{"start":{"line":3,"column":0},"end":{"line":5,"column":3}},"1":{"start":{"line":7,"column":0},"end":{"line":29,"column":2}},"2":{"start":{"line":8,"column":17},"end":{"line":17,"column":4}},"3":{"start":{"line":18,"column":2},"end":{"line":27,"column":4}},"4":{"start":{"line":19,"column":4},"end":{"line":22,"column":7}},"5":{"start":{"line":23,"column":4},"end":{"line":26,"column":7}},"6":{"start":{"line":28,"column":2},"end":{"line":28,"column":18}}},"fnMap":{"0":{"name":"(anonymous_0)","decl":{"start":{"line":7,"column":18},"end":{"line":7,"column":19}},"loc":{"start":{"line":7,"column":50},"end":{"line":29,"column":1}},"line":7},"1":{"name":"(anonymous_1)","decl":{"start":{"line":18,"column":23},"end":{"line":18,"column":24}},"loc":{"start":{"line":18,"column":41},"end":{"line":27,"column":3}},"line":18}},"branchMap":{},"s":{"0":1,"1":1,"2":1,"3":1,"4":1,"5":1,"6":1},"f":{"0":1,"1":1},"b":{},"_coverageSchema":"332fd63041d2c1bcb487cc26dd0d5f7d97098a6c","hash":"c5fca99e8e4cf3898ba17471f173e2c5e081d2a6","contentHash":"697ae6f27a60b1bc004ca73d11217230_11.3.0"},"/Users/andeladeveloper/Documents/Documents/More-Recipe/server/models/recipes.js":{"path":"/Users/andeladeveloper/Documents/Documents/More-Recipe/server/models/recipes.js","statementMap":{"0":{"start":{"line":3,"column":0},"end":{"line":5,"column":3}},"1":{"start":{"line":7,"column":0},"end":{"line":98,"column":2}},"2":{"start":{"line":8,"column":16},"end":{"line":64,"column":4}},"3":{"start":{"line":66,"column":2},"end":{"line":81,"column":4}},"4":{"start":{"line":67,"column":4},"end":{"line":70,"column":7}},"5":{"start":{"line":72,"column":4},"end":{"line":75,"column":7}},"6":{"start":{"line":77,"column":4},"end":{"line":80,"column":7}},"7":{"start":{"line":82,"column":2},"end":{"line":89,"column":4}},"8":{"start":{"line":83,"column":4},"end":{"line":88,"column":6}},"9":{"start":{"line":90,"column":2},"end":{"line":96,"column":4}},"10":{"start":{"line":91,"column":4},"end":{"line":95,"column":6}},"11":{"start":{"line":97,"column":2},"end":{"line":97,"column":17}}},"fnMap":{"0":{"name":"(anonymous_0)","decl":{"start":{"line":7,"column":18},"end":{"line":7,"column":19}},"loc":{"start":{"line":7,"column":50},"end":{"line":98,"column":1}},"line":7},"1":{"name":"(anonymous_1)","decl":{"start":{"line":66,"column":22},"end":{"line":66,"column":23}},"loc":{"start":{"line":66,"column":40},"end":{"line":81,"column":3}},"line":66},"2":{"name":"(anonymous_2)","decl":{"start":{"line":82,"column":24},"end":{"line":82,"column":25}},"loc":{"start":{"line":82,"column":36},"end":{"line":89,"column":3}},"line":82},"3":{"name":"(anonymous_3)","decl":{"start":{"line":90,"column":24},"end":{"line":90,"column":25}},"loc":{"start":{"line":90,"column":36},"end":{"line":96,"column":3}},"line":90}},"branchMap":{},"s":{"0":1,"1":1,"2":1,"3":1,"4":1,"5":1,"6":1,"7":1,"8":0,"9":1,"10":0,"11":1},"f":{"0":1,"1":1,"2":0,"3":0},"b":{},"_coverageSchema":"332fd63041d2c1bcb487cc26dd0d5f7d97098a6c","hash":"3083e412694520ad0daf6227de88644b66ba1083","contentHash":"c9633216cf779105a4e0afacb05d66da_11.3.0"},"/Users/andeladeveloper/Documents/Documents/More-Recipe/server/models/reviews.js":{"path":"/Users/andeladeveloper/Documents/Documents/More-Recipe/server/models/reviews.js","statementMap":{"0":{"start":{"line":3,"column":0},"end":{"line":5,"column":3}},"1":{"start":{"line":7,"column":0},"end":{"line":34,"column":2}},"2":{"start":{"line":8,"column":16},"end":{"line":21,"column":4}},"3":{"start":{"line":22,"column":2},"end":{"line":31,"column":4}},"4":{"start":{"line":23,"column":4},"end":{"line":26,"column":7}},"5":{"start":{"line":27,"column":4},"end":{"line":30,"column":7}},"6":{"start":{"line":33,"column":2},"end":{"line":33,"column":17}}},"fnMap":{"0":{"name":"(anonymous_0)","decl":{"start":{"line":7,"column":18},"end":{"line":7,"column":19}},"loc":{"start":{"line":7,"column":50},"end":{"line":34,"column":1}},"line":7},"1":{"name":"(anonymous_1)","decl":{"start":{"line":22,"column":22},"end":{"line":22,"column":23}},"loc":{"start":{"line":22,"column":40},"end":{"line":31,"column":3}},"line":22}},"branchMap":{},"s":{"0":1,"1":1,"2":1,"3":1,"4":1,"5":1,"6":1},"f":{"0":1,"1":1},"b":{},"_coverageSchema":"332fd63041d2c1bcb487cc26dd0d5f7d97098a6c","hash":"d288e26b115a648dcadb3565999c30643f77da7f","contentHash":"c0682f1e186b08c90b6e8295df32cc9a_11.3.0"},"/Users/andeladeveloper/Documents/Documents/More-Recipe/server/models/users.js":{"path":"/Users/andeladeveloper/Documents/Documents/More-Recipe/server/models/users.js","statementMap":{"0":{"start":{"line":3,"column":0},"end":{"line":5,"column":3}},"1":{"start":{"line":7,"column":20},"end":{"line":7,"column":44}},"2":{"start":{"line":9,"column":21},"end":{"line":9,"column":58}},"3":{"start":{"line":11,"column":39},"end":{"line":11,"column":93}},"4":{"start":{"line":13,"column":0},"end":{"line":72,"column":2}},"5":{"start":{"line":14,"column":14},"end":{"line":52,"column":4}},"6":{"start":{"line":54,"column":2},"end":{"line":59,"column":4}},"7":{"start":{"line":55,"column":4},"end":{"line":58,"column":7}},"8":{"start":{"line":62,"column":2},"end":{"line":64,"column":4}},"9":{"start":{"line":63,"column":4},"end":{"line":63,"column":71}},"10":{"start":{"line":66,"column":2},"end":{"line":69,"column":5}},"11":{"start":{"line":67,"column":15},"end":{"line":67,"column":61}},"12":{"start":{"line":68,"column":4},"end":{"line":68,"column":25}},"13":{"start":{"line":71,"column":2},"end":{"line":71,"column":15}}},"fnMap":{"0":{"name":"_interopRequireDefault","decl":{"start":{"line":11,"column":9},"end":{"line":11,"column":31}},"loc":{"start":{"line":11,"column":37},"end":{"line":11,"column":95}},"line":11},"1":{"name":"(anonymous_1)","decl":{"start":{"line":13,"column":18},"end":{"line":13,"column":19}},"loc":{"start":{"line":13,"column":50},"end":{"line":72,"column":1}},"line":13},"2":{"name":"(anonymous_2)","decl":{"start":{"line":54,"column":20},"end":{"line":54,"column":21}},"loc":{"start":{"line":54,"column":38},"end":{"line":59,"column":3}},"line":54},"3":{"name":"(anonymous_3)","decl":{"start":{"line":62,"column":36},"end":{"line":62,"column":37}},"loc":{"start":{"line":62,"column":62},"end":{"line":64,"column":3}},"line":62},"4":{"name":"(anonymous_4)","decl":{"start":{"line":66,"column":29},"end":{"line":66,"column":30}},"loc":{"start":{"line":66,"column":45},"end":{"line":69,"column":3}},"line":66}},"branchMap":{"0":{"loc":{"start":{"line":11,"column":46},"end":{"line":11,"column":92}},"type":"cond-expr","locations":[{"start":{"line":11,"column":70},"end":{"line":11,"column":73}},{"start":{"line":11,"column":76},"end":{"line":11,"column":92}}],"line":11},"1":{"loc":{"start":{"line":11,"column":46},"end":{"line":11,"column":67}},"type":"binary-expr","locations":[{"start":{"line":11,"column":46},"end":{"line":11,"column":49}},{"start":{"line":11,"column":53},"end":{"line":11,"column":67}}],"line":11}},"s":{"0":1,"1":1,"2":1,"3":1,"4":1,"5":1,"6":1,"7":1,"8":1,"9":4,"10":1,"11":4,"12":4,"13":1},"f":{"0":1,"1":1,"2":1,"3":4,"4":4},"b":{"0":[0,1],"1":[1,1]},"_coverageSchema":"332fd63041d2c1bcb487cc26dd0d5f7d97098a6c","hash":"7c4751619029f5e7caa103951887384f5f56a2e6","contentHash":"18e9690780fee8ea20f447b4da02e71f_11.3.0"},"/Users/andeladeveloper/Documents/Documents/More-Recipe/server/middleware/helper.js":{"path":"/Users/andeladeveloper/Documents/Documents/More-Recipe/server/middleware/helper.js","statementMap":{"0":{"start":{"line":3,"column":0},"end":{"line":5,"column":3}},"1":{"start":{"line":6,"column":0},"end":{"line":6,"column":163}},"2":{"start":{"line":8,"column":20},"end":{"line":8,"column":43}},"3":{"start":{"line":10,"column":21},"end":{"line":10,"column":58}},"4":{"start":{"line":12,"column":14},"end":{"line":12,"column":31}},"5":{"start":{"line":14,"column":15},"end":{"line":14,"column":46}},"6":{"start":{"line":16,"column":39},"end":{"line":16,"column":93}},"7":{"start":{"line":18,"column":0},"end":{"line":18,"column":26}},"8":{"start":{"line":20,"column":16},"end":{"line":24,"column":1}},"9":{"start":{"line":21,"column":2},"end":{"line":23,"column":5}},"10":{"start":{"line":33,"column":16},"end":{"line":35,"column":1}},"11":{"start":{"line":34,"column":2},"end":{"line":34,"column":40}},"12":{"start":{"line":37,"column":25},"end":{"line":46,"column":1}},"13":{"start":{"line":38,"column":2},"end":{"line":45,"column":4}},"14":{"start":{"line":48,"column":25},"end":{"line":53,"column":1}},"15":{"start":{"line":49,"column":2},"end":{"line":52,"column":4}},"16":{"start":{"line":55,"column":22},"end":{"line":59,"column":1}},"17":{"start":{"line":56,"column":2},"end":{"line":58,"column":4}},"18":{"start":{"line":61,"column":25},"end":{"line":68,"column":1}},"19":{"start":{"line":62,"column":2},"end":{"line":67,"column":4}}},"fnMap":{"0":{"name":"_interopRequireDefault","decl":{"start":{"line":16,"column":9},"end":{"line":16,"column":31}},"loc":{"start":{"line":16,"column":37},"end":{"line":16,"column":95}},"line":16},"1":{"name":"signToken","decl":{"start":{"line":20,"column":45},"end":{"line":20,"column":54}},"loc":{"start":{"line":20,"column":61},"end":{"line":24,"column":1}},"line":20},"2":{"name":"setStatus","decl":{"start":{"line":33,"column":45},"end":{"line":33,"column":54}},"loc":{"start":{"line":33,"column":75},"end":{"line":35,"column":1}},"line":33},"3":{"name":"validateSignUpForm","decl":{"start":{"line":37,"column":63},"end":{"line":37,"column":81}},"loc":{"start":{"line":37,"column":84},"end":{"line":46,"column":1}},"line":37},"4":{"name":"validateSignInForm","decl":{"start":{"line":48,"column":63},"end":{"line":48,"column":81}},"loc":{"start":{"line":48,"column":84},"end":{"line":53,"column":1}},"line":48},"5":{"name":"validateReviews","decl":{"start":{"line":55,"column":57},"end":{"line":55,"column":72}},"loc":{"start":{"line":55,"column":75},"end":{"line":59,"column":1}},"line":55},"6":{"name":"validateAddRecipes","decl":{"start":{"line":61,"column":63},"end":{"line":61,"column":81}},"loc":{"start":{"line":61,"column":84},"end":{"line":68,"column":1}},"line":61}},"branchMap":{"0":{"loc":{"start":{"line":16,"column":46},"end":{"line":16,"column":92}},"type":"cond-expr","locations":[{"start":{"line":16,"column":70},"end":{"line":16,"column":73}},{"start":{"line":16,"column":76},"end":{"line":16,"column":92}}],"line":16},"1":{"loc":{"start":{"line":16,"column":46},"end":{"line":16,"column":67}},"type":"binary-expr","locations":[{"start":{"line":16,"column":46},"end":{"line":16,"column":49}},{"start":{"line":16,"column":53},"end":{"line":16,"column":67}}],"line":16}},"s":{"0":1,"1":1,"2":1,"3":1,"4":1,"5":1,"6":2,"7":1,"8":1,"9":4,"10":1,"11":49,"12":1,"13":4,"14":1,"15":6,"16":1,"17":4,"18":1,"19":1},"f":{"0":2,"1":4,"2":49,"3":4,"4":6,"5":4,"6":1},"b":{"0":[0,2],"1":[2,2]},"_coverageSchema":"332fd63041d2c1bcb487cc26dd0d5f7d97098a6c","hash":"da615176eb7d65c35252079e5549180b2df5bdc6","contentHash":"cbb8ce8010ab9ac3eeb0f6a371055bf0_11.3.0"},"/Users/andeladeveloper/Documents/Documents/More-Recipe/server/controllers/users.js":{"path":"/Users/andeladeveloper/Documents/Documents/More-Recipe/server/controllers/users.js","statementMap":{"0":{"start":{"line":3,"column":0},"end":{"line":5,"column":3}},"1":{"start":{"line":7,"column":19},"end":{"line":7,"column":563}},"2":{"start":{"line":7,"column":76},"end":{"line":7,"column":347}},"3":{"start":{"line":7,"column":134},"end":{"line":7,"column":142}},"4":{"start":{"line":7,"column":144},"end":{"line":7,"column":199}},"5":{"start":{"line":7,"column":200},"end":{"line":7,"column":231}},"6":{"start":{"line":7,"column":232},"end":{"line":7,"column":286}},"7":{"start":{"line":7,"column":259},"end":{"line":7,"column":286}},"8":{"start":{"line":7,"column":287},"end":{"line":7,"column":345}},"9":{"start":{"line":7,"column":350},"end":{"line":7,"column":559}},"10":{"start":{"line":7,"column":407},"end":{"line":7,"column":475}},"11":{"start":{"line":7,"column":423},"end":{"line":7,"column":475}},"12":{"start":{"line":7,"column":476},"end":{"line":7,"column":536}},"13":{"start":{"line":7,"column":493},"end":{"line":7,"column":536}},"14":{"start":{"line":7,"column":537},"end":{"line":7,"column":556}},"15":{"start":{"line":9,"column":14},"end":{"line":9,"column":31}},"16":{"start":{"line":11,"column":15},"end":{"line":11,"column":46}},"17":{"start":{"line":13,"column":19},"end":{"line":13,"column":41}},"18":{"start":{"line":15,"column":20},"end":{"line":15,"column":56}},"19":{"start":{"line":17,"column":14},"end":{"line":17,"column":31}},"20":{"start":{"line":19,"column":15},"end":{"line":19,"column":46}},"21":{"start":{"line":21,"column":14},"end":{"line":21,"column":34}},"22":{"start":{"line":23,"column":14},"end":{"line":23,"column":45}},"23":{"start":{"line":25,"column":39},"end":{"line":25,"column":93}},"24":{"start":{"line":27,"column":50},"end":{"line":27,"column":151}},"25":{"start":{"line":27,"column":92},"end":{"line":27,"column":149}},"26":{"start":{"line":29,"column":0},"end":{"line":29,"column":26}},"27":{"start":{"line":38,"column":13},"end":{"line":221,"column":3}},"28":{"start":{"line":40,"column":4},"end":{"line":40,"column":34}},"29":{"start":{"line":43,"column":2},"end":{"line":218,"column":6}},"30":{"start":{"line":56,"column":20},"end":{"line":56,"column":28}},"31":{"start":{"line":58,"column":22},"end":{"line":58,"column":91}},"32":{"start":{"line":59,"column":6},"end":{"line":99,"column":7}},"33":{"start":{"line":60,"column":8},"end":{"line":62,"column":9}},"34":{"start":{"line":61,"column":10},"end":{"line":61,"column":108}},"35":{"start":{"line":63,"column":8},"end":{"line":96,"column":11}},"36":{"start":{"line":66,"column":10},"end":{"line":72,"column":11}},"37":{"start":{"line":67,"column":12},"end":{"line":71,"column":20}},"38":{"start":{"line":74,"column":10},"end":{"line":93,"column":13}},"39":{"start":{"line":77,"column":12},"end":{"line":83,"column":13}},"40":{"start":{"line":78,"column":14},"end":{"line":82,"column":22}},"41":{"start":{"line":84,"column":12},"end":{"line":90,"column":15}},"42":{"start":{"line":85,"column":25},"end":{"line":85,"column":118}},"43":{"start":{"line":86,"column":26},"end":{"line":86,"column":54}},"44":{"start":{"line":87,"column":14},"end":{"line":87,"column":99}},"45":{"start":{"line":89,"column":14},"end":{"line":89,"column":101}},"46":{"start":{"line":92,"column":12},"end":{"line":92,"column":99}},"47":{"start":{"line":95,"column":10},"end":{"line":95,"column":97}},"48":{"start":{"line":98,"column":8},"end":{"line":98,"column":100}},"49":{"start":{"line":113,"column":6},"end":{"line":117,"column":9}},"50":{"start":{"line":114,"column":8},"end":{"line":114,"column":81}},"51":{"start":{"line":116,"column":8},"end":{"line":116,"column":82}},"52":{"start":{"line":131,"column":6},"end":{"line":137,"column":9}},"53":{"start":{"line":132,"column":8},"end":{"line":132,"column":106}},"54":{"start":{"line":132,"column":19},"end":{"line":132,"column":106}},"55":{"start":{"line":133,"column":19},"end":{"line":133,"column":127}},"56":{"start":{"line":134,"column":8},"end":{"line":134,"column":79}},"57":{"start":{"line":136,"column":8},"end":{"line":136,"column":82}},"58":{"start":{"line":151,"column":6},"end":{"line":161,"column":9}},"59":{"start":{"line":152,"column":8},"end":{"line":158,"column":11}},"60":{"start":{"line":157,"column":10},"end":{"line":157,"column":88}},"61":{"start":{"line":160,"column":8},"end":{"line":160,"column":93}},"62":{"start":{"line":175,"column":6},"end":{"line":181,"column":9}},"63":{"start":{"line":176,"column":8},"end":{"line":178,"column":11}},"64":{"start":{"line":177,"column":10},"end":{"line":177,"column":93}},"65":{"start":{"line":180,"column":8},"end":{"line":180,"column":93}},"66":{"start":{"line":195,"column":20},"end":{"line":195,"column":28}},"67":{"start":{"line":196,"column":22},"end":{"line":196,"column":91}},"68":{"start":{"line":197,"column":6},"end":{"line":199,"column":7}},"69":{"start":{"line":198,"column":8},"end":{"line":198,"column":100}},"70":{"start":{"line":200,"column":6},"end":{"line":216,"column":9}},"71":{"start":{"line":205,"column":8},"end":{"line":207,"column":9}},"72":{"start":{"line":206,"column":10},"end":{"line":206,"column":96}},"73":{"start":{"line":208,"column":8},"end":{"line":210,"column":9}},"74":{"start":{"line":209,"column":10},"end":{"line":209,"column":104}},"75":{"start":{"line":211,"column":22},"end":{"line":211,"column":130}},"76":{"start":{"line":212,"column":20},"end":{"line":212,"column":51}},"77":{"start":{"line":213,"column":8},"end":{"line":213,"column":81}},"78":{"start":{"line":215,"column":8},"end":{"line":215,"column":83}},"79":{"start":{"line":220,"column":2},"end":{"line":220,"column":16}},"80":{"start":{"line":223,"column":0},"end":{"line":223,"column":25}}},"fnMap":{"0":{"name":"(anonymous_0)","decl":{"start":{"line":7,"column":19},"end":{"line":7,"column":20}},"loc":{"start":{"line":7,"column":31},"end":{"line":7,"column":561}},"line":7},"1":{"name":"defineProperties","decl":{"start":{"line":7,"column":42},"end":{"line":7,"column":58}},"loc":{"start":{"line":7,"column":74},"end":{"line":7,"column":349}},"line":7},"2":{"name":"(anonymous_2)","decl":{"start":{"line":7,"column":357},"end":{"line":7,"column":358}},"loc":{"start":{"line":7,"column":405},"end":{"line":7,"column":558}},"line":7},"3":{"name":"_interopRequireDefault","decl":{"start":{"line":25,"column":9},"end":{"line":25,"column":31}},"loc":{"start":{"line":25,"column":37},"end":{"line":25,"column":95}},"line":25},"4":{"name":"_classCallCheck","decl":{"start":{"line":27,"column":9},"end":{"line":27,"column":24}},"loc":{"start":{"line":27,"column":48},"end":{"line":27,"column":153}},"line":27},"5":{"name":"(anonymous_5)","decl":{"start":{"line":38,"column":13},"end":{"line":38,"column":14}},"loc":{"start":{"line":38,"column":25},"end":{"line":221,"column":1}},"line":38},"6":{"name":"_class","decl":{"start":{"line":39,"column":11},"end":{"line":39,"column":17}},"loc":{"start":{"line":39,"column":20},"end":{"line":41,"column":3}},"line":39},"7":{"name":"signUp","decl":{"start":{"line":55,"column":20},"end":{"line":55,"column":26}},"loc":{"start":{"line":55,"column":37},"end":{"line":100,"column":5}},"line":55},"8":{"name":"(anonymous_8)","decl":{"start":{"line":65,"column":16},"end":{"line":65,"column":17}},"loc":{"start":{"line":65,"column":32},"end":{"line":94,"column":9}},"line":65},"9":{"name":"(anonymous_9)","decl":{"start":{"line":76,"column":18},"end":{"line":76,"column":19}},"loc":{"start":{"line":76,"column":38},"end":{"line":91,"column":11}},"line":76},"10":{"name":"(anonymous_10)","decl":{"start":{"line":84,"column":47},"end":{"line":84,"column":48}},"loc":{"start":{"line":84,"column":66},"end":{"line":88,"column":13}},"line":84},"11":{"name":"(anonymous_11)","decl":{"start":{"line":88,"column":21},"end":{"line":88,"column":22}},"loc":{"start":{"line":88,"column":33},"end":{"line":90,"column":13}},"line":88},"12":{"name":"(anonymous_12)","decl":{"start":{"line":91,"column":19},"end":{"line":91,"column":20}},"loc":{"start":{"line":91,"column":31},"end":{"line":93,"column":11}},"line":91},"13":{"name":"(anonymous_13)","decl":{"start":{"line":94,"column":17},"end":{"line":94,"column":18}},"loc":{"start":{"line":94,"column":29},"end":{"line":96,"column":9}},"line":94},"14":{"name":"getUsers","decl":{"start":{"line":112,"column":20},"end":{"line":112,"column":28}},"loc":{"start":{"line":112,"column":39},"end":{"line":118,"column":5}},"line":112},"15":{"name":"(anonymous_15)","decl":{"start":{"line":113,"column":44},"end":{"line":113,"column":45}},"loc":{"start":{"line":113,"column":61},"end":{"line":115,"column":7}},"line":113},"16":{"name":"(anonymous_16)","decl":{"start":{"line":115,"column":15},"end":{"line":115,"column":16}},"loc":{"start":{"line":115,"column":32},"end":{"line":117,"column":7}},"line":115},"17":{"name":"getOneUser","decl":{"start":{"line":130,"column":20},"end":{"line":130,"column":30}},"loc":{"start":{"line":130,"column":41},"end":{"line":138,"column":5}},"line":130},"18":{"name":"(anonymous_18)","decl":{"start":{"line":131,"column":60},"end":{"line":131,"column":61}},"loc":{"start":{"line":131,"column":76},"end":{"line":135,"column":7}},"line":131},"19":{"name":"(anonymous_19)","decl":{"start":{"line":135,"column":15},"end":{"line":135,"column":16}},"loc":{"start":{"line":135,"column":32},"end":{"line":137,"column":7}},"line":135},"20":{"name":"updateUser","decl":{"start":{"line":150,"column":20},"end":{"line":150,"column":30}},"loc":{"start":{"line":150,"column":41},"end":{"line":162,"column":5}},"line":150},"21":{"name":"(anonymous_21)","decl":{"start":{"line":151,"column":60},"end":{"line":151,"column":61}},"loc":{"start":{"line":151,"column":76},"end":{"line":159,"column":7}},"line":151},"22":{"name":"(anonymous_22)","decl":{"start":{"line":156,"column":16},"end":{"line":156,"column":17}},"loc":{"start":{"line":156,"column":28},"end":{"line":158,"column":9}},"line":156},"23":{"name":"(anonymous_23)","decl":{"start":{"line":159,"column":15},"end":{"line":159,"column":16}},"loc":{"start":{"line":159,"column":27},"end":{"line":161,"column":7}},"line":159},"24":{"name":"deleteUser","decl":{"start":{"line":174,"column":20},"end":{"line":174,"column":30}},"loc":{"start":{"line":174,"column":41},"end":{"line":182,"column":5}},"line":174},"25":{"name":"(anonymous_25)","decl":{"start":{"line":175,"column":60},"end":{"line":175,"column":61}},"loc":{"start":{"line":175,"column":76},"end":{"line":179,"column":7}},"line":175},"26":{"name":"(anonymous_26)","decl":{"start":{"line":176,"column":35},"end":{"line":176,"column":36}},"loc":{"start":{"line":176,"column":47},"end":{"line":178,"column":9}},"line":176},"27":{"name":"(anonymous_27)","decl":{"start":{"line":179,"column":15},"end":{"line":179,"column":16}},"loc":{"start":{"line":179,"column":27},"end":{"line":181,"column":7}},"line":179},"28":{"name":"signIn","decl":{"start":{"line":194,"column":20},"end":{"line":194,"column":26}},"loc":{"start":{"line":194,"column":37},"end":{"line":217,"column":5}},"line":194},"29":{"name":"(anonymous_29)","decl":{"start":{"line":204,"column":14},"end":{"line":204,"column":15}},"loc":{"start":{"line":204,"column":30},"end":{"line":214,"column":7}},"line":204},"30":{"name":"(anonymous_30)","decl":{"start":{"line":214,"column":15},"end":{"line":214,"column":16}},"loc":{"start":{"line":214,"column":32},"end":{"line":216,"column":7}},"line":214}},"branchMap":{"0":{"loc":{"start":{"line":7,"column":168},"end":{"line":7,"column":198}},"type":"binary-expr","locations":[{"start":{"line":7,"column":168},"end":{"line":7,"column":189}},{"start":{"line":7,"column":193},"end":{"line":7,"column":198}}],"line":7},"1":{"loc":{"start":{"line":7,"column":232},"end":{"line":7,"column":286}},"type":"if","locations":[{"start":{"line":7,"column":232},"end":{"line":7,"column":286}},{"start":{"line":7,"column":232},"end":{"line":7,"column":286}}],"line":7},"2":{"loc":{"start":{"line":7,"column":407},"end":{"line":7,"column":475}},"type":"if","locations":[{"start":{"line":7,"column":407},"end":{"line":7,"column":475}},{"start":{"line":7,"column":407},"end":{"line":7,"column":475}}],"line":7},"3":{"loc":{"start":{"line":7,"column":476},"end":{"line":7,"column":536}},"type":"if","locations":[{"start":{"line":7,"column":476},"end":{"line":7,"column":536}},{"start":{"line":7,"column":476},"end":{"line":7,"column":536}}],"line":7},"4":{"loc":{"start":{"line":25,"column":46},"end":{"line":25,"column":92}},"type":"cond-expr","locations":[{"start":{"line":25,"column":70},"end":{"line":25,"column":73}},{"start":{"line":25,"column":76},"end":{"line":25,"column":92}}],"line":25},"5":{"loc":{"start":{"line":25,"column":46},"end":{"line":25,"column":67}},"type":"binary-expr","locations":[{"start":{"line":25,"column":46},"end":{"line":25,"column":49}},{"start":{"line":25,"column":53},"end":{"line":25,"column":67}}],"line":25},"6":{"loc":{"start":{"line":27,"column":50},"end":{"line":27,"column":151}},"type":"if","locations":[{"start":{"line":27,"column":50},"end":{"line":27,"column":151}},{"start":{"line":27,"column":50},"end":{"line":27,"column":151}}],"line":27},"7":{"loc":{"start":{"line":59,"column":6},"end":{"line":99,"column":7}},"type":"if","locations":[{"start":{"line":59,"column":6},"end":{"line":99,"column":7}},{"start":{"line":59,"column":6},"end":{"line":99,"column":7}}],"line":59},"8":{"loc":{"start":{"line":60,"column":8},"end":{"line":62,"column":9}},"type":"if","locations":[{"start":{"line":60,"column":8},"end":{"line":62,"column":9}},{"start":{"line":60,"column":8},"end":{"line":62,"column":9}}],"line":60},"9":{"loc":{"start":{"line":66,"column":10},"end":{"line":72,"column":11}},"type":"if","locations":[{"start":{"line":66,"column":10},"end":{"line":72,"column":11}},{"start":{"line":66,"column":10},"end":{"line":72,"column":11}}],"line":66},"10":{"loc":{"start":{"line":77,"column":12},"end":{"line":83,"column":13}},"type":"if","locations":[{"start":{"line":77,"column":12},"end":{"line":83,"column":13}},{"start":{"line":77,"column":12},"end":{"line":83,"column":13}}],"line":77},"11":{"loc":{"start":{"line":132,"column":8},"end":{"line":132,"column":106}},"type":"if","locations":[{"start":{"line":132,"column":8},"end":{"line":132,"column":106}},{"start":{"line":132,"column":8},"end":{"line":132,"column":106}}],"line":132},"12":{"loc":{"start":{"line":153,"column":21},"end":{"line":153,"column":57}},"type":"binary-expr","locations":[{"start":{"line":153,"column":21},"end":{"line":153,"column":39}},{"start":{"line":153,"column":43},"end":{"line":153,"column":57}}],"line":153},"13":{"loc":{"start":{"line":154,"column":20},"end":{"line":154,"column":54}},"type":"binary-expr","locations":[{"start":{"line":154,"column":20},"end":{"line":154,"column":37}},{"start":{"line":154,"column":41},"end":{"line":154,"column":54}}],"line":154},"14":{"loc":{"start":{"line":155,"column":15},"end":{"line":155,"column":39}},"type":"binary-expr","locations":[{"start":{"line":155,"column":15},"end":{"line":155,"column":27}},{"start":{"line":155,"column":31},"end":{"line":155,"column":39}}],"line":155},"15":{"loc":{"start":{"line":197,"column":6},"end":{"line":199,"column":7}},"type":"if","locations":[{"start":{"line":197,"column":6},"end":{"line":199,"column":7}},{"start":{"line":197,"column":6},"end":{"line":199,"column":7}}],"line":197},"16":{"loc":{"start":{"line":205,"column":8},"end":{"line":207,"column":9}},"type":"if","locations":[{"start":{"line":205,"column":8},"end":{"line":207,"column":9}},{"start":{"line":205,"column":8},"end":{"line":207,"column":9}}],"line":205},"17":{"loc":{"start":{"line":208,"column":8},"end":{"line":210,"column":9}},"type":"if","locations":[{"start":{"line":208,"column":8},"end":{"line":210,"column":9}},{"start":{"line":208,"column":8},"end":{"line":210,"column":9}}],"line":208}},"s":{"0":1,"1":1,"2":1,"3":6,"4":6,"5":6,"6":6,"7":6,"8":6,"9":1,"10":1,"11":0,"12":1,"13":1,"14":1,"15":1,"16":1,"17":1,"18":1,"19":1,"20":1,"21":1,"22":1,"23":3,"24":0,"25":0,"26":1,"27":1,"28":0,"29":1,"30":4,"31":4,"32":4,"33":1,"34":0,"35":1,"36":1,"37":0,"38":1,"39":1,"40":0,"41":1,"42":1,"43":1,"44":1,"45":0,"46":0,"47":0,"48":3,"49":1,"50":1,"51":0,"52":2,"53":2,"54":1,"55":1,"56":1,"57":0,"58":2,"59":2,"60":1,"61":1,"62":2,"63":2,"64":1,"65":1,"66":6,"67":6,"68":6,"69":1,"70":5,"71":5,"72":1,"73":4,"74":1,"75":3,"76":3,"77":3,"78":0,"79":1,"80":1},"f":{"0":1,"1":1,"2":1,"3":3,"4":0,"5":1,"6":0,"7":4,"8":1,"9":1,"10":1,"11":0,"12":0,"13":0,"14":1,"15":1,"16":0,"17":2,"18":2,"19":0,"20":2,"21":2,"22":1,"23":1,"24":2,"25":2,"26":1,"27":1,"28":6,"29":5,"30":0},"b":{"0":[6,6],"1":[6,0],"2":[0,1],"3":[1,0],"4":[0,3],"5":[3,3],"6":[0,0],"7":[1,3],"8":[0,1],"9":[0,1],"10":[0,1],"11":[1,1],"12":[1,0],"13":[1,0],"14":[1,0],"15":[1,5],"16":[1,4],"17":[1,3]},"_coverageSchema":"332fd63041d2c1bcb487cc26dd0d5f7d97098a6c","hash":"6639beab6554ac0d678326f232ec12fb6a582220","contentHash":"070732d04a1aa06dbc1595bc71ab889f_11.3.0"},"/Users/andeladeveloper/Documents/Documents/More-Recipe/server/controllers/reviews.js":{"path":"/Users/andeladeveloper/Documents/Documents/More-Recipe/server/controllers/reviews.js","statementMap":{"0":{"start":{"line":3,"column":0},"end":{"line":5,"column":3}},"1":{"start":{"line":7,"column":19},"end":{"line":7,"column":563}},"2":{"start":{"line":7,"column":76},"end":{"line":7,"column":347}},"3":{"start":{"line":7,"column":134},"end":{"line":7,"column":142}},"4":{"start":{"line":7,"column":144},"end":{"line":7,"column":199}},"5":{"start":{"line":7,"column":200},"end":{"line":7,"column":231}},"6":{"start":{"line":7,"column":232},"end":{"line":7,"column":286}},"7":{"start":{"line":7,"column":259},"end":{"line":7,"column":286}},"8":{"start":{"line":7,"column":287},"end":{"line":7,"column":345}},"9":{"start":{"line":7,"column":350},"end":{"line":7,"column":559}},"10":{"start":{"line":7,"column":407},"end":{"line":7,"column":475}},"11":{"start":{"line":7,"column":423},"end":{"line":7,"column":475}},"12":{"start":{"line":7,"column":476},"end":{"line":7,"column":536}},"13":{"start":{"line":7,"column":493},"end":{"line":7,"column":536}},"14":{"start":{"line":7,"column":537},"end":{"line":7,"column":556}},"15":{"start":{"line":9,"column":19},"end":{"line":9,"column":41}},"16":{"start":{"line":11,"column":20},"end":{"line":11,"column":56}},"17":{"start":{"line":13,"column":14},"end":{"line":13,"column":34}},"18":{"start":{"line":15,"column":14},"end":{"line":15,"column":45}},"19":{"start":{"line":17,"column":39},"end":{"line":17,"column":93}},"20":{"start":{"line":19,"column":50},"end":{"line":19,"column":151}},"21":{"start":{"line":19,"column":92},"end":{"line":19,"column":149}},"22":{"start":{"line":27,"column":14},"end":{"line":74,"column":3}},"23":{"start":{"line":29,"column":4},"end":{"line":29,"column":35}},"24":{"start":{"line":32,"column":2},"end":{"line":71,"column":6}},"25":{"start":{"line":44,"column":20},"end":{"line":44,"column":28}},"26":{"start":{"line":45,"column":22},"end":{"line":45,"column":88}},"27":{"start":{"line":46,"column":6},"end":{"line":69,"column":7}},"28":{"start":{"line":47,"column":8},"end":{"line":66,"column":11}},"29":{"start":{"line":48,"column":10},"end":{"line":48,"column":111}},"30":{"start":{"line":48,"column":23},"end":{"line":48,"column":111}},"31":{"start":{"line":49,"column":10},"end":{"line":52,"column":13}},"32":{"start":{"line":53,"column":10},"end":{"line":63,"column":13}},"33":{"start":{"line":60,"column":12},"end":{"line":60,"column":103}},"34":{"start":{"line":62,"column":12},"end":{"line":62,"column":47}},"35":{"start":{"line":65,"column":10},"end":{"line":65,"column":101}},"36":{"start":{"line":68,"column":8},"end":{"line":68,"column":100}},"37":{"start":{"line":73,"column":2},"end":{"line":73,"column":17}},"38":{"start":{"line":76,"column":0},"end":{"line":76,"column":26}}},"fnMap":{"0":{"name":"(anonymous_0)","decl":{"start":{"line":7,"column":19},"end":{"line":7,"column":20}},"loc":{"start":{"line":7,"column":31},"end":{"line":7,"column":561}},"line":7},"1":{"name":"defineProperties","decl":{"start":{"line":7,"column":42},"end":{"line":7,"column":58}},"loc":{"start":{"line":7,"column":74},"end":{"line":7,"column":349}},"line":7},"2":{"name":"(anonymous_2)","decl":{"start":{"line":7,"column":357},"end":{"line":7,"column":358}},"loc":{"start":{"line":7,"column":405},"end":{"line":7,"column":558}},"line":7},"3":{"name":"_interopRequireDefault","decl":{"start":{"line":17,"column":9},"end":{"line":17,"column":31}},"loc":{"start":{"line":17,"column":37},"end":{"line":17,"column":95}},"line":17},"4":{"name":"_classCallCheck","decl":{"start":{"line":19,"column":9},"end":{"line":19,"column":24}},"loc":{"start":{"line":19,"column":48},"end":{"line":19,"column":153}},"line":19},"5":{"name":"(anonymous_5)","decl":{"start":{"line":27,"column":14},"end":{"line":27,"column":15}},"loc":{"start":{"line":27,"column":26},"end":{"line":74,"column":1}},"line":27},"6":{"name":"reviews","decl":{"start":{"line":28,"column":11},"end":{"line":28,"column":18}},"loc":{"start":{"line":28,"column":21},"end":{"line":30,"column":3}},"line":28},"7":{"name":"addReview","decl":{"start":{"line":43,"column":20},"end":{"line":43,"column":29}},"loc":{"start":{"line":43,"column":40},"end":{"line":70,"column":5}},"line":43},"8":{"name":"(anonymous_8)","decl":{"start":{"line":47,"column":59},"end":{"line":47,"column":60}},"loc":{"start":{"line":47,"column":77},"end":{"line":64,"column":9}},"line":47},"9":{"name":"(anonymous_9)","decl":{"start":{"line":59,"column":18},"end":{"line":59,"column":19}},"loc":{"start":{"line":59,"column":44},"end":{"line":61,"column":11}},"line":59},"10":{"name":"(anonymous_10)","decl":{"start":{"line":61,"column":19},"end":{"line":61,"column":20}},"loc":{"start":{"line":61,"column":36},"end":{"line":63,"column":11}},"line":61},"11":{"name":"(anonymous_11)","decl":{"start":{"line":64,"column":17},"end":{"line":64,"column":18}},"loc":{"start":{"line":64,"column":29},"end":{"line":66,"column":9}},"line":64}},"branchMap":{"0":{"loc":{"start":{"line":7,"column":168},"end":{"line":7,"column":198}},"type":"binary-expr","locations":[{"start":{"line":7,"column":168},"end":{"line":7,"column":189}},{"start":{"line":7,"column":193},"end":{"line":7,"column":198}}],"line":7},"1":{"loc":{"start":{"line":7,"column":232},"end":{"line":7,"column":286}},"type":"if","locations":[{"start":{"line":7,"column":232},"end":{"line":7,"column":286}},{"start":{"line":7,"column":232},"end":{"line":7,"column":286}}],"line":7},"2":{"loc":{"start":{"line":7,"column":407},"end":{"line":7,"column":475}},"type":"if","locations":[{"start":{"line":7,"column":407},"end":{"line":7,"column":475}},{"start":{"line":7,"column":407},"end":{"line":7,"column":475}}],"line":7},"3":{"loc":{"start":{"line":7,"column":476},"end":{"line":7,"column":536}},"type":"if","locations":[{"start":{"line":7,"column":476},"end":{"line":7,"column":536}},{"start":{"line":7,"column":476},"end":{"line":7,"column":536}}],"line":7},"4":{"loc":{"start":{"line":17,"column":46},"end":{"line":17,"column":92}},"type":"cond-expr","locations":[{"start":{"line":17,"column":70},"end":{"line":17,"column":73}},{"start":{"line":17,"column":76},"end":{"line":17,"column":92}}],"line":17},"5":{"loc":{"start":{"line":17,"column":46},"end":{"line":17,"column":67}},"type":"binary-expr","locations":[{"start":{"line":17,"column":46},"end":{"line":17,"column":49}},{"start":{"line":17,"column":53},"end":{"line":17,"column":67}}],"line":17},"6":{"loc":{"start":{"line":19,"column":50},"end":{"line":19,"column":151}},"type":"if","locations":[{"start":{"line":19,"column":50},"end":{"line":19,"column":151}},{"start":{"line":19,"column":50},"end":{"line":19,"column":151}}],"line":19},"7":{"loc":{"start":{"line":46,"column":6},"end":{"line":69,"column":7}},"type":"if","locations":[{"start":{"line":46,"column":6},"end":{"line":69,"column":7}},{"start":{"line":46,"column":6},"end":{"line":69,"column":7}}],"line":46},"8":{"loc":{"start":{"line":48,"column":10},"end":{"line":48,"column":111}},"type":"if","locations":[{"start":{"line":48,"column":10},"end":{"line":48,"column":111}},{"start":{"line":48,"column":10},"end":{"line":48,"column":111}}],"line":48}},"s":{"0":1,"1":1,"2":1,"3":1,"4":1,"5":1,"6":1,"7":1,"8":1,"9":1,"10":1,"11":0,"12":1,"13":1,"14":1,"15":1,"16":1,"17":1,"18":1,"19":1,"20":0,"21":0,"22":1,"23":0,"24":1,"25":4,"26":4,"27":4,"28":2,"29":2,"30":1,"31":1,"32":1,"33":1,"34":0,"35":0,"36":2,"37":1,"38":1},"f":{"0":1,"1":1,"2":1,"3":1,"4":0,"5":1,"6":0,"7":4,"8":2,"9":1,"10":0,"11":0},"b":{"0":[1,1],"1":[1,0],"2":[0,1],"3":[1,0],"4":[0,1],"5":[1,1],"6":[0,0],"7":[2,2],"8":[1,1]},"_coverageSchema":"332fd63041d2c1bcb487cc26dd0d5f7d97098a6c","hash":"334c27398072bdac864dab5c2c81f2d461d4a515","contentHash":"c722e7430a690458cf21a50bbee776b0_11.3.0"},"/Users/andeladeveloper/Documents/Documents/More-Recipe/server/controllers/favorite.js":{"path":"/Users/andeladeveloper/Documents/Documents/More-Recipe/server/controllers/favorite.js","statementMap":{"0":{"start":{"line":3,"column":0},"end":{"line":5,"column":3}},"1":{"start":{"line":7,"column":19},"end":{"line":7,"column":563}},"2":{"start":{"line":7,"column":76},"end":{"line":7,"column":347}},"3":{"start":{"line":7,"column":134},"end":{"line":7,"column":142}},"4":{"start":{"line":7,"column":144},"end":{"line":7,"column":199}},"5":{"start":{"line":7,"column":200},"end":{"line":7,"column":231}},"6":{"start":{"line":7,"column":232},"end":{"line":7,"column":286}},"7":{"start":{"line":7,"column":259},"end":{"line":7,"column":286}},"8":{"start":{"line":7,"column":287},"end":{"line":7,"column":345}},"9":{"start":{"line":7,"column":350},"end":{"line":7,"column":559}},"10":{"start":{"line":7,"column":407},"end":{"line":7,"column":475}},"11":{"start":{"line":7,"column":423},"end":{"line":7,"column":475}},"12":{"start":{"line":7,"column":476},"end":{"line":7,"column":536}},"13":{"start":{"line":7,"column":493},"end":{"line":7,"column":536}},"14":{"start":{"line":7,"column":537},"end":{"line":7,"column":556}},"15":{"start":{"line":9,"column":14},"end":{"line":9,"column":34}},"16":{"start":{"line":11,"column":14},"end":{"line":11,"column":45}},"17":{"start":{"line":13,"column":50},"end":{"line":13,"column":151}},"18":{"start":{"line":13,"column":92},"end":{"line":13,"column":149}},"19":{"start":{"line":21,"column":22},"end":{"line":108,"column":3}},"20":{"start":{"line":23,"column":4},"end":{"line":23,"column":43}},"21":{"start":{"line":26,"column":2},"end":{"line":105,"column":6}},"22":{"start":{"line":36,"column":6},"end":{"line":57,"column":9}},"23":{"start":{"line":42,"column":8},"end":{"line":47,"column":9}},"24":{"start":{"line":43,"column":10},"end":{"line":45,"column":13}},"25":{"start":{"line":44,"column":12},"end":{"line":44,"col
[...]
":"FavoriteRecipes","decl":{"start":{"line":22,"column":11},"end":{"line":22,"column":26}},"loc":{"start":{"line":22,"column":29},"end":{"line":24,"column":3}},"line":22},"6":{"name":"addFavorite","decl":{"start":{"line":35,"column":20},"end":{"line":35,"column":31}},"loc":{"start":{"line":35,"column":42},"end":{"line":58,"column":5}},"line":35},"7":{"name":"(anonymous_7)","decl":{"start":{"line":41,"column":14},"end":{"line":41,"column":15}},"loc":{"start":{"line":41,"column":34},"end":{"line":55,"column":7}},"line":41},"8":{"name":"(anonymous_8)","decl":{"start":{"line":43,"column":41},"end":{"line":43,"column":42}},"loc":{"start":{"line":43,"column":53},"end":{"line":45,"column":11}},"line":43},"9":{"name":"(anonymous_9)","decl":{"start":{"line":51,"column":16},"end":{"line":51,"column":17}},"loc":{"start":{"line":51,"column":28},"end":{"line":53,"column":9}},"line":51},"10":{"name":"(anonymous_10)","decl":{"start":{"line":55,"column":15},"end":{"line":55,"column":16}},"loc":{"start":{"line":55,"column":27},"end":{"line":57,"column":7}},"line":55},"11":{"name":"favoriteStatus","decl":{"start":{"line":71,"column":20},"end":{"line":71,"column":34}},"loc":{"start":{"line":71,"column":45},"end":{"line":82,"column":5}},"line":71},"12":{"name":"(anonymous_12)","decl":{"start":{"line":76,"column":14},"end":{"line":76,"column":15}},"loc":{"start":{"line":76,"column":35},"end":{"line":79,"column":7}},"line":76},"13":{"name":"(anonymous_13)","decl":{"start":{"line":79,"column":15},"end":{"line":79,"column":16}},"loc":{"start":{"line":79,"column":27},"end":{"line":81,"column":7}},"line":79},"14":{"name":"listFavorites","decl":{"start":{"line":93,"column":20},"end":{"line":93,"column":33}},"loc":{"start":{"line":93,"column":44},"end":{"line":104,"column":5}},"line":93},"15":{"name":"(anonymous_15)","decl":{"start":{"line":99,"column":14},"end":{"line":99,"column":15}},"loc":{"start":{"line":99,"column":35},"end":{"line":101,"column":7}},"line":99},"16":{"name":"(anonymous_16)","decl":{"start":{"line":101,"column":15},"end":{"line":101,"column":16}},"loc":{"start":{"line":101,"column":27},"end":{"line":103,"column":7}},"line":101}},"branchMap":{"0":{"loc":{"start":{"line":7,"column":168},"end":{"line":7,"column":198}},"type":"binary-expr","locations":[{"start":{"line":7,"column":168},"end":{"line":7,"column":189}},{"start":{"line":7,"column":193},"end":{"line":7,"column":198}}],"line":7},"1":{"loc":{"start":{"line":7,"column":232},"end":{"line":7,"column":286}},"type":"if","locations":[{"start":{"line":7,"column":232},"end":{"line":7,"column":286}},{"start":{"line":7,"column":232},"end":{"line":7,"column":286}}],"line":7},"2":{"loc":{"start":{"line":7,"column":407},"end":{"line":7,"column":475}},"type":"if","locations":[{"start":{"line":7,"column":407},"end":{"line":7,"column":475}},{"start":{"line":7,"column":407},"end":{"line":7,"column":475}}],"line":7},"3":{"loc":{"start":{"line":7,"column":476},"end":{"line":7,"column":536}},"type":"if","locations":[{"start":{"line":7,"column":476},"end":{"line":7,"column":536}},{"start":{"line":7,"column":476},"end":{"line":7,"column":536}}],"line":7},"4":{"loc":{"start":{"line":13,"column":50},"end":{"line":13,"column":151}},"type":"if","locations":[{"start":{"line":13,"column":50},"end":{"line":13,"column":151}},{"start":{"line":13,"column":50},"end":{"line":13,"column":151}}],"line":13},"5":{"loc":{"start":{"line":42,"column":8},"end":{"line":47,"column":9}},"type":"if","locations":[{"start":{"line":42,"column":8},"end":{"line":47,"column":9}},{"start":{"line":42,"column":8},"end":{"line":47,"column":9}}],"line":42},"6":{"loc":{"start":{"line":77,"column":8},"end":{"line":77,"column":93}},"type":"if","locations":[{"start":{"line":77,"column":8},"end":{"line":77,"column":93}},{"start":{"line":77,"column":8},"end":{"line":77,"column":93}}],"line":77}},"s":{"0":1,"1":1,"2":1,"3":3,"4":3,"5":3,"6":3,"7":3,"8":3,"9":1,"10":1,"11":0,"12":1,"13":1,"14":1,"15":1,"16":1,"17":0,"18":0,"19":1,"20":0,"21":1,"22":3,"23":3,"24":1,"25":1,"26":2,"27":1,"28":1,"29":2,"30":1,"31":0,"32":1,"33":1,"34":1,"35":1,"36":0,"37":1,"38":1},"f":{"0":1,"1":1,"2":1,"3":0,"4":1,"5":0,"6":3,"7":3,"8":1,"9":1,"10":1,"11":2,"12":1,"13":1,"14":1,"15":1,"16":0},"b":{"0":[3,3],"1":[3,0],"2":[0,1],"3":[1,0],"4":[0,0],"5":[1,2],"6":[0,1]},"_coverageSchema":"332fd63041d2c1bcb487cc26dd0d5f7d97098a6c","hash":"aafa354a3390e25453e97cb0eef02694e18f279c","contentHash":"6bb76e6f7fc970a9e1c0891f427581a9_11.3.0"},"/Users/andeladeveloper/Documents/Documents/More-Recipe/server/middleware/authorization.js":{"path":"/Users/andeladeveloper/Documents/Documents/More-Recipe/server/middleware/authorization.js","statementMap":{"0":{"start":{"line":3,"column":0},"end":{"line":5,"column":3}},"1":{"start":{"line":7,"column":19},"end":{"line":7,"column":563}},"2":{"start":{"line":7,"column":76},"end":{"line":7,"column":347}},"3":{"start":{"line":7,"column":134},"end":{"line":7,"column":142}},"4":{"start":{"line":7,"column":144},"end":{"line":7,"column":199}},"5":{"start":{"line":7,"column":200},"end":{"line":7,"column":231}},"6":{"start":{"line":7,"column":232},"end":{"line":7,"column":286}},"7":{"start":{"line":7,"column":259},"end":{"line":7,"column":286}},"8":{"start":{"line":7,"column":287},"end":{"line":7,"column":345}},"9":{"start":{"line":7,"column":350},"end":{"line":7,"column":559}},"10":{"start":{"line":7,"column":407},"end":{"line":7,"column":475}},"11":{"start":{"line":7,"column":423},"end":{"line":7,"column":475}},"12":{"start":{"line":7,"column":476},"end":{"line":7,"column":536}},"13":{"start":{"line":7,"column":493},"end":{"line":7,"column":536}},"14":{"start":{"line":7,"column":537},"end":{"line":7,"column":556}},"15":{"start":{"line":9,"column":20},"end":{"line":9,"column":43}},"16":{"start":{"line":11,"column":21},"end":{"line":11,"column":58}},"17":{"start":{"line":13,"column":14},"end":{"line":13,"column":31}},"18":{"start":{"line":15,"column":15},"end":{"line":15,"column":46}},"19":{"start":{"line":17,"column":14},"end":{"line":17,"column":34}},"20":{"start":{"line":19,"column":14},"end":{"line":19,"column":33}},"21":{"start":{"line":21,"column":39},"end":{"line":21,"column":93}},"22":{"start":{"line":23,"column":50},"end":{"line":23,"column":151}},"23":{"start":{"line":23,"column":92},"end":{"line":23,"column":149}},"24":{"start":{"line":25,"column":0},"end":{"line":25,"column":26}},"25":{"start":{"line":34,"column":20},"end":{"line":94,"column":3}},"26":{"start":{"line":36,"column":4},"end":{"line":36,"column":41}},"27":{"start":{"line":39,"column":2},"end":{"line":91,"column":6}},"28":{"start":{"line":52,"column":18},"end":{"line":52,"column":84}},"29":{"start":{"line":53,"column":6},"end":{"line":61,"column":9}},"30":{"start":{"line":54,"column":8},"end":{"line":54,"column":104}},"31":{"start":{"line":54,"column":19},"end":{"line":54,"column":104}},"32":{"start":{"line":55,"column":8},"end":{"line":60,"column":11}},"33":{"start":{"line":56,"column":10},"end":{"line":56,"column":129}},"34":{"start":{"line":56,"column":43},"end":{"line":56,"column":129}},"35":{"start":{"line":57,"column":10},"end":{"line":57,"column":24}},"36":{"start":{"line":59,"column":10},"end":{"line":59,"column":85}},"37":{"start":{"line":75,"column":18},"end":{"line":75,"column":84}},"38":{"start":{"line":76,"column":6},"end":{"line":89,"column":7}},"39":{"start":{"line":77,"column":8},"end":{"line":86,"column":11}},"40":{"start":{"line":78,"column":10},"end":{"line":78,"column":106}},"41":{"start":{"line":78,"column":21},"end":{"line":78,"column":106}},"42":{"start":{"line":79,"column":10},"end":{"line":85,"column":13}},"43":{"start":{"line":80,"column":12},"end":{"line":80,"column":92}},"44":{"start":{"line":80,"column":23},"end":{"line":80,"column":92}},"45":{"start":{"line":81,"column":12},"end":{"line":81,"column":34}},"46":{"start":{"line":82,"column":12},"end":{"line":82,"column":26}},"47":{"start":{"line":84,"column":12},"end":{"line":84,"column":87}},"48":{"start":{"line":88,"column":8},"end":{"line":88,"column":81}},"49":{"start":{"line":93,"column":2},"end":{"line":93,"column":23}},"50":{"start":{"line":96,"column":0},"end":{"line":96,"column":32}}},"fnMap":{"0":{"name":"(anonymous_0)","decl":{"start":{"line":7,"column":19},"end":{"line":7,"column":20}},"loc":{"start":{"line":7,"column":31},"end":{"line":7,"column":561}},"line":7},"1":{"name":"defineProperties","decl":{"start":{"line":7,"column":42},"end":{"line":7,"column":58}},"loc":{"start":{"line":7,"column":74},"end":{"line":7,"column":349}},"line":7},"2":{"name":"(anonymous_2)","decl":{"start":{"line":7,"column":357},"end":{"line":7,"column":358}},"loc":{"start":{"line":7,"column":405},"end":{"line":7,"column":558}},"line":7},"3":{"name":"_interopRequireDefault","decl":{"start":{"line":21,"column":9},"end":{"line":21,"column":31}},"loc":{"start":{"line":21,"column":37},"end":{"line":21,"column":95}},"line":21},"4":{"name":"_classCallCheck","decl":{"start":{"line":23,"column":9},"end":{"line":23,"column":24}},"loc":{"start":{"line":23,"column":48},"end":{"line":23,"column":153}},"line":23},"5":{"name":"(anonymous_5)","decl":{"start":{"line":34,"column":20},"end":{"line":34,"column":21}},"loc":{"start":{"line":34,"column":32},"end":{"line":94,"column":1}},"line":34},"6":{"name":"Authorization","decl":{"start":{"line":35,"column":11},"end":{"line":35,"column":24}},"loc":{"start":{"line":35,"column":27},"end":{"line":37,"column":3}},"line":35},"7":{"name":"checkAdmin","decl":{"start":{"line":51,"column":20},"end":{"line":51,"column":30}},"loc":{"start":{"line":51,"column":47},"end":{"line":62,"column":5}},"line":51},"8":{"name":"(anonymous_8)","decl":{"start":{"line":53,"column":67},"end":{"line":53,"column":68}},"loc":{"start":{"line":53,"column":93},"end":{"line":61,"column":7}},"line":53},"9":{"name":"(anonymous_9)","decl":{"start":{"line":55,"column":39},"end":{"line":55,"column":40}},"loc":{"start":{"line":55,"column":51},"end":{"line":58,"column":9}},"line":55},"10":{"name":"(anonymous_10)","decl":{"start":{"line":58,"column":17},"end":{"line":58,"column":18}},"loc":{"start":{"line":58,"column":29},"end":{"line":60,"column":9}},"line":58},"11":{"name":"verifyToken","decl":{"start":{"line":74,"column":20},"end":{"line":74,"column":31}},"loc":{"start":{"line":74,"column":48},"end":{"line":90,"column":5}},"line":74},"12":{"name":"(anonymous_12)","decl":{"start":{"line":77,"column":69},"end":{"line":77,"column":70}},"loc":{"start":{"line":77,"column":95},"end":{"line":86,"column":9}},"line":77},"13":{"name":"(anonymous_13)","decl":{"start":{"line":79,"column":57},"end":{"line":79,"column":58}},"loc":{"start":{"line":79,"column":73},"end":{"line":83,"column":11}},"line":79},"14":{"name":"(anonymous_14)","decl":{"start":{"line":83,"column":19},"end":{"line":83,"column":20}},"loc":{"start":{"line":83,"column":31},"end":{"line":85,"column":11}},"line":83}},"branchMap":{"0":{"loc":{"start":{"line":7,"column":168},"end":{"line":7,"column":198}},"type":"binary-expr","locations":[{"start":{"line":7,"column":168},"end":{"line":7,"column":189}},{"start":{"line":7,"column":193},"end":{"line":7,"column":198}}],"line":7},"1":{"loc":{"start":{"line":7,"column":232},"end":{"line":7,"column":286}},"type":"if","locations":[{"start":{"line":7,"column":232},"end":{"line":7,"column":286}},{"start":{"line":7,"column":232},"end":{"line":7,"column":286}}],"line":7},"2":{"loc":{"start":{"line":7,"column":407},"end":{"line":7,"column":475}},"type":"if","locations":[{"start":{"line":7,"column":407},"end":{"line":7,"column":475}},{"start":{"line":7,"column":407},"end":{"line":7,"column":475}}],"line":7},"3":{"loc":{"start":{"line":7,"column":476},"end":{"line":7,"column":536}},"type":"if","locations":[{"start":{"line":7,"column":476},"end":{"line":7,"column":536}},{"start":{"line":7,"column":476},"end":{"line":7,"column":536}}],"line":7},"4":{"loc":{"start":{"line":21,"column":46},"end":{"line":21,"column":92}},"type":"cond-expr","locations":[{"start":{"line":21,"column":70},"end":{"line":21,"column":73}},{"start":{"line":21,"column":76},"end":{"line":21,"column":92}}],"line":21},"5":{"loc":{"start":{"line":21,"column":46},"end":{"line":21,"column":67}},"type":"binary-expr","locations":[{"start":{"line":21,"column":46},"end":{"line":21,"column":49}},{"start":{"line":21,"column":53},"end":{"line":21,"column":67}}],"line":21},"6":{"loc":{"start":{"line":23,"column":50},"end":{"line":23,"column":151}},"type":"if","locations":[{"start":{"line":23,"column":50},"end":{"line":23,"column":151}},{"start":{"line":23,"column":50},"end":{"line":23,"column":151}}],"line":23},"7":{"loc":{"start":{"line":52,"column":18},"end":{"line":52,"column":84}},"type":"binary-expr","locations":[{"start":{"line":52,"column":18},"end":{"line":52,"column":32}},{"start":{"line":52,"column":36},"end":{"line":52,"column":51}},{"start":{"line":52,"column":55},"end":{"line":52,"column":84}}],"line":52},"8":{"loc":{"start":{"line":54,"column":8},"end":{"line":54,"column":104}},"type":"if","locations":[{"start":{"line":54,"column":8},"end":{"line":54,"column":104}},{"start":{"line":54,"column":8},"end":{"line":54,"column":104}}],"line":54},"9":{"loc":{"start":{"line":56,"column":10},"end":{"line":56,"column":129}},"type":"if","locations":[{"start":{"line":56,"column":10},"end":{"line":56,"column":129}},{"start":{"line":56,"column":10},"end":{"line":56,"column":129}}],"line":56},"10":{"loc":{"start":{"line":75,"column":18},"end":{"line":75,"column":84}},"type":"binary-expr","locations":[{"start":{"line":75,"column":18},"end":{"line":75,"column":32}},{"start":{"line":75,"column":36},"end":{"line":75,"column":51}},{"start":{"line":75,"column":55},"end":{"line":75,"column":84}}],"line":75},"11":{"loc":{"start":{"line":76,"column":6},"end":{"line":89,"column":7}},"type":"if","locations":[{"start":{"line":76,"column":6},"end":{"line":89,"column":7}},{"start":{"line":76,"column":6},"end":{"line":89,"column":7}}],"line":76},"12":{"loc":{"start":{"line":78,"column":10},"end":{"line":78,"column":106}},"type":"if","locations":[{"start":{"line":78,"column":10},"end":{"line":78,"column":106}},{"start":{"line":78,"column":10},"end":{"line":78,"column":106}}],"line":78},"13":{"loc":{"start":{"line":80,"column":12},"end":{"line":80,"column":92}},"type":"if","locations":[{"start":{"line":80,"column":12},"end":{"line":80,"column":92}},{"start":{"line":80,"column":12},"end":{"line":80,"column":92}}],"line":80}},"s":{"0":1,"1":1,"2":1,"3":2,"4":2,"5":2,"6":2,"7":2,"8":2,"9":1,"10":1,"11":0,"12":1,"13":1,"14":1,"15":1,"16":1,"17":1,"18":1,"19":1,"20":1,"21":2,"22":0,"23":0,"24":1,"25":1,"26":0,"27":1,"28":5,"29":5,"30":5,"31":0,"32":5,"33":5,"34":0,"35":5,"36":0,"37":36,"38":36,"39":36,"40":36,"41":1,"42":35,"43":35,"44":0,"45":35,"46":35,"47":0,"48":0,"49":1,"50":1},"f":{"0":1,"1":1,"2":1,"3":2,"4":0,"5":1,"6":0,"7":5,"8":5,"9":5,"10":0,"11":36,"12":36,"13":35,"14":0},"b":{"0":[2,2],"1":[2,0],"2":[0,1],"3":[1,0],"4":[0,2],"5":[2,2],"6":[0,0],"7":[5,5,5],"8":[0,5],"9":[0,5],"10":[36,36,36],"11":[36,0],"12":[1,35],"13":[0,35]},"_coverageSchema":"332fd63041d2c1bcb487cc26dd0d5f7d97098a6c","hash":"8f9396b41118e7055db937eac79df1a1cde8ed13","contentHash":"0a416706c9976157287a520fb4e6f72f_11.3.0"},"/Users/andeladeveloper/Documents/Documents/More-Recipe/server/seeders/seeds.js":{"path":"/Users/andeladeveloper/Documents/Documents/More-Recipe/server/seeders/seeds.js","statementMap":{"0":{"start":{"line":3,"column":0},"end":{"line":5,"column":3}},"1":{"start":{"line":7,"column":14},"end":{"line":7,"column":34}},"2":{"start":{"line":9,"column":0},"end":{"line":81,"column":2}},"3":{"start":{"line":11,"column":4},"end":{"line":15,"column":7}},"4":{"start":{"line":12,"column":6},"end":{"line":12,"column":20}},"5":{"start":{"line":14,"column":6},"end":{"line":14,"column":23}},"6":{"start":{"line":18,"column":4},"end":{"line":18,"column":138}},"7":{"start":{"line":21,"column":4},"end":{"line":21,"column":100}},"8":{"start":{"line":24,"column":4},"end":{"line":36,"column":7}},"9":{"start":{"line":33,"column":6},"end":{"line":33,"column":20}},"10":{"start":{"line":35,"column":6},"end":{"line":35,"column":23}},"11":{"start":{"line":43,"column":4},"end":{"line":47,"column":7}},"12":{"start":{"line":44,"column":6},"end":{"line":44,"column":20}},"13":{"start":{"line":46,"column":6},"end":{"line":46,"column":23}},"14":{"start":{"line":50,"column":4},"end":{"line":60,"column":6}},"15":{"start":{"line":63,"column":4},"end":{"line":63,"column":48}},"16":{"start":{"line":66,"column":4},"end":{"line":79,"column":7}},"17":{"start":{"line":76,"column":6},"end":{"line":76,"column":20}},"18":{"start":{"line":78,"column":6},"end":{"line":78,"column":23}}},"fnMap":{"0":{"name":"emptyRecipeTable","decl":{"start":{"line":10,"column":29},"end":{"line":10,"column":45}},"loc":{"start":{"line":10,"column":52},"end":{"line":16,"column":3}},"line":10},"1":{"name":"(anonymous_1)","decl":{"start":{"line":11,"column":91},"end":{"line":11,"column":92}},"loc":{"start":{"line":11,"column":103},"end":{"line":13,"column":5}},"line":11},"2":{"name":"(anonymous_2)","decl":{"start":{"line":13,"column":13},"end":{"line":13,"column":14}},"loc":{"start":{"line":13,"column":28},"end":{"line":15,"column":5}},"line":13},"3":{"name":"setRecipeInput","decl":{"start":{"line":17,"column":27},"end":{"line":17,"column":41}},"loc":{"start":{"line":17,"column":104},"end":{"line":19,"column":3}},"line":17},"4":{"name":"setUpdateRecipe","decl":{"start":{"line":20,"column":28},"end":{"line":20,"column":43}},"loc":{"start":{"line":20,"column":87},"end":{"line":22,"column":3}},"line":20},"5":{"name":"addRecipe","decl":{"start":{"line":23,"column":22},"end":{"line":23,"column":31}},"loc":{"start":{"line":23,"column":38},"end":{"line":37,"column":3}},"line":23},"6":{"name":"(anonymous_6)","decl":{"start":{"line":32,"column":12},"end":{"line":32,"column":13}},"loc":{"start":{"line":32,"column":24},"end":{"line":34,"column":5}},"line":32},"7":{"name":"(anonymous_7)","decl":{"start":{"line":34,"column":13},"end":{"line":34,"column":14}},"loc":{"start":{"line":34,"column":28},"end":{"line":36,"column":5}},"line":34},"8":{"name":"emptyUserTable","decl":{"start":{"line":42,"column":27},"end":{"line":42,"column":41}},"loc":{"start":{"line":42,"column":48},"end":{"line":48,"column":3}},"line":42},"9":{"name":"(anonymous_9)","decl":{"start":{"line":43,"column":89},"end":{"line":43,"column":90}},"loc":{"start":{"line":43,"column":101},"end":{"line":45,"column":5}},"line":43},"10":{"name":"(anonymous_10)","decl":{"start":{"line":45,"column":13},"end":{"line":45,"column":14}},"loc":{"start":{"line":45,"column":28},"end":{"line":47,"column":5}},"line":45},"11":{"name":"setUserInput","decl":{"start":{"line":49,"column":25},"end":{"line":49,"column":37}},"loc":{"start":{"line":49,"column":124},"end":{"line":61,"column":3}},"line":49},"12":{"name":"setLogin","decl":{"start":{"line":62,"column":21},"end":{"line":62,"column":29}},"loc":{"start":{"line":62,"column":47},"end":{"line":64,"column":3}},"line":62},"13":{"name":"addUser","decl":{"start":{"line":65,"column":20},"end":{"line":65,"column":27}},"loc":{"start":{"line":65,"column":34},"end":{"line":80,"column":3}},"line":65},"14":{"name":"(anonymous_14)","decl":{"start":{"line":75,"column":12},"end":{"line":75,"column":13}},"loc":{"start":{"line":75,"column":24},"end":{"line":77,"column":5}},"line":75},"15":{"name":"(anonymous_15)","decl":{"start":{"line":77,"column":13},"end":{"line":77,"column":14}},"loc":{"start":{"line":77,"column":28},"end":{"line":79,"column":5}},"line":77}},"branchMap":{},"s":{"0":1,"1":1,"2":1,"3":0,"4":0,"5":0,"6":2,"7":2,"8":1,"9":1,"10":0,"11":0,"12":0,"13":0,"14":6,"15":6,"16":3,"17":3,"18":0},"f":{"0":0,"1":0,"2":0,"3":2,"4":2,"5":1,"6":1,"7":0,"8":0,"9":0,"10":0,"11":6,"12":6,"13":3,"14":3,"15":0},"b":{},"_coverageSchema":"332fd63041d2c1bcb487cc26dd0d5f7d97098a6c","hash":"cb9d1418ba0c8fb9c69dcc27312e8968c8fd8f76","contentHash":"6f88cdd8ec9e7e6796dd75e7d613f712_11.3.0"}}