{"/Users/andeladeveloper/Documents/Documents/More-Recipe/server/test/index.js":{"path":"/Users/andeladeveloper/Documents/Documents/More-Recipe/server/test/index.js","statementMap":{"0":{"start":{"line":3,"column":17},"end":{"line":3,"column":37}},"1":{"start":{"line":5,"column":18},"end":{"line":5,"column":52}},"2":{"start":{"line":7,"column":17},"end":{"line":7,"column":38}},"3":{"start":{"line":9,"column":18},"end":{"line":9,"column":52}},"4":{"start":{"line":11,"column":12},"end":{"line":11,"column":27}},"5":{"start":{"line":13,"column":14},"end":{"line":13,"column":31}},"6":{"start":{"line":15,"column":15},"end":{"line":15,"column":46}},"7":{"start":{"line":17,"column":13},"end":{"line":17,"column":32}},"8":{"start":{"line":19,"column":14},"end":{"line":19,"column":44}},"9":{"start":{"line":21,"column":13},"end":{"line":21,"column":40}},"10":{"start":{"line":23,"column":14},"end":{"line":23,"column":44}},"11":{"start":{"line":25,"column":39},"end":{"line":25,"column":93}},"12":{"start":{"line":27,"column":13},"end":{"line":27,"column":17}},"13":{"start":{"line":31,"column":0},"end":{"line":39,"column":3}},"14":{"start":{"line":32,"column":2},"end":{"line":38,"column":5}},"15":{"start":{"line":33,"column":4},"end":{"line":37,"column":17}},"16":{"start":{"line":34,"column":6},"end":{"line":36,"column":9}},"17":{"start":{"line":41,"column":0},"end":{"line":99,"column":3}},"18":{"start":{"line":42,"column":2},"end":{"line":42,"column":41}},"19":{"start":{"line":43,"column":2},"end":{"line":43,"column":34}},"20":{"start":{"line":44,"column":2},"end":{"line":51,"column":5}},"21":{"start":{"line":46,"column":4},"end":{"line":50,"column":7}},"22":{"start":{"line":47,"column":6},"end":{"line":47,"column":32}},"23":{"start":{"line":47,"column":15},"end":{"line":47,"column":32}},"24":{"start":{"line":48,"column":6},"end":{"line":48,"column":30}},"25":{"start":{"line":49,"column":6},"end":{"line":49,"column":13}},"26":{"start":{"line":52,"column":2},"end":{"line":56,"column":5}},"27":{"start":{"line":53,"column":4},"end":{"line":55,"column":7}},"28":{"start":{"line":54,"column":6},"end":{"line":54,"column":206}},"29":{"start":{"line":58,"column":2},"end":{"line":62,"column":5}},"30":{"start":{"line":59,"column":4},"end":{"line":61,"column":7}},"31":{"start":{"line":60,"column":6},"end":{"line":60,"column":208}},"32":{"start":{"line":64,"column":2},"end":{"line":68,"column":5}},"33":{"start":{"line":65,"column":4},"end":{"line":67,"column":7}},"34":{"start":{"line":66,"column":6},"end":{"line":66,"column":244}},"35":{"start":{"line":70,"column":2},"end":{"line":74,"column":5}},"36":{"start":{"line":71,"column":4},"end":{"line":73,"column":7}},"37":{"start":{"line":72,"column":6},"end":{"line":72,"column":206}},"38":{"start":{"line":76,"column":2},"end":{"line":80,"column":5}},"39":{"start":{"line":77,"column":4},"end":{"line":79,"column":7}},"40":{"start":{"line":78,"column":6},"end":{"line":78,"column":121}},"41":{"start":{"line":82,"column":2},"end":{"line":86,"column":5}},"42":{"start":{"line":83,"column":4},"end":{"line":85,"column":7}},"43":{"start":{"line":84,"column":6},"end":{"line":84,"column":93}},"44":{"start":{"line":88,"column":2},"end":{"line":92,"column":5}},"45":{"start":{"line":89,"column":4},"end":{"line":91,"column":7}},"46":{"start":{"line":90,"column":6},"end":{"line":90,"column":194}},"47":{"start":{"line":94,"column":2},"end":{"line":98,"column":5}},"48":{"start":{"line":95,"column":4},"end":{"line":97,"column":7}},"49":{"start":{"line":96,"column":6},"end":{"line":96,"column":126}},"50":{"start":{"line":101,"column":0},"end":{"line":122,"column":3}},"51":{"start":{"line":102,"column":2},"end":{"line":102,"column":41}},"52":{"start":{"line":103,"column":2},"end":{"line":103,"column":34}},"53":{"start":{"line":105,"column":2},"end":{"line":107,"column":5}},"54":{"start":{"line":106,"column":4},"end":{"line":106,"column":150}},"55":{"start":{"line":109,"column":2},"end":{"line":111,"column":5}},"56":{"start":{"line":110,"column":4},"end":{"line":110,"column":160}},"57":{"start":{"line":113,"column":2},"end":{"line":121,"column":5}},"58":{"start":{"line":114,"column":4},"end":{"line":120,"column":7}},"59":{"start":{"line":115,"column":6},"end":{"line":115,"column":32}},"60":{"start":{"line":115,"column":15},"end":{"line":115,"column":32}},"61":{"start":{"line":116,"column":6},"end":{"line":116,"column":36}},"62":{"start":{"line":117,"column":25},"end":{"line":117,"column":65}},"63":{"start":{"line":118,"column":6},"end":{"line":118,"column":59}},"64":{"start":{"line":119,"column":6},"end":{"line":119,"column":13}},"65":{"start":{"line":124,"column":0},"end":{"line":252,"column":3}},"66":{"start":{"line":125,"column":2},"end":{"line":125,"column":41}},"67":{"start":{"line":126,"column":2},"end":{"line":126,"column":43}},"68":{"start":{"line":127,"column":2},"end":{"line":127,"column":34}},"69":{"start":{"line":128,"column":2},"end":{"line":128,"column":36}},"70":{"start":{"line":130,"column":2},"end":{"line":137,"column":5}},"71":{"start":{"line":132,"column":4},"end":{"line":136,"column":7}},"72":{"start":{"line":133,"column":6},"end":{"line":133,"column":32}},"73":{"start":{"line":133,"column":15},"end":{"line":133,"column":32}},"74":{"start":{"line":134,"column":6},"end":{"line":134,"column":30}},"75":{"start":{"line":135,"column":6},"end":{"line":135,"column":13}},"76":{"start":{"line":139,"column":2},"end":{"line":143,"column":5}},"77":{"start":{"line":140,"column":4},"end":{"line":142,"column":7}},"78":{"start":{"line":141,"column":6},"end":{"line":141,"column":100}},"79":{"start":{"line":145,"column":2},"end":{"line":149,"column":5}},"80":{"start":{"line":146,"column":4},"end":{"line":148,"column":7}},"81":{"start":{"line":147,"column":6},"end":{"line":147,"column":125}},"82":{"start":{"line":151,"column":2},"end":{"line":155,"column":5}},"83":{"start":{"line":152,"column":4},"end":{"line":154,"column":7}},"84":{"start":{"line":153,"column":6},"end":{"line":153,"column":124}},"85":{"start":{"line":157,"column":2},"end":{"line":161,"column":5}},"86":{"start":{"line":158,"column":4},"end":{"line":160,"column":7}},"87":{"start":{"line":159,"column":6},"end":{"line":159,"column":253}},"88":{"start":{"line":163,"column":2},"end":{"line":167,"column":5}},"89":{"start":{"line":164,"column":4},"end":{"line":166,"column":7}},"90":{"start":{"line":165,"column":6},"end":{"line":165,"column":264}},"91":{"start":{"line":169,"column":2},"end":{"line":173,"column":5}},"92":{"start":{"line":170,"column":4},"end":{"line":172,"column":7}},"93":{"start":{"line":171,"column":6},"end":{"line":171,"column":230}},"94":{"start":{"line":175,"column":2},"end":{"line":179,"column":5}},"95":{"start":{"line":176,"column":4},"end":{"line":178,"column":7}},"96":{"start":{"line":177,"column":6},"end":{"line":177,"column":176}},"97":{"start":{"line":181,"column":2},"end":{"line":185,"column":5}},"98":{"start":{"line":182,"column":4},"end":{"line":184,"column":7}},"99":{"start":{"line":183,"column":6},"end":{"line":183,"column":130}},"100":{"start":{"line":187,"column":2},"end":{"line":191,"column":5}},"101":{"start":{"line":188,"column":4},"end":{"line":190,"column":7}},"102":{"start":{"line":189,"column":6},"end":{"line":189,"column":127}},"103":{"start":{"line":193,"column":2},"end":{"line":203,"column":5}},"104":{"start":{"line":194,"column":4},"end":{"line":202,"column":7}},"105":{"start":{"line":195,"column":6},"end":{"line":201,"column":17}},"106":{"start":{"line":205,"column":2},"end":{"line":209,"column":5}},"107":{"start":{"line":206,"column":4},"end":{"line":208,"column":7}},"108":{"start":{"line":207,"column":6},"end":{"line":207,"column":133}},"109":{"start":{"line":211,"column":2},"end":{"line":215,"column":5}},"110":{"start":{"line":212,"column":4},"end":{"line":214,"column":7}},"111":{"start":{"line":213,"column":6},"end":{"line":213,"column":135}},"112":{"start":{"line":217,"column":2},"end":{"line":221,"column":5}},"113":{"start":{"line":218,"column":4},"end":{"line":220,"column":7}},"114":{"start":{"line":219,"column":6},"end":{"line":219,"column":133}},"115":{"start":{"line":223,"column":2},"end":{"line":227,"column":5}},"116":{"start":{"line":224,"column":4},"end":{"line":226,"column":7}},"117":{"start":{"line":225,"column":6},"end":{"line":225,"column":135}},"118":{"start":{"line":229,"column":2},"end":{"line":233,"column":5}},"119":{"start":{"line":230,"column":4},"end":{"line":232,"column":7}},"120":{"start":{"line":231,"column":6},"end":{"line":231,"column":140}},"121":{"start":{"line":235,"column":2},"end":{"line":239,"column":5}},"122":{"start":{"line":236,"column":4},"end":{"line":238,"column":7}},"123":{"start":{"line":237,"column":6},"end":{"line":237,"column":133}},"124":{"start":{"line":241,"column":2},"end":{"line":245,"column":5}},"125":{"start":{"line":242,"column":4},"end":{"line":244,"column":7}},"126":{"start":{"line":243,"column":6},"end":{"line":243,"column":128}},"127":{"start":{"line":247,"column":2},"end":{"line":251,"column":5}},"128":{"start":{"line":248,"column":4},"end":{"line":250,"column":7}},"129":{"start":{"line":249,"column":6},"end":{"line":249,"column":128}}},"fnMap":{"0":{"name":"_interopRequireDefault","decl":{"start":{"line":25,"column":9},"end":{"line":25,"column":31}},"loc":{"start":{"line":25,"column":37},"end":{"line":25,"column":95}},"line":25},"1":{"name":"(anonymous_1)","decl":{"start":{"line":31,"column":56},"end":{"line":31,"column":57}},"loc":{"start":{"line":31,"column":68},"end":{"line":39,"column":1}},"line":31},"2":{"name":"(anonymous_2)","decl":{"start":{"line":32,"column":69},"end":{"line":32,"column":70}},"loc":{"start":{"line":32,"column":85},"end":{"line":38,"column":3}},"line":32},"3":{"name":"(anonymous_3)","decl":{"start":{"line":33,"column":97},"end":{"line":33,"column":98}},"loc":{"start":{"line":33,"column":112},"end":{"line":37,"column":5}},"line":33},"4":{"name":"(anonymous_4)","decl":{"start":{"line":41,"column":24},"end":{"line":41,"column":25}},"loc":{"start":{"line":41,"column":36},"end":{"line":99,"column":1}},"line":41},"5":{"name":"(anonymous_5)","decl":{"start":{"line":44,"column":9},"end":{"line":44,"column":10}},"loc":{"start":{"line":44,"column":25},"end":{"line":51,"column":3}},"line":44},"6":{"name":"(anonymous_6)","decl":{"start":{"line":46,"column":156},"end":{"line":46,"column":157}},"loc":{"start":{"line":46,"column":176},"end":{"line":50,"column":5}},"line":46},"7":{"name":"(anonymous_7)","decl":{"start":{"line":52,"column":50},"end":{"line":52,"column":51}},"loc":{"start":{"line":52,"column":62},"end":{"line":56,"column":3}},"line":52},"8":{"name":"(anonymous_8)","decl":{"start":{"line":53,"column":76},"end":{"line":53,"column":77}},"loc":{"start":{"line":53,"column":92},"end":{"line":55,"column":5}},"line":53},"9":{"name":"(anonymous_9)","decl":{"start":{"line":58,"column":38},"end":{"line":58,"column":39}},"loc":{"start":{"line":58,"column":50},"end":{"line":62,"column":3}},"line":58},"10":{"name":"(anonymous_10)","decl":{"start":{"line":59,"column":75},"end":{"line":59,"column":76}},"loc":{"start":{"line":59,"column":91},"end":{"line":61,"column":5}},"line":59},"11":{"name":"(anonymous_11)","decl":{"start":{"line":64,"column":42},"end":{"line":64,"column":43}},"loc":{"start":{"line":64,"column":54},"end":{"line":68,"column":3}},"line":64},"12":{"name":"(anonymous_12)","decl":{"start":{"line":65,"column":75},"end":{"line":65,"column":76}},"loc":{"start":{"line":65,"column":91},"end":{"line":67,"column":5}},"line":65},"13":{"name":"(anonymous_13)","decl":{"start":{"line":70,"column":45},"end":{"line":70,"column":46}},"loc":{"start":{"line":70,"column":57},"end":{"line":74,"column":3}},"line":70},"14":{"name":"(anonymous_14)","decl":{"start":{"line":71,"column":75},"end":{"line":71,"column":76}},"loc":{"start":{"line":71,"column":91},"end":{"line":73,"column":5}},"line":71},"15":{"name":"(anonymous_15)","decl":{"start":{"line":76,"column":33},"end":{"line":76,"column":34}},"loc":{"start":{"line":76,"column":45},"end":{"line":80,"column":3}},"line":76},"16":{"name":"(anonymous_16)","decl":{"start":{"line":77,"column":87},"end":{"line":77,"column":88}},"loc":{"start":{"line":77,"column":103},"end":{"line":79,"column":5}},"line":77},"17":{"name":"(anonymous_17)","decl":{"start":{"line":82,"column":33},"end":{"line":82,"column":34}},"loc":{"start":{"line":82,"column":45},"end":{"line":86,"column":3}},"line":82},"18":{"name":"(anonymous_18)","decl":{"start":{"line":83,"column":84},"end":{"line":83,"column":85}},"loc":{"start":{"line":83,"column":100},"end":{"line":85,"column":5}},"line":83},"19":{"name":"(anonymous_19)","decl":{"start":{"line":88,"column":34},"end":{"line":88,"column":35}},"loc":{"start":{"line":88,"column":46},"end":{"line":92,"column":3}},"line":88},"20":{"name":"(anonymous_20)","decl":{"start":{"line":89,"column":86},"end":{"line":89,"column":87}},"loc":{"start":{"line":89,"column":102},"end":{"line":91,"column":5}},"line":89},"21":{"name":"(anonymous_21)","decl":{"start":{"line":94,"column":29},"end":{"line":94,"column":30}},"loc":{"start":{"line":94,"column":41},"end":{"line":98,"column":3}},"line":94},"22":{"name":"(anonymous_22)","decl":{"start":{"line":95,"column":87},"end":{"line":95,"column":88}},"loc":{"start":{"line":95,"column":103},"end":{"line":97,"column":5}},"line":95},"23":{"name":"(anonymous_23)","decl":{"start":{"line":101,"column":42},"end":{"line":101,"column":43}},"loc":{"start":{"line":101,"column":54},"end":{"line":122,"column":1}},"line":101},"24":{"name":"(anonymous_24)","decl":{"start":{"line":105,"column":83},"end":{"line":105,"column":84}},"loc":{"start":{"line":105,"column":99},"end":{"line":107,"column":3}},"line":105},"25":{"name":"(anonymous_25)","decl":{"start":{"line":109,"column":66},"end":{"line":109,"column":67}},"loc":{"start":{"line":109,"column":82},"end":{"line":111,"column":3}},"line":109},"26":{"name":"(anonymous_26)","decl":{"start":{"line":113,"column":74},"end":{"line":113,"column":75}},"loc":{"start":{"line":113,"column":90},"end":{"line":121,"column":3}},"line":113},"27":{"name":"(anonymous_27)","decl":{"start":{"line":114,"column":156},"end":{"line":114,"column":157}},"loc":{"start":{"line":114,"column":176},"end":{"line":120,"column":5}},"line":114},"28":{"name":"(anonymous_28)","decl":{"start":{"line":124,"column":30},"end":{"line":124,"column":31}},"loc":{"start":{"line":124,"column":42},"end":{"line":252,"column":1}},"line":124},"29":{"name":"(anonymous_29)","decl":{"start":{"line":130,"column":9},"end":{"line":130,"column":10}},"loc":{"start":{"line":130,"column":25},"end":{"line":137,"column":3}},"line":130},"30":{"name":"(anonymous_30)","decl":{"start":{"line":132,"column":156},"end":{"line":132,"column":157}},"loc":{"start":{"line":132,"column":176},"end":{"line":136,"column":5}},"line":132},"31":{"name":"(anonymous_31)","decl":{"start":{"line":139,"column":37},"end":{"line":139,"column":38}},"loc":{"start":{"line":139,"column":49},"end":{"line":143,"column":3}},"line":139},"32":{"name":"(anonymous_32)","decl":{"start":{"line":140,"column":52},"end":{"line":140,"column":53}},"loc":{"start":{"line":140,"column":68},"end":{"line":142,"column":5}},"line":140},"33":{"name":"(anonymous_33)","decl":{"start":{"line":145,"column":41},"end":{"line":145,"column":42}},"loc":{"start":{"line":145,"column":53},"end":{"line":149,"column":3}},"line":145},"34":{"name":"(anonymous_34)","decl":{"start":{"line":146,"column":40},"end":{"line":146,"column":41}},"loc":{"start":{"line":146,"column":56},"end":{"line":148,"column":5}},"line":146},"35":{"name":"(anonymous_35)","decl":{"start":{"line":151,"column":40},"end":{"line":151,"column":41}},"loc":{"start":{"line":151,"column":52},"end":{"line":155,"column":3}},"line":151},"36":{"name":"(anonymous_36)","decl":{"start":{"line":152,"column":54},"end":{"line":152,"column":55}},"loc":{"start":{"line":152,"column":70},"end":{"line":154,"column":5}},"line":152},"37":{"name":"(anonymous_37)","decl":{"start":{"line":157,"column":37},"end":{"line":157,"column":38}},"loc":{"start":{"line":157,"column":49},"end":{"line":161,"column":3}},"line":157},"38":{"name":"(anonymous_38)","decl":{"start":{"line":158,"column":91},"end":{"line":158,"column":92}},"loc":{"start":{"line":158,"column":107},"end":{"line":160,"column":5}},"line":158},"39":{"name":"(anonymous_39)","decl":{"start":{"line":163,"column":37},"end":{"line":163,"column":38}},"loc":{"start":{"line":163,"column":49},"end":{"line":167,"column":3}},"line":163},"40":{"name":"(anonymous_40)","decl":{"start":{"line":164,"column":71},"end":{"line":164,"column":72}},"loc":{"start":{"line":164,"column":87},"end":{"line":166,"column":5}},"line":164},"41":{"name":"(anonymous_41)","decl":{"start":{"line":169,"column":46},"end":{"line":169,"column":47}},"loc":{"start":{"line":169,"column":58},"end":{"line":173,"column":3}},"line":169},"42":{"name":"(anonymous_42)","decl":{"start":{"line":170,"column":68},"end":{"line":170,"column":69}},"loc":{"start":{"line":170,"column":84},"end":{"line":172,"column":5}},"line":170},"43":{"name":"(anonymous_43)","decl":{"start":{"line":175,"column":28},"end":{"line":175,"column":29}},"loc":{"start":{"line":175,"column":40},"end":{"line":179,"column":3}},"line":175},"44":{"name":"(anonymous_44)","decl":{"start":{"line":176,"column":79},"end":{"line":176,"column":80}},"loc":{"start":{"line":176,"column":95},"end":{"line":178,"column":5}},"line":176},"45":{"name":"(anonymous_45)","decl":{"start":{"line":181,"column":32},"end":{"line":181,"column":33}},"loc":{"start":{"line":181,"column":44},"end":{"line":185,"column":3}},"line":181},"46":{"name":"(anonymous_46)","decl":{"start":{"line":182,"column":83},"end":{"line":182,"column":84}},"loc":{"start":{"line":182,"column":99},"end":{"line":184,"column":5}},"line":182},"47":{"name":"(anonymous_47)","decl":{"start":{"line":187,"column":39},"end":{"line":187,"column":40}},"loc":{"start":{"line":187,"column":51},"end":{"line":191,"column":3}},"line":187},"48":{"name":"(anonymous_48)","decl":{"start":{"line":188,"column":90},"end":{"line":188,"column":91}},"loc":{"start":{"line":188,"column":106},"end":{"line":190,"column":5}},"line":188},"49":{"name":"(anonymous_49)","decl":{"start":{"line":193,"column":61},"end":{"line":193,"column":62}},"loc":{"start":{"line":193,"column":73},"end":{"line":203,"column":3}},"line":193},"50":{"name":"(anonymous_50)","decl":{"start":{"line":194,"column":106},"end":{"line":194,"column":107}},"loc":{"start":{"line":194,"column":122},"end":{"line":202,"column":5}},"line":194},"51":{"name":"(anonymous_51)","decl":{"start":{"line":205,"column":30},"end":{"line":205,"column":31}},"loc":{"start":{"line":205,"column":42},"end":{"line":209,"column":3}},"line":205},"52":{"name":"(anonymous_52)","decl":{"start":{"line":206,"column":59},"end":{"line":206,"column":60}},"loc":{"start":{"line":206,"column":75},"end":{"line":208,"column":5}},"line":206},"53":{"name":"(anonymous_53)","decl":{"start":{"line":211,"column":32},"end":{"line":211,"column":33}},"loc":{"start":{"line":211,"column":44},"end":{"line":215,"column":3}},"line":211},"54":{"name":"(anonymous_54)","decl":{"start":{"line":212,"column":59},"end":{"line":212,"column":60}},"loc":{"start":{"line":212,"column":75},"end":{"line":214,"column":5}},"line":212},"55":{"name":"(anonymous_55)","decl":{"start":{"line":217,"column":30},"end":{"line":217,"column":31}},"loc":{"start":{"line":217,"column":42},"end":{"line":221,"column":3}},"line":217},"56":{"name":"(anonymous_56)","decl":{"start":{"line":218,"column":68},"end":{"line":218,"column":69}},"loc":{"start":{"line":218,"column":84},"end":{"line":220,"column":5}},"line":218},"57":{"name":"(anonymous_57)","decl":{"start":{"line":223,"column":32},"end":{"line":223,"column":33}},"loc":{"start":{"line":223,"column":44},"end":{"line":227,"column":3}},"line":223},"58":{"name":"(anonymous_58)","decl":{"start":{"line":224,"column":68},"end":{"line":224,"column":69}},"loc":{"start":{"line":224,"column":84},"end":{"line":226,"column":5}},"line":224},"59":{"name":"(anonymous_59)","decl":{"start":{"line":229,"column":42},"end":{"line":229,"column":43}},"loc":{"start":{"line":229,"column":54},"end":{"line":233,"column":3}},"line":229},"60":{"name":"(anonymous_60)","decl":{"start":{"line":230,"column":59},"end":{"line":230,"column":60}},"loc":{"start":{"line":230,"column":75},"end":{"line":232,"column":5}},"line":230},"61":{"name":"(anonymous_61)","decl":{"start":{"line":235,"column":51},"end":{"line":235,"column":52}},"loc":{"start":{"line":235,"column":63},"end":{"line":239,"column":3}},"line":235},"62":{"name":"(anonymous_62)","decl":{"start":{"line":236,"column":59},"end":{"line":236,"column":60}},"loc":{"start":{"line":236,"column":75},"end":{"line":238,"column":5}},"line":236},"63":{"name":"(anonymous_63)","decl":{"start":{"line":241,"column":31},"end":{"line":241,"column":32}},"loc":{"start":{"line":241,"column":43},"end":{"line":245,"column":3}},"line":241},"64":{"name":"(anonymous_64)","decl":{"start":{"line":242,"column":79},"end":{"line":242,"column":80}},"loc":{"start":{"line":242,"column":95},"end":{"line":244,"column":5}},"line":242},"65":{"name":"(anonymous_65)","decl":{"start":{"line":247,"column":31},"end":{"line":247,"column":32}},"loc":{"start":{"line":247,"column":43},"end":{"line":251,"column":3}},"line":247},"66":{"name":"(anonymous_66)","decl":{"start":{"line":248,"column":68},"end":{"line":248,"column":69}},"loc":{"start":{"line":248,"column":84},"end":{"line":250,"column":5}},"line":248}},"branchMap":{"0":{"loc":{"start":{"line":25,"column":46},"end":{"line":25,"column":92}},"type":"cond-expr","locations":[{"start":{"line":25,"column":70},"end":{"line":25,"column":73}},{"start":{"line":25,"column":76},"end":{"line":25,"column":92}}],"line":25},"1":{"loc":{"start":{"line":25,"column":46},"end":{"line":25,"column":67}},"type":"binary-expr","locations":[{"start":{"line":25,"column":46},"end":{"line":25,"column":49}},{"start":{"line":25,"column":53},"end":{"line":25,"column":67}}],"line":25},"2":{"loc":{"start":{"line":47,"column":6},"end":{"line":47,"column":32}},"type":"if","locations":[{"start":{"line":47,"column":6},"end":{"line":47,"column":32}},{"start":{"line":47,"column":6},"end":{"line":47,"column":32}}],"line":47},"3":{"loc":{"start":{"line":115,"column":6},"end":{"line":115,"column":32}},"type":"if","locations":[{"start":{"line":115,"column":6},"end":{"line":115,"column":32}},{"start":{"line":115,"column":6},"end":{"line":115,"column":32}}],"line":115},"4":{"loc":{"start":{"line":133,"column":6},"end":{"line":133,"column":32}},"type":"if","locations":[{"start":{"line":133,"column":6},"end":{"line":133,"column":32}},{"start":{"line":133,"column":6},"end":{"line":133,"column":32}}],"line":133}},"s":{"0":1,"1":1,"2":1,"3":1,"4":1,"5":1,"6":1,"7":1,"8":1,"9":1,"10":1,"11":5,"12":1,"13":1,"14":1,"15":1,"16":1,"17":1,"18":1,"19":1,"20":1,"21":1,"22":1,"23":0,"24":1,"25":1,"26":1,"27":1,"28":1,"29":1,"30":1,"31":1,"32":1,"33":1,"34":1,"35":1,"36":1,"37":1,"38":1,"39":1,"40":1,"41":1,"42":1,"43":1,"44":1,"45":1,"46":1,"47":1,"48":1,"49":1,"50":1,"51":1,"52":1,"53":1,"54":1,"55":1,"56":1,"57":1,"58":1,"59":1,"60":0,"61":1,"62":1,"63":1,"64":1,"65":1,"66":1,"67":1,"68":1,"69":1,"70":1,"71":1,"72":1,"73":0,"74":1,"75":1,"76":1,"77":1,"78":1,"79":1,"80":1,"81":1,"82":1,"83":1,"84":1,"85":1,"86":1,"87":1,"88":1,"89":1,"90":1,"91":1,"92":1,"93":1,"94":1,"95":1,"96":1,"97":1,"98":1,"99":1,"100":1,"101":1,"102":1,"103":1,"104":1,"105":1,"106":1,"107":1,"108":1,"109":1,"110":1,"111":1,"112":1,"113":1,"114":1,"115":1,"116":1,"117":1,"118":1,"119":1,"120":1,"121":1,"122":1,"123":1,"124":1,"125":1,"126":1,"127":1,"128":1,"129":1},"f":{"0":5,"1":1,"2":1,"3":1,"4":1,"5":1,"6":1,"7":1,"8":1,"9":1,"10":1,"11":1,"12":1,"13":1,"14":1,"15":1,"16":1,"17":1,"18":1,"19":1,"20":1,"21":1,"22":1,"23":1,"24":1,"25":1,"26":1,"27":1,"28":1,"29":1,"30":1,"31":1,"32":1,"33":1,"34":1,"35":1,"36":1,"37":1,"38":1,"39":1,"40":1,"41":1,"42":1,"43":1,"44":1,"45":1,"46":1,"47":1,"48":1,"49":1,"50":1,"51":1,"52":1,"53":1,"54":1,"55":1,"56":1,"57":1,"58":1,"59":1,"60":1,"61":1,"62":1,"63":1,"64":1,"65":1,"66":1},"b":{"0":[2,3],"1":[5,5],"2":[0,1],"3":[0,1],"4":[0,1]},"_coverageSchema":"332fd63041d2c1bcb487cc26dd0d5f7d97098a6c","hash":"87c4b91eb32bcb401674c7179f5f2bef2f79f504","contentHash":"418493ef3cadd15cb07d8989ca313a11_11.3.0"},"/Users/andeladeveloper/Documents/Documents/More-Recipe/server/index.js":{"path":"/Users/andeladeveloper/Documents/Documents/More-Recipe/server/index.js","statementMap":{"0":{"start":{"line":3,"column":0},"end":{"line":5,"column":3}},"1":{"start":{"line":7,"column":15},"end":{"line":7,"column":33}},"2":{"start":{"line":9,"column":16},"end":{"line":9,"column":48}},"3":{"start":{"line":11,"column":18},"end":{"line":11,"column":40}},"4":{"start":{"line":13,"column":19},"end":{"line":13,"column":54}},"5":{"start":{"line":15,"column":14},"end":{"line":15,"column":31}},"6":{"start":{"line":17,"column":15},"end":{"line":17,"column":46}},"7":{"start":{"line":19,"column":12},"end":{"line":19,"column":27}},"8":{"start":{"line":21,"column":13},"end":{"line":21,"column":42}},"9":{"start":{"line":23,"column":12},"end":{"line":23,"column":27}},"10":{"start":{"line":25,"column":13},"end":{"line":25,"column":42}},"11":{"start":{"line":27,"column":13},"end":{"line":27,"column":38}},"12":{"start":{"line":29,"column":14},"end":{"line":29,"column":44}},"13":{"start":{"line":31,"column":39},"end":{"line":31,"column":93}},"14":{"start":{"line":33,"column":10},"end":{"line":33,"column":34}},"15":{"start":{"line":34,"column":11},"end":{"line":34,"column":35}},"16":{"start":{"line":36,"column":0},"end":{"line":36,"column":31}},"17":{"start":{"line":37,"column":0},"end":{"line":37,"column":37}},"18":{"start":{"line":38,"column":0},"end":{"line":38,"column":62}},"19":{"start":{"line":39,"column":0},"end":{"line":39,"column":38}},"20":{"start":{"line":41,"column":0},"end":{"line":41,"column":88}},"21":{"start":{"line":43,"column":0},"end":{"line":43,"column":26}},"22":{"start":{"line":45,"column":0},"end":{"line":49,"column":3}},"23":{"start":{"line":46,"column":2},"end":{"line":48,"column":5}},"24":{"start":{"line":51,"column":0},"end":{"line":53,"column":3}},"25":{"start":{"line":52,"column":2},"end":{"line":52,"column":78}},"26":{"start":{"line":55,"column":0},"end":{"line":57,"column":3}},"27":{"start":{"line":56,"column":2},"end":{"line":56,"column":45}},"28":{"start":{"line":59,"column":0},"end":{"line":59,"column":22}}},"fnMap":{"0":{"name":"_interopRequireDefault","decl":{"start":{"line":31,"column":9},"end":{"line":31,"column":31}},"loc":{"start":{"line":31,"column":37},"end":{"line":31,"column":95}},"line":31},"1":{"name":"(anonymous_1)","decl":{"start":{"line":45,"column":21},"end":{"line":45,"column":22}},"loc":{"start":{"line":45,"column":41},"end":{"line":49,"column":1}},"line":45},"2":{"name":"(anonymous_2)","decl":{"start":{"line":51,"column":13},"end":{"line":51,"column":14}},"loc":{"start":{"line":51,"column":33},"end":{"line":53,"column":1}},"line":51},"3":{"name":"(anonymous_3)","decl":{"start":{"line":55,"column":17},"end":{"line":55,"column":18}},"loc":{"start":{"line":55,"column":29},"end":{"line":57,"column":1}},"line":55}},"branchMap":{"0":{"loc":{"start":{"line":31,"column":46},"end":{"line":31,"column":92}},"type":"cond-expr","locations":[{"start":{"line":31,"column":70},"end":{"line":31,"column":73}},{"start":{"line":31,"column":76},"end":{"line":31,"column":92}}],"line":31},"1":{"loc":{"start":{"line":31,"column":46},"end":{"line":31,"column":67}},"type":"binary-expr","locations":[{"start":{"line":31,"column":46},"end":{"line":31,"column":49}},{"start":{"line":31,"column":53},"end":{"line":31,"column":67}}],"line":31},"2":{"loc":{"start":{"line":34,"column":11},"end":{"line":34,"column":35}},"type":"binary-expr","locations":[{"start":{"line":34,"column":11},"end":{"line":34,"column":27}},{"start":{"line":34,"column":31},"end":{"line":34,"column":35}}],"line":34}},"s":{"0":1,"1":1,"2":1,"3":1,"4":1,"5":1,"6":1,"7":1,"8":1,"9":1,"10":1,"11":1,"12":1,"13":6,"14":1,"15":1,"16":1,"17":1,"18":1,"19":1,"20":1,"21":1,"22":1,"23":1,"24":1,"25":0,"26":1,"27":1,"28":1},"f":{"0":6,"1":1,"2":0,"3":1},"b":{"0":[1,5],"1":[6,6],"2":[1,1]},"_coverageSchema":"332fd63041d2c1bcb487cc26dd0d5f7d97098a6c","hash":"cb0da0cc40ad03b83b107c095a796bb61fabea1f","contentHash":"1684016430f9a1ab7156da8b77f88fa9_11.3.0"},"/Users/andeladeveloper/Documents/Documents/More-Recipe/server/routes/index.js":{"path":"/Users/andeladeveloper/Documents/Documents/More-Recipe/server/routes/index.js","statementMap":{"0":{"start":{"line":3,"column":0},"end":{"line":5,"column":3}},"1":{"start":{"line":7,"column":15},"end":{"line":7,"column":48}},"2":{"start":{"line":9,"column":16},"end":{"line":9,"column":48}},"3":{"start":{"line":11,"column":13},"end":{"line":11,"column":44}},"4":{"start":{"line":13,"column":14},"end":{"line":13,"column":44}},"5":{"start":{"line":15,"column":15},"end":{"line":15,"column":48}},"6":{"start":{"line":17,"column":16},"end":{"line":17,"column":48}},"7":{"start":{"line":19,"column":16},"end":{"line":19,"column":50}},"8":{"start":{"line":21,"column":17},"end":{"line":21,"column":50}},"9":{"start":{"line":23,"column":11},"end":{"line":23,"column":39}},"10":{"start":{"line":25,"column":12},"end":{"line":25,"column":40}},"11":{"start":{"line":27,"column":39},"end":{"line":27,"column":93}},"12":{"start":{"line":30,"column":0},"end":{"line":54,"column":2}},"13":{"start":{"line":31,"column":2},"end":{"line":31,"column":62}},"14":{"start":{"line":32,"column":2},"end":{"line":32,"column":62}},"15":{"start":{"line":33,"column":2},"end":{"line":33,"column":89}},"16":{"start":{"line":34,"column":2},"end":{"line":34,"column":87}},"17":{"start":{"line":35,"column":2},"end":{"line":35,"column":103}},"18":{"start":{"line":36,"column":2},"end":{"line":36,"column":102}},"19":{"start":{"line":37,"column":2},"end":{"line":37,"column":107}},"20":{"start":{"line":38,"column":2},"end":{"line":38,"column":106}},"21":{"start":{"line":39,"column":2},"end":{"line":39,"column":70}},"22":{"start":{"line":40,"column":2},"end":{"line":40,"column":107}},"23":{"start":{"line":42,"column":2},"end":{"line":42,"column":118}},"24":{"start":{"line":43,"column":2},"end":{"line":43,"column":114}},"25":{"start":{"line":44,"column":2},"end":{"line":44,"column":97}},"26":{"start":{"line":45,"column":2},"end":{"line":45,"column":74}},"27":{"start":{"line":46,"column":2},"end":{"line":46,"column":114}},"28":{"start":{"line":47,"column":2},"end":{"line":47,"column":109}},"29":{"start":{"line":48,"column":2},"end":{"line":48,"column":66}},"30":{"start":{"line":49,"column":2},"end":{"line":49,"column":98}},"31":{"start":{"line":51,"column":2},"end":{"line":51,"column":119}},"32":{"start":{"line":52,"column":2},"end":{"line":52,"column":122}},"33":{"start":{"line":53,"column":2},"end":{"line":53,"column":104}}},"fnMap":{"0":{"name":"_interopRequireDefault","decl":{"start":{"line":27,"column":9},"end":{"line":27,"column":31}},"loc":{"start":{"line":27,"column":37},"end":{"line":27,"column":95}},"line":27},"1":{"name":"(anonymous_1)","decl":{"start":{"line":30,"column":18},"end":{"line":30,"column":19}},"loc":{"start":{"line":30,"column":36},"end":{"line":54,"column":1}},"line":30}},"branchMap":{"0":{"loc":{"start":{"line":27,"column":46},"end":{"line":27,"column":92}},"type":"cond-expr","locations":[{"start":{"line":27,"column":70},"end":{"line":27,"column":73}},{"start":{"line":27,"column":76},"end":{"line":27,"column":92}}],"line":27},"1":{"loc":{"start":{"line":27,"column":46},"end":{"line":27,"column":67}},"type":"binary-expr","locations":[{"start":{"line":27,"column":46},"end":{"line":27,"column":49}},{"start":{"line":27,"column":53},"end":{"line":27,"column":67}}],"line":27}},"s":{"0":1,"1":1,"2":1,"3":1,"4":1,"5":1,"6":1,"7":1,"8":1,"9":1,"10":1,"11":5,"12":1,"13":1,"14":1,"15":1,"16":1,"17":1,"18":1,"19":1,"20":1,"21":1,"22":1,"23":1,"24":1,"25":1,"26":1,"27":1,"28":1,"29":1,"30":1,"31":1,"32":1,"33":1},"f":{"0":5,"1":1},"b":{"0":[5,0],"1":[5,5]},"_coverageSchema":"332fd63041d2c1bcb487cc26dd0d5f7d97098a6c","hash":"000b9512d951591fb241e463a4d214d44b54d651","contentHash":"e68c5be02a487377c2c1164fe0196bcc_11.3.0"},"/Users/andeladeveloper/Documents/Documents/More-Recipe/server/controllers/recipes.js":{"path":"/Users/andeladeveloper/Documents/Documents/More-Recipe/server/controllers/recipes.js","statementMap":{"0":{"start":{"line":3,"column":0},"end":{"line":5,"column":3}},"1":{"start":{"line":7,"column":19},"end":{"line":7,"column":563}},"2":{"start":{"line":7,"column":76},"end":{"line":7,"column":347}},"3":{"start":{"line":7,"column":134},"end":{"line":7,"column":142}},"4":{"start":{"line":7,"column":144},"end":{"line":7,"column":199}},"5":{"start":{"line":7,"column":200},"end":{"line":7,"column":231}},"6":{"start":{"line":7,"column":232},"end":{"line":7,"column":286}},"7":{"start":{"line":7,"column":259},"end":{"line":7,"column":286}},"8":{"start":{"line":7,"column":287},"end":{"line":7,"column":345}},"9":{"start":{"line":7,"column":350},"end":{"line":7,"column":559}},"10":{"start":{"line":7,"column":407},"end":{"line":7,"column":475}},"11":{"start":{"line":7,"column":423},"end":{"line":7,"column":475}},"12":{"start":{"line":7,"column":476},"end":{"line":7,"column":536}},"13":{"start":{"line":7,"column":493},"end":{"line":7,"column":536}},"14":{"start":{"line":7,"column":537},"end":{"line":7,"column":556}},"15":{"start":{"line":9,"column":19},"end":{"line":9,"column":41}},"16":{"start":{"line":11,"column":20},"end":{"line":11,"column":56}},"17":{"start":{"line":13,"column":14},"end":{"line":13,"column":34}},"18":{"start":{"line":15,"column":14},"end":{"line":15,"column":45}},"19":{"start":{"line":17,"column":39},"end":{"line":17,"column":93}},"20":{"start":{"line":19,"column":50},"end":{"line":19,"column":151}},"21":{"start":{"line":19,"column":92},"end":{"line":19,"column":149}},"22":{"start":{"line":25,"column":18},"end":{"line":477,"column":3}},"23":{"start":{"line":27,"column":4},"end":{"line":27,"column":39}},"24":{"start":{"line":30,"column":2},"end":{"line":474,"column":6}},"25":{"start":{"line":40,"column":20},"end":{"line":40,"column":28}},"26":{"start":{"line":41,"column":16},"end":{"line":41,"column":36}},"27":{"start":{"line":42,"column":19},"end":{"line":44,"column":7}},"28":{"start":{"line":43,"column":8},"end":{"line":43,"column":45}},"29":{"start":{"line":45,"column":22},"end":{"line":45,"column":91}},"30":{"start":{"line":46,"column":6},"end":{"line":69,"column":7}},"31":{"start":{"line":47,"column":8},"end":{"line":66,"column":11}},"32":{"start":{"line":48,"column":10},"end":{"line":50,"column":11}},"33":{"start":{"line":49,"column":12},"end":{"line":49,"column":85}},"34":{"start":{"line":51,"column":10},"end":{"line":63,"column":13}},"35":{"start":{"line":60,"column":12},"end":{"line":60,"column":75}},"36":{"start":{"line":62,"column":12},"end":{"line":62,"column":80}},"37":{"start":{"line":65,"column":10},"end":{"line":65,"column":45}},"38":{"start":{"line":68,"column":8},"end":{"line":68,"column":82}},"39":{"start":{"line":84,"column":6},"end":{"line":90,"column":7}},"40":{"start":{"line":85,"column":8},"end":{"line":89,"column":11}},"41":{"start":{"line":86,"column":10},"end":{"line":86,"column":75}},"42":{"start":{"line":88,"column":10},"end":{"line":88,"column":33}},"43":{"start":{"line":92,"column":6},"end":{"line":103,"column":9}},"44":{"start":{"line":100,"column":8},"end":{"line":100,"column":73}},"45":{"start":{"line":102,"column":8},"end":{"line":102,"column":70}},"46":{"start":{"line":118,"column":6},"end":{"line":128,"column":9}},"47":{"start":{"line":125,"column":8},"end":{"line":125,"column":73}},"48":{"start":{"line":127,"column":8},"end":{"line":127,"column":70}},"49":{"start":{"line":143,"column":6},"end":{"line":152,"column":9}},"50":{"start":{"line":149,"column":8},"end":{"line":149,"column":73}},"51":{"start":{"line":151,"column":8},"end":{"line":151,"column":70}},"52":{"start":{"line":168,"column":6},"end":{"line":176,"column":9}},"53":{"start":{"line":173,"column":8},"end":{"line":173,"column":58}},"54":{"start":{"line":175,"column":8},"end":{"line":175,"column":70}},"55":{"start":{"line":191,"column":6},"end":{"line":221,"column":9}},"56":{"start":{"line":200,"column":8},"end":{"line":202,"column":9}},"57":{"start":{"line":201,"column":10},"end":{"line":201,"column":80}},"58":{"start":{"line":203,"column":8},"end":{"line":216,"column":9}},"59":{"start":{"line":204,"column":10},"end":{"line":210,"column":11}},"60":{"start":{"line":205,"column":12},"end":{"line":209,"column":15}},"61":{"start":{"line":211,"column":10},"end":{"line":215,"column":13}},"62":{"start":{"line":218,"column":8},"end":{"line":218,"column":64}},"63":{"start":{"line":220,"column":8},"end":{"line":220,"column":70}},"64":{"start":{"line":235,"column":16},"end":{"line":235,"column":36}},"65":{"start":{"line":236,"column":19},"end":{"line":238,"column":7}},"66":{"start":{"line":237,"column":8},"end":{"line":237,"column":45}},"67":{"start":{"line":239,"column":6},"end":{"line":259,"column":9}},"68":{"start":{"line":240,"column":8},"end":{"line":245,"column":9}},"69":{"start":{"line":241,"column":10},"end":{"line":244,"column":13}},"70":{"start":{"line":246,"column":8},"end":{"line":256,"column":11}},"71":{"start":{"line":252,"column":10},"end":{"line":252,"column":46}},"72":{"start":{"line":255,"column":10},"end":{"line":255,"column":72}},"73":{"start":{"line":258,"column":8},"end":{"line":258,"column":43}},"74":{"start":{"line":274,"column":6},"end":{"line":305,"column":9}},"75":{"start":{"line":275,"column":8},"end":{"line":302,"column":9}},"76":{"start":{"line":276,"column":10},"end":{"line":283,"column":13}},"77":{"start":{"line":284,"column":15},"end":{"line":302,"column":9}},"78":{"start":{"line":285,"column":10},"end":{"line":292,"column":13}},"79":{"start":{"line":294,"column":10},"end":{"line":301,"column":13}},"80":{"start":{"line":304,"column":8},"end":{"line":304,"column":68}},"81":{"start":{"line":320,"column":6},"end":{"line":373,"column":9}},"82":{"start":{"line":321,"column":8},"end":{"line":323,"column":9}},"83":{"start":{"line":322,"column":10},"end":{"line":322,"column":86}},"84":{"start":{"line":324,"column":8},"end":{"line":370,"column":9}},"85":{"start":{"line":325,"column":29},"end":{"line":325,"column":48}},"86":{"start":{"line":326,"column":27},"end":{"line":326,"column":44}},"87":{"start":{"line":328,"column":10},"end":{"line":359,"column":11}},"88":{"start":{"line":330,"column":27},"end":{"line":330,"column":69}},"89":{"start":{"line":331,"column":12},"end":{"line":331,"column":62}},"90":{"start":{"line":331,"column":31},"end":{"line":331,"column":62}},"91":{"start":{"line":332,"column":12},"end":{"line":340,"column":15}},"92":{"start":{"line":336,"column":14},"end":{"line":336,"column":78}},"93":{"start":{"line":339,"column":14},"end":{"line":339,"column":76}},"94":{"start":{"line":341,"column":17},"end":{"line":359,"column":11}},"95":{"start":{"line":343,"column":28},"end":{"line":343,"column":72}},"96":{"start":{"line":344,"column":12},"end":{"line":346,"column":13}},"97":{"start":{"line":345,"column":14},"end":{"line":345,"column":48}},"98":{"start":{"line":347,"column":12},"end":{"line":347,"column":51}},"99":{"start":{"line":348,"column":12},"end":{"line":358,"column":15}},"100":{"start":{"line":354,"column":14},"end":{"line":354,"column":77}},"101":{"start":{"line":357,"column":14},"end":{"line":357,"column":76}},"102":{"start":{"line":360,"column":10},"end":{"line":360,"column":49}},"103":{"start":{"line":361,"column":10},"end":{"line":369,"column":13}},"104":{"start":{"line":365,"column":12},"end":{"line":365,"column":75}},"105":{"start":{"line":368,"column":12},"end":{"line":368,"column":74}},"106":{"start":{"line":372,"column":8},"end":{"line":372,"column":43}},"107":{"start":{"line":389,"column":6},"end":{"line":447,"column":9}},"108":{"start":{"line":390,"column":8},"end":{"line":395,"column":9}},"109":{"start":{"line":391,"column":10},"end":{"line":394,"column":13}},"110":{"start":{"line":396,"column":8},"end":{"line":444,"column":9}},"111":{"start":{"line":397,"column":29},"end":{"line":397,"column":48}},"112":{"start":{"line":398,"column":27},"end":{"line":398,"column":44}},"113":{"start":{"line":400,"column":10},"end":{"line":433,"column":11}},"114":{"start":{"line":402,"column":27},"end":{"line":402,"column":71}},"115":{"start":{"line":403,"column":12},"end":{"line":405,"column":13}},"116":{"start":{"line":404,"column":14},"end":{"line":404,"column":47}},"117":{"start":{"line":406,"column":12},"end":{"line":414,"column":15}},"118":{"start":{"line":410,"column":14},"end":{"line":410,"column":50}},"119":{"start":{"line":413,"column":14},"end":{"line":413,"column":76}},"120":{"start":{"line":415,"column":17},"end":{"line":433,"column":11}},"121":{"start":{"line":417,"column":29},"end":{"line":417,"column":71}},"122":{"start":{"line":418,"column":12},"end":{"line":420,"column":13}},"123":{"start":{"line":419,"column":14},"end":{"line":419,"column":47}},"124":{"start":{"line":421,"column":12},"end":{"line":421,"column":53}},"125":{"start":{"line":422,"column":12},"end":{"line":432,"column":15}},"126":{"start":{"line":428,"column":14},"end":{"line":428,"column":50}},"127":{"start":{"line":431,"column":14},"end":{"line":431,"column":76}},"128":{"start":{"line":434,"column":10},"end":{"line":434,"column":51}},"129":{"start":{"line":435,"column":10},"end":{"line":443,"column":13}},"130":{"start":{"line":439,"column":12},"end":{"line":439,"column":48}},"131":{"start":{"line":442,"column":12},"end":{"line":442,"column":74}},"132":{"start":{"line":446,"column":8},"end":{"line":446,"column":43}},"133":{"start":{"line":461,"column":6},"end":{"line":472,"column":9}},"134":{"start":{"line":462,"column":8},"end":{"line":464,"column":9}},"135":{"start":{"line":463,"column":10},"end":{"line":463,"column":86}},"136":{"start":{"line":465,"column":8},"end":{"line":469,"column":11}},"137":{"start":{"line":466,"column":10},"end":{"line":466,"column":83}},"138":{"start":{"line":468,"column":10},"end":{"line":468,"column":56}},"139":{"start":{"line":471,"column":8},"end":{"line":471,"column":54}},"140":{"start":{"line":476,"column":2},"end":{"line":476,"column":21}},"141":{"start":{"line":479,"column":0},"end":{"line":479,"column":30}}},"fnMap":{"0":{"name":"(anonymous_0)","decl":{"start":{"line":7,"column":19},"end":{"line":7,"column":20}},"loc":{"start":{"line":7,"column":31},"end":{"line":7,"column":561}},"line":7},"1":{"name":"defineProperties","decl":{"start":{"line":7,"column":42},"end":{"line":7,"column":58}},"loc":{"start":{"line":7,"column":74},"end":{"line":7,"column":349}},"line":7},"2":{"name":"(anonymous_2)","decl":{"start":{"line":7,"column":357},"end":{"line":7,"column":358}},"loc":{"start":{"line":7,"column":405},"end":{"line":7,"column":558}},"line":7},"3":{"name":"_interopRequireDefault","decl":{"start":{"line":17,"column":9},"end":{"line":17,"column":31}},"loc":{"start":{"line":17,"column":37},"end":{"line":17,"column":95}},"line":17},"4":{"name":"_classCallCheck","decl":{"start":{"line":19,"column":9},"end":{"line":19,"column":24}},"loc":{"start":{"line":19,"column":48},"end":{"line":19,"column":153}},"line":19},"5":{"name":"(anonymous_5)","decl":{"start":{"line":25,"column":18},"end":{"line":25,"column":19}},"loc":{"start":{"line":25,"column":30},"end":{"line":477,"column":1}},"line":25},"6":{"name":"moreRecipes","decl":{"start":{"line":26,"column":11},"end":{"line":26,"column":22}},"loc":{"start":{"line":26,"column":25},"end":{"line":28,"column":3}},"line":26},"7":{"name":"addRecipe","decl":{"start":{"line":39,"column":20},"end":{"line":39,"column":29}},"loc":{"start":{"line":39,"column":40},"end":{"line":70,"column":5}},"line":39},"8":{"name":"getArr","decl":{"start":{"line":42,"column":28},"end":{"line":42,"column":34}},"loc":{"start":{"line":42,"column":42},"end":{"line":44,"column":7}},"line":42},"9":{"name":"(anonymous_9)","decl":{"start":{"line":47,"column":52},"end":{"line":47,"column":53}},"loc":{"start":{"line":47,"column":68},"end":{"line":64,"column":9}},"line":47},"10":{"name":"(anonymous_10)","decl":{"start":{"line":59,"column":18},"end":{"line":59,"column":19}},"loc":{"start":{"line":59,"column":36},"end":{"line":61,"column":11}},"line":59},"11":{"name":"(anonymous_11)","decl":{"start":{"line":61,"column":19},"end":{"line":61,"column":20}},"loc":{"start":{"line":61,"column":31},"end":{"line":63,"column":11}},"line":61},"12":{"name":"(anonymous_12)","decl":{"start":{"line":64,"column":17},"end":{"line":64,"column":18}},"loc":{"start":{"line":64,"column":34},"end":{"line":66,"column":9}},"line":64},"13":{"name":"listRecipes","decl":{"start":{"line":83,"column":20},"end":{"line":83,"column":31}},"loc":{"start":{"line":83,"column":42},"end":{"line":104,"column":5}},"line":83},"14":{"name":"(anonymous_14)","decl":{"start":{"line":85,"column":88},"end":{"line":85,"column":89}},"loc":{"start":{"line":85,"column":107},"end":{"line":87,"column":9}},"line":85},"15":{"name":"(anonymous_15)","decl":{"start":{"line":87,"column":17},"end":{"line":87,"column":18}},"loc":{"start":{"line":87,"column":29},"end":{"line":89,"column":9}},"line":87},"16":{"name":"(anonymous_16)","decl":{"start":{"line":99,"column":14},"end":{"line":99,"column":15}},"loc":{"start":{"line":99,"column":33},"end":{"line":101,"column":7}},"line":99},"17":{"name":"(anonymous_17)","decl":{"start":{"line":101,"column":15},"end":{"line":101,"column":16}},"loc":{"start":{"line":101,"column":32},"end":{"line":103,"column":7}},"line":101},"18":{"name":"listRecipeCategory","decl":{"start":{"line":117,"column":20},"end":{"line":117,"column":38}},"loc":{"start":{"line":117,"column":49},"end":{"line":129,"column":5}},"line":117},"19":{"name":"(anonymous_19)","decl":{"start":{"line":124,"column":14},"end":{"line":124,"column":15}},"loc":{"start":{"line":124,"column":33},"end":{"line":126,"column":7}},"line":124},"20":{"name":"(anonymous_20)","decl":{"start":{"line":126,"column":15},"end":{"line":126,"column":16}},"loc":{"start":{"line":126,"column":32},"end":{"line":128,"column":7}},"line":126},"21":{"name":"listPrivateRecipes","decl":{"start":{"line":142,"column":20},"end":{"line":142,"column":38}},"loc":{"start":{"line":142,"column":49},"end":{"line":153,"column":5}},"line":142},"22":{"name":"(anonymous_22)","decl":{"start":{"line":148,"column":14},"end":{"line":148,"column":15}},"loc":{"start":{"line":148,"column":33},"end":{"line":150,"column":7}},"line":148},"23":{"name":"(anonymous_23)","decl":{"start":{"line":150,"column":15},"end":{"line":150,"column":16}},"loc":{"start":{"line":150,"column":32},"end":{"line":152,"column":7}},"line":150},"24":{"name":"SearchRecipe","decl":{"start":{"line":167,"column":20},"end":{"line":167,"column":32}},"loc":{"start":{"line":167,"column":43},"end":{"line":177,"column":5}},"line":167},"25":{"name":"(anonymous_25)","decl":{"start":{"line":172,"column":14},"end":{"line":172,"column":15}},"loc":{"start":{"line":172,"column":33},"end":{"line":174,"column":7}},"line":172},"26":{"name":"(anonymous_26)","decl":{"start":{"line":174,"column":15},"end":{"line":174,"column":16}},"loc":{"start":{"line":174,"column":32},"end":{"line":176,"column":7}},"line":174},"27":{"name":"getRecipe","decl":{"start":{"line":190,"column":20},"end":{"line":190,"column":29}},"loc":{"start":{"line":190,"column":40},"end":{"line":222,"column":5}},"line":190},"28":{"name":"(anonymous_28)","decl":{"start":{"line":199,"column":14},"end":{"line":199,"column":15}},"loc":{"start":{"line":199,"column":32},"end":{"line":217,"column":7}},"line":199},"29":{"name":"(anonymous_29)","decl":{"start":{"line":217,"column":14},"end":{"line":217,"column":15}},"loc":{"start":{"line":217,"column":32},"end":{"line":219,"column":7}},"line":217},"30":{"name":"(anonymous_30)","decl":{"start":{"line":219,"column":15},"end":{"line":219,"column":16}},"loc":{"start":{"line":219,"column":32},"end":{"line":221,"column":7}},"line":219},"31":{"name":"updateRecipe","decl":{"start":{"line":234,"column":20},"end":{"line":234,"column":32}},"loc":{"start":{"line":234,"column":43},"end":{"line":260,"column":5}},"line":234},"32":{"name":"getArr","decl":{"start":{"line":236,"column":28},"end":{"line":236,"column":34}},"loc":{"start":{"line":236,"column":42},"end":{"line":238,"column":7}},"line":236},"33":{"name":"(anonymous_33)","decl":{"start":{"line":239,"column":68},"end":{"line":239,"column":69}},"loc":{"start":{"line":239,"column":86},"end":{"line":257,"column":7}},"line":239},"34":{"name":"(anonymous_34)","decl":{"start":{"line":251,"column":16},"end":{"line":251,"column":17}},"loc":{"start":{"line":251,"column":28},"end":{"line":253,"column":9}},"line":251},"35":{"name":"(anonymous_35)","decl":{"start":{"line":254,"column":15},"end":{"line":254,"column":16}},"loc":{"start":{"line":254,"column":32},"end":{"line":256,"column":9}},"line":254},"36":{"name":"(anonymous_36)","decl":{"start":{"line":257,"column":15},"end":{"line":257,"column":16}},"loc":{"start":{"line":257,"column":32},"end":{"line":259,"column":7}},"line":257},"37":{"name":"checkReactions","decl":{"start":{"line":273,"column":20},"end":{"line":273,"column":34}},"loc":{"start":{"line":273,"column":45},"end":{"line":306,"column":5}},"line":273},"38":{"name":"(anonymous_38)","decl":{"start":{"line":274,"column":64},"end":{"line":274,"column":65}},"loc":{"start":{"line":274,"column":82},"end":{"line":303,"column":7}},"line":274},"39":{"name":"(anonymous_39)","decl":{"start":{"line":303,"column":15},"end":{"line":303,"column":16}},"loc":{"start":{"line":303,"column":27},"end":{"line":305,"column":7}},"line":303},"40":{"name":"upvote","decl":{"start":{"line":319,"column":20},"end":{"line":319,"column":26}},"loc":{"start":{"line":319,"column":37},"end":{"line":374,"column":5}},"line":319},"41":{"name":"(anonymous_41)","decl":{"start":{"line":320,"column":64},"end":{"line":320,"column":65}},"loc":{"start":{"line":320,"column":82},"end":{"line":371,"column":7}},"line":320},"42":{"name":"(anonymous_42)","decl":{"start":{"line":335,"column":20},"end":{"line":335,"column":21}},"loc":{"start":{"line":335,"column":32},"end":{"line":337,"column":13}},"line":335},"43":{"name":"(anonymous_43)","decl":{"start":{"line":338,"column":19},"end":{"line":338,"column":20}},"loc":{"start":{"line":338,"column":36},"end":{"line":340,"column":13}},"line":338},"44":{"name":"(anonymous_44)","decl":{"start":{"line":353,"column":20},"end":{"line":353,"column":21}},"loc":{"start":{"line":353,"column":32},"end":{"line":355,"column":13}},"line":353},"45":{"name":"(anonymous_45)","decl":{"start":{"line":356,"column":19},"end":{"line":356,"column":20}},"loc":{"start":{"line":356,"column":36},"end":{"line":358,"column":13}},"line":356},"46":{"name":"(anonymous_46)","decl":{"start":{"line":364,"column":18},"end":{"line":364,"column":19}},"loc":{"start":{"line":364,"column":30},"end":{"line":366,"column":11}},"line":364},"47":{"name":"(anonymous_47)","decl":{"start":{"line":367,"column":17},"end":{"line":367,"column":18}},"loc":{"start":{"line":367,"column":34},"end":{"line":369,"column":11}},"line":367},"48":{"name":"(anonymous_48)","decl":{"start":{"line":371,"column":15},"end":{"line":371,"column":16}},"loc":{"start":{"line":371,"column":32},"end":{"line":373,"column":7}},"line":371},"49":{"name":"downvote","decl":{"start":{"line":388,"column":20},"end":{"line":388,"column":28}},"loc":{"start":{"line":388,"column":39},"end":{"line":448,"column":5}},"line":388},"50":{"name":"(anonymous_50)","decl":{"start":{"line":389,"column":64},"end":{"line":389,"column":65}},"loc":{"start":{"line":389,"column":82},"end":{"line":445,"column":7}},"line":389},"51":{"name":"(anonymous_51)","decl":{"start":{"line":409,"column":20},"end":{"line":409,"column":21}},"loc":{"start":{"line":409,"column":32},"end":{"line":411,"column":13}},"line":409},"52":{"name":"(anonymous_52)","decl":{"start":{"line":412,"column":19},"end":{"line":412,"column":20}},"loc":{"start":{"line":412,"column":36},"end":{"line":414,"column":13}},"line":412},"53":{"name":"(anonymous_53)","decl":{"start":{"line":427,"column":20},"end":{"line":427,"column":21}},"loc":{"start":{"line":427,"column":32},"end":{"line":429,"column":13}},"line":427},"54":{"name":"(anonymous_54)","decl":{"start":{"line":430,"column":19},"end":{"line":430,"column":20}},"loc":{"start":{"line":430,"column":36},"end":{"line":432,"column":13}},"line":430},"55":{"name":"(anonymous_55)","decl":{"start":{"line":438,"column":18},"end":{"line":438,"column":19}},"loc":{"start":{"line":438,"column":30},"end":{"line":440,"column":11}},"line":438},"56":{"name":"(anonymous_56)","decl":{"start":{"line":441,"column":17},"end":{"line":441,"column":18}},"loc":{"start":{"line":441,"column":34},"end":{"line":443,"column":11}},"line":441},"57":{"name":"(anonymous_57)","decl":{"start":{"line":445,"column":15},"end":{"line":445,"column":16}},"loc":{"start":{"line":445,"column":32},"end":{"line":447,"column":7}},"line":445},"58":{"name":"deleteRecipe","decl":{"start":{"line":460,"column":20},"end":{"line":460,"column":32}},"loc":{"start":{"line":460,"column":43},"end":{"line":473,"column":5}},"line":460},"59":{"name":"(anonymous_59)","decl":{"start":{"line":461,"column":64},"end":{"line":461,"column":65}},"loc":{"start":{"line":461,"column":82},"end":{"line":470,"column":7}},"line":461},"60":{"name":"(anonymous_60)","decl":{"start":{"line":465,"column":37},"end":{"line":465,"column":38}},"loc":{"start":{"line":465,"column":49},"end":{"line":467,"column":9}},"line":465},"61":{"name":"(anonymous_61)","decl":{"start":{"line":467,"column":17},"end":{"line":467,"column":18}},"loc":{"start":{"line":467,"column":34},"end":{"line":469,"column":9}},"line":467},"62":{"name":"(anonymous_62)","decl":{"start":{"line":470,"column":15},"end":{"line":470,"column":16}},"loc":{"start":{"line":470,"column":32},"end":{"line":472,"column":7}},"line":470}},"branchMap":{"0":{"loc":{"start":{"line":7,"column":168},"end":{"line":7,"column":198}},"type":"binary-expr","locations":[{"start":{"line":7,"column":168},"end":{"line":7,"column":189}},{"start":{"line":7,"column":193},"end":{"line":7,"column":198}}],"line":7},"1":{"loc":{"start":{"line":7,"column":232},"end":{"line":7,"column":286}},"type":"if","locations":[{"start":{"line":7,"column":232},"end":{"line":7,"column":286}},{"start":{"line":7,"column":232},"end":{"line":7,"column":286}}],"line":7},"2":{"loc":{"start":{"line":7,"column":407},"end":{"line":7,"column":475}},"type":"if","locations":[{"start":{"line":7,"column":407},"end":{"line":7,"column":475}},{"start":{"line":7,"column":407},"end":{"line":7,"column":475}}],"line":7},"3":{"loc":{"start":{"line":7,"column":476},"end":{"line":7,"column":536}},"type":"if","locations":[{"start":{"line":7,"column":476},"end":{"line":7,"column":536}},{"start":{"line":7,"column":476},"end":{"line":7,"column":536}}],"line":7},"4":{"loc":{"start":{"line":17,"column":46},"end":{"line":17,"column":92}},"type":"cond-expr","locations":[{"start":{"line":17,"column":70},"end":{"line":17,"column":73}},{"start":{"line":17,"column":76},"end":{"line":17,"column":92}}],"line":17},"5":{"loc":{"start":{"line":17,"column":46},"end":{"line":17,"column":67}},"type":"binary-expr","locations":[{"start":{"line":17,"column":46},"end":{"line":17,"column":49}},{"start":{"line":17,"column":53},"end":{"line":17,"column":67}}],"line":17},"6":{"loc":{"start":{"line":19,"column":50},"end":{"line":19,"column":151}},"type":"if","locations":[{"start":{"line":19,"column":50},"end":{"line":19,"column":151}},{"start":{"line":19,"column":50},"end":{"line":19,"column":151}}],"line":19},"7":{"loc":{"start":{"line":46,"column":6},"end":{"line":69,"column":7}},"type":"if","locations":[{"start":{"line":46,"column":6},"end":{"line":69,"column":7}},{"start":{"line":46,"column":6},"end":{"line":69,"column":7}}],"line":46},"8":{"loc":{"start":{"line":48,"column":10},"end":{"line":50,"column":11}},"type":"if","locations":[{"start":{"line":48,"column":10},"end":{"line":50,"column":11}},{"start":{"line":48,"column":10},"end":{"line":50,"column":11}}],"line":48},"9":{"loc":{"start":{"line":84,"column":6},"end":{"line":90,"column":7}},"type":"if","locations":[{"start":{"line":84,"column":6},"end":{"line":90,"column":7}},{"start":{"line":84,"column":6},"end":{"line":90,"column":7}}],"line":84},"10":{"loc":{"start":{"line":84,"column":10},"end":{"line":84,"column":43}},"type":"binary-expr","locations":[{"start":{"line":84,"column":10},"end":{"line":84,"column":24}},{"start":{"line":84,"column":28},"end":{"line":84,"column":43}}],"line":84},"11":{"loc":{"start":{"line":144,"column":15},"end":{"line":144,"column":36}},"type":"binary-expr","locations":[{"start":{"line":144,"column":15},"end":{"line":144,"column":31}},{"start":{"line":144,"column":35},"end":{"line":144,"column":36}}],"line":144},"12":{"loc":{"start":{"line":200,"column":8},"end":{"line":202,"column":9}},"type":"if","locations":[{"start":{"line":200,"column":8},"end":{"line":202,"column":9}},{"start":{"line":200,"column":8},"end":{"line":202,"column":9}}],"line":200},"13":{"loc":{"start":{"line":203,"column":8},"end":{"line":216,"column":9}},"type":"if","locations":[{"start":{"line":203,"column":8},"end":{"line":216,"column":9}},{"start":{"line":203,"column":8},"end":{"line":216,"column":9}}],"line":203},"14":{"loc":{"start":{"line":204,"column":10},"end":{"line":210,"column":11}},"type":"if","locations":[{"start":{"line":204,"column":10},"end":{"line":210,"column":11}},{"start":{"line":204,"column":10},"end":{"line":210,"column":11}}],"line":204},"15":{"loc":{"start":{"line":240,"column":8},"end":{"line":245,"column":9}},"type":"if","locations":[{"start":{"line":240,"column":8},"end":{"line":245,"column":9}},{"start":{"line":240,"column":8},"end":{"line":245,"column":9}}],"line":240},"16":{"loc":{"start":{"line":247,"column":16},"end":{"line":247,"column":44}},"type":"binary-expr","locations":[{"start":{"line":247,"column":16},"end":{"line":247,"column":29}},{"start":{"line":247,"column":33},"end":{"line":247,"column":44}}],"line":247},"17":{"loc":{"start":{"line":248,"column":21},"end":{"line":248,"column":59}},"type":"binary-expr","locations":[{"start":{"line":248,"column":21},"end":{"line":248,"column":39}},{"start":{"line":248,"column":43},"end":{"line":248,"column":59}}],"line":248},"18":{"loc":{"start":{"line":249,"column":23},"end":{"line":249,"column":65}},"type":"binary-expr","locations":[{"start":{"line":249,"column":23},"end":{"line":249,"column":43}},{"start":{"line":249,"column":47},"end":{"line":249,"column":65}}],"line":249},"19":{"loc":{"start":{"line":250,"column":23},"end":{"line":250,"column":56}},"type":"binary-expr","locations":[{"start":{"line":250,"column":23},"end":{"line":250,"column":34}},{"start":{"line":250,"column":38},"end":{"line":250,"column":56}}],"line":250},"20":{"loc":{"start":{"line":275,"column":8},"end":{"line":302,"column":9}},"type":"if","locations":[{"start":{"line":275,"column":8},"end":{"line":302,"column":9}},{"start":{"line":275,"column":8},"end":{"line":302,"column":9}}],"line":275},"21":{"loc":{"start":{"line":284,"column":15},"end":{"line":302,"column":9}},"type":"if","locations":[{"start":{"line":284,"column":15},"end":{"line":302,"column":9}},{"start":{"line":284,"column":15},"end":{"line":302,"column":9}}],"line":284},"22":{"loc":{"start":{"line":321,"column":8},"end":{"line":323,"column":9}},"type":"if","locations":[{"start":{"line":321,"column":8},"end":{"line":323,"column":9}},{"start":{"line":321,"column":8},"end":{"line":323,"column":9}}],"line":321},"23":{"loc":{"start":{"line":324,"column":8},"end":{"line":370,"column":9}},"type":"if","locations":[{"start":{"line":324,"column":8},"end":{"line":370,"column":9}},{"start":{"line":324,"column":8},"end":{"line":370,"column":9}}],"line":324},"24":{"loc":{"start":{"line":328,"column":10},"end":{"line":359,"column":11}},"type":"if","locations":[{"start":{"line":328,"column":10},"end":{"line":359,"column":11}},{"start":{"line":328,"column":10},"end":{"line":359,"column":11}}],"line":328},"25":{"loc":{"start":{"line":331,"column":12},"end":{"line":331,"column":62}},"type":"if","locations":[{"start":{"line":331,"column":12},"end":{"line":331,"column":62}},{"start":{"line":331,"column":12},"end":{"line":331,"column":62}}],"line":331},"26":{"loc":{"start":{"line":341,"column":17},"end":{"line":359,"column":11}},"type":"if","locations":[{"start":{"line":341,"column":17},"end":{"line":359,"column":11}},{"start":{"line":341,"column":17},"end":{"line":359,"column":11}}],"line":341},"27":{"loc":{"start":{"line":341,"column":21},"end":{"line":341,"column":125}},"type":"binary-expr","locations":[{"start":{"line":341,"column":21},"end":{"line":341,"column":70}},{"start":{"line":341,"column":74},"end":{"line":341,"column":125}}],"line":341},"28":{"loc":{"start":{"line":344,"column":12},"end":{"line":346,"column":13}},"type":"if","locations":[{"start":{"line":344,"column":12},"end":{"line":346,"column":13}},{"start":{"line":344,"column":12},"end":{"line":346,"column":13}}],"line":344},"29":{"loc":{"start":{"line":390,"column":8},"end":{"line":395,"column":9}},"type":"if","locations":[{"start":{"line":390,"column":8},"end":{"line":395,"column":9}},{"start":{"line":390,"column":8},"end":{"line":395,"column":9}}],"line":390},"30":{"loc":{"start":{"line":396,"column":8},"end":{"line":444,"column":9}},"type":"if","locations":[{"start":{"line":396,"column":8},"end":{"line":444,"column":9}},{"start":{"line":396,"column":8},"end":{"line":444,"column":9}}],"line":396},"31":{"loc":{"start":{"line":400,"column":10},"end":{"line":433,"column":11}},"type":"if","locations":[{"start":{"line":400,"column":10},"end":{"line":433,"column":11}},{"start":{"line":400,"column":10},"end":{"line":433,"column":11}}],"line":400},"32":{"loc":{"start":{"line":403,"column":12},"end":{"line":405,"column":13}},"type":"if","locations":[{"start":{"line":403,"column":12},"end":{"line":405,"column":13}},{"start":{"line":403,"column":12},"end":{"line":405,"column":13}}],"line":403},"33":{"loc":{"start":{"line":415,"column":17},"end":{"line":433,"column":11}},"type":"if","locations":[{"start":{"line":415,"column":17},"end":{"line":433,"column":11}},{"start":{"line":415,"column":17},"end":{"line":433,"column":11}}],"line":415},"34":{"loc":{"start":{"line":415,"column":21},"end":{"line":415,"column":125}},"type":"binary-expr","locations":[{"start":{"line":415,"column":21},"end":{"line":415,"column":72}},{"start":{"line":415,"column":76},"end":{"line":415,"column":125}}],"line":415},"35":{"loc":{"start":{"line":418,"column":12},"end":{"line":420,"column":13}},"type":"if","locations":[{"start":{"line":418,"column":12},"end":{"line":420,"column":13}},{"start":{"line":418,"column":12},"end":{"line":420,"column":13}}],"line":418},"36":{"loc":{"start":{"line":462,"column":8},"end":{"line":464,"column":9}},"type":"if","locations":[{"start":{"line":462,"column":8},"end":{"line":464,"column":9}},{"start":{"line":462,"column":8},"end":{"line":464,"column":9}}],"line":462}},"s":{"0":1,"1":1,"2":1,"3":11,"4":11,"5":11,"6":11,"7":11,"8":11,"9":1,"10":1,"11":0,"12":1,"13":1,"14":1,"15":1,"16":1,"17":1,"18":1,"19":1,"20":0,"21":0,"22":1,"23":0,"24":1,"25":1,"26":1,"27":1,"28":1,"29":1,"30":1,"31":1,"32":1,"33":0,"34":1,"35":1,"36":0,"37":0,"38":0,"39":1,"40":0,"41":0,"42":0,"43":1,"44":1,"45":0,"46":0,"47":0,"48":0,"49":1,"50":1,"51":0,"52":1,"53":1,"54":0,"55":1,"56":1,"57":0,"58":1,"59":1,"60":0,"61":1,"62":1,"63":0,"64":1,"65":1,"66":1,"67":1,"68":1,"69":0,"70":1,"71":1,"72":0,"73":0,"74":1,"75":1,"76":0,"77":1,"78":1,"79":0,"80":0,"81":2,"82":2,"83":1,"84":1,"85":1,"86":1,"87":1,"88":0,"89":0,"90":0,"91":0,"92":0,"93":0,"94":1,"95":0,"96":0,"97":0,"98":0,"99":0,"100":0,"101":0,"102":1,"103":1,"104":1,"105":0,"106":0,"107":2,"108":2,"109":1,"110":1,"111":1,"112":1,"113":1,"114":0,"115":0,"116":0,"117":0,"118":0,"119":0,"120":1,"121":1,"122":1,"123":1,"124":1,"125":1,"126":1,"127":0,"128":0,"129":0,"130":0,"131":0,"132":0,"133":2,"134":2,"135":1,"136":1,"137":1,"138":0,"139":0,"140":1,"141":1},"f":{"0":1,"1":1,"2":1,"3":1,"4":0,"5":1,"6":0,"7":1,"8":1,"9":1,"10":1,"11":0,"12":0,"13":1,"14":0,"15":0,"16":1,"17":0,"18":0,"19":0,"20":0,"21":1,"22":1,"23":0,"24":1,"25":1,"26":0,"27":1,"28":1,"29":1,"30":0,"31":1,"32":1,"33":1,"34":1,"35":0,"36":0,"37":1,"38":1,"39":0,"40":2,"41":2,"42":0,"43":0,"44":0,"45":0,"46":1,"47":0,"48":0,"49":2,"50":2,"51":0,"52":0,"53":1,"54":0,"55":0,"56":0,"57":0,"58":2,"59":2,"60":1,"61":0,"62":0},"b":{"0":[11,11],"1":[11,0],"2":[0,1],"3":[1,0],"4":[0,1],"5":[1,1],"6":[0,0],"7":[1,0],"8":[0,1],"9":[0,1],"10":[1,0],"11":[1,0],"12":[0,1],"13":[1,0],"14":[0,1],"15":[0,1],"16":[1,0],"17":[1,0],"18":[1,0],"19":[1,0],"20":[0,1],"21":[1,0],"22":[1,1],"23":[1,0],"24":[0,1],"25":[0,0],"26":[0,1],"27":[1,1],"28":[0,0],"29":[1,1],"30":[1,0],"31":[0,1],"32":[0,0],"33":[1,0],"34":[1,1],"35":[1,0],"36":[1,1]},"_coverageSchema":"332fd63041d2c1bcb487cc26dd0d5f7d97098a6c","hash":"8695a4e52ed7db893e139c8d72df4a95bed3245c","contentHash":"b3b835aefe88f420eeccb4002c711ab2_11.3.0"},"/Users/andeladeveloper/Documents/Documents/More-Recipe/server/models/index.js":{"path":"/Users/andeladeveloper/Documents/Documents/More-Recipe/server/models/index.js","statementMap":{"0":{"start":{"line":3,"column":10},"end":{"line":3,"column":23}},"1":{"start":{"line":5,"column":11},"end":{"line":5,"column":38}},"2":{"start":{"line":7,"column":12},"end":{"line":7,"column":27}},"3":{"start":{"line":9,"column":13},"end":{"line":9,"column":42}},"4":{"start":{"line":11,"column":17},"end":{"line":11,"column":37}},"5":{"start":{"line":13,"column":18},"end":{"line":13,"column":52}},"6":{"start":{"line":15,"column":39},"end":{"line":15,"column":93}},"7":{"start":{"line":17,"column":15},"end":{"line":17,"column":55}},"8":{"start":{"line":18,"column":10},"end":{"line":18,"column":47}},"9":{"start":{"line":19,"column":13},"end":{"line":19,"column":63}},"10":{"start":{"line":20,"column":9},"end":{"line":20,"column":11}},"11":{"start":{"line":22,"column":16},"end":{"line":22,"column":22}},"12":{"start":{"line":23,"column":0},"end":{"line":27,"column":1}},"13":{"start":{"line":24,"column":2},"end":{"line":24,"column":76}},"14":{"start":{"line":26,"column":2},"end":{"line":26,"column":97}},"15":{"start":{"line":29,"column":0},"end":{"line":34,"column":3}},"16":{"start":{"line":30,"column":2},"end":{"line":30,"column":82}},"17":{"start":{"line":32,"column":14},"end":{"line":32,"column":68}},"18":{"start":{"line":33,"column":2},"end":{"line":33,"column":25}},"19":{"start":{"line":36,"column":0},"end":{"line":40,"column":3}},"20":{"start":{"line":37,"column":2},"end":{"line":39,"column":3}},"21":{"start":{"line":38,"column":4},"end":{"line":38,"column":32}},"22":{"start":{"line":42,"column":0},"end":{"line":42,"column":25}},"23":{"start":{"line":43,"column":0},"end":{"line":43,"column":35}},"24":{"start":{"line":45,"column":0},"end":{"line":45,"column":20}}},"fnMap":{"0":{"name":"_interopRequireDefault","decl":{"start":{"line":15,"column":9},"end":{"line":15,"column":31}},"loc":{"start":{"line":15,"column":37},"end":{"line":15,"column":95}},"line":15},"1":{"name":"(anonymous_1)","decl":{"start":{"line":29,"column":43},"end":{"line":29,"column":44}},"loc":{"start":{"line":29,"column":59},"end":{"line":31,"column":1}},"line":29},"2":{"name":"(anonymous_2)","decl":{"start":{"line":31,"column":11},"end":{"line":31,"column":12}},"loc":{"start":{"line":31,"column":27},"end":{"line":34,"column":1}},"line":31},"3":{"name":"(anonymous_3)","decl":{"start":{"line":36,"column":24},"end":{"line":36,"column":25}},"loc":{"start":{"line":36,"column":45},"end":{"line":40,"column":1}},"line":36}},"branchMap":{"0":{"loc":{"start":{"line":15,"column":46},"end":{"line":15,"column":92}},"type":"cond-expr","locations":[{"start":{"line":15,"column":70},"end":{"line":15,"column":73}},{"start":{"line":15,"column":76},"end":{"line":15,"column":92}}],"line":15},"1":{"loc":{"start":{"line":15,"column":46},"end":{"line":15,"column":67}},"type":"binary-expr","locations":[{"start":{"line":15,"column":46},"end":{"line":15,"column":49}},{"start":{"line":15,"column":53},"end":{"line":15,"column":67}}],"line":15},"2":{"loc":{"start":{"line":18,"column":10},"end":{"line":18,"column":47}},"type":"binary-expr","locations":[{"start":{"line":18,"column":10},"end":{"line":18,"column":30}},{"start":{"line":18,"column":34},"end":{"line":18,"column":47}}],"line":18},"3":{"loc":{"start":{"line":23,"column":0},"end":{"line":27,"column":1}},"type":"if","locations":[{"start":{"line":23,"column":0},"end":{"line":27,"column":1}},{"start":{"line":23,"column":0},"end":{"line":27,"column":1}}],"line":23},"4":{"loc":{"start":{"line":30,"column":9},"end":{"line":30,"column":81}},"type":"binary-expr","locations":[{"start":{"line":30,"column":9},"end":{"line":30,"column":32}},{"start":{"line":30,"column":36},"end":{"line":30,"column":53}},{"start":{"line":30,"column":57},"end":{"line":30,"column":81}}],"line":30},"5":{"loc":{"start":{"line":37,"column":2},"end":{"line":39,"column":3}},"type":"if","locations":[{"start":{"line":37,"column":2},"end":{"line":39,"column":3}},{"start":{"line":37,"column":2},"end":{"line":39,"column":3}}],"line":37}},"s":{"0":1,"1":1,"2":1,"3":1,"4":1,"5":1,"6":3,"7":1,"8":1,"9":1,"10":1,"11":1,"12":1,"13":0,"14":1,"15":1,"16":5,"17":4,"18":4,"19":1,"20":4,"21":4,"22":1,"23":1,"24":1},"f":{"0":3,"1":5,"2":4,"3":4},"b":{"0":[0,3],"1":[3,3],"2":[1,0],"3":[0,1],"4":[5,5,4],"5":[4,0]},"_coverageSchema":"332fd63041d2c1bcb487cc26dd0d5f7d97098a6c","hash":"8ad86b3eacfa7ffb8c6ba97289bb31769ca12626","contentHash":"729eb714f06061dd6306c91ef7c07dc5_11.3.0"},"/Users/andeladeveloper/Documents/Documents/More-Recipe/server/models/favorite.js":{"path":"/Users/andeladeveloper/Documents/Documents/More-Recipe/server/models/favorite.js","statementMap":{"0":{"start":{"line":3,"column":0},"end":{"line":5,"column":3}},"1":{"start":{"line":7,"column":0},"end":{"line":29,"column":2}},"2":{"start":{"line":8,"column":17},"end":{"line":17,"column":4}},"3":{"start":{"line":18,"column":2},"end":{"line":27,"column":4}},"4":{"start":{"line":19,"column":4},"end":{"line":22,"column":7}},"5":{"start":{"line":23,"column":4},"end":{"line":26,"column":7}},"6":{"start":{"line":28,"column":2},"end":{"line":28,"column":18}}},"fnMap":{"0":{"name":"(anonymous_0)","decl":{"start":{"line":7,"column":18},"end":{"line":7,"column":19}},"loc":{"start":{"line":7,"column":50},"end":{"line":29,"column":1}},"line":7},"1":{"name":"(anonymous_1)","decl":{"start":{"line":18,"column":23},"end":{"line":18,"column":24}},"loc":{"start":{"line":18,"column":41},"end":{"line":27,"column":3}},"line":18}},"branchMap":{},"s":{"0":1,"1":1,"2":1,"3":1,"4":1,"5":1,"6":1},"f":{"0":1,"1":1},"b":{},"_coverageSchema":"332fd63041d2c1bcb487cc26dd0d5f7d97098a6c","hash":"c5fca99e8e4cf3898ba17471f173e2c5e081d2a6","contentHash":"697ae6f27a60b1bc004ca73d11217230_11.3.0"},"/Users/andeladeveloper/Documents/Documents/More-Recipe/server/models/recipes.js":{"path":"/Users/andeladeveloper/Documents/Documents/More-Recipe/server/models/recipes.js","statementMap":{"0":{"start":{"line":3,"column":0},"end":{"line":5,"column":3}},"1":{"start":{"line":7,"column":0},"end":{"line":98,"column":2}},"2":{"start":{"line":8,"column":16},"end":{"line":64,"column":4}},"3":{"start":{"line":66,"column":2},"end":{"line":81,"column":4}},"4":{"start":{"line":67,"column":4},"end":{"line":70,"column":7}},"5":{"start":{"line":72,"column":4},"end":{"line":75,"column":7}},"6":{"start":{"line":77,"column":4},"end":{"line":80,"column":7}},"7":{"start":{"line":82,"column":2},"end":{"line":89,"column":4}},"8":{"start":{"line":83,"column":4},"end":{"line":88,"column":6}},"9":{"start":{"line":90,"column":2},"end":{"line":96,"column":4}},"10":{"start":{"line":91,"column":4},"end":{"line":95,"column":6}},"11":{"start":{"line":97,"column":2},"end":{"line":97,"column":17}}},"fnMap":{"0":{"name":"(anonymous_0)","decl":{"start":{"line":7,"column":18},"end":{"line":7,"column":19}},"loc":{"start":{"line":7,"column":50},"end":{"line":98,"column":1}},"line":7},"1":{"name":"(anonymous_1)","decl":{"start":{"line":66,"column":22},"end":{"line":66,"column":23}},"loc":{"start":{"line":66,"column":40},"end":{"line":81,"column":3}},"line":66},"2":{"name":"(anonymous_2)","decl":{"start":{"line":82,"column":24},"end":{"line":82,"column":25}},"loc":{"start":{"line":82,"column":36},"end":{"line":89,"column":3}},"line":82},"3":{"name":"(anonymous_3)","decl":{"start":{"line":90,"column":24},"end":{"line":90,"column":25}},"loc":{"start":{"line":90,"column":36},"end":{"line":96,"column":3}},"line":90}},"branchMap":{},"s":{"0":1,"1":1,"2":1,"3":1,"4":1,"5":1,"6":1,"7":1,"8":0,"9":1,"10":0,"11":1},"f":{"0":1,"1":1,"2":0,"3":0},"b":{},"_coverageSchema":"332fd63041d2c1bcb487cc26dd0d5f7d97098a6c","hash":"3083e412694520ad0daf6227de88644b66ba1083","contentHash":"c9633216cf779105a4e0afacb05d66da_11.3.0"},"/Users/andeladeveloper/Documents/Documents/More-Recipe/server/models/reviews.js":{"path":"/Users/andeladeveloper/Documents/Documents/More-Recipe/server/models/reviews.js","statementMap":{"0":{"start":{"line":3,"column":0},"end":{"line":5,"column":3}},"1":{"start":{"line":7,"column":0},"end":{"line":34,"column":2}},"2":{"start":{"line":8,"column":16},"end":{"line":21,"column":4}},"3":{"start":{"line":22,"column":2},"end":{"line":31,"column":4}},"4":{"start":{"line":23,"column":4},"end":{"line":26,"column":7}},"5":{"start":{"line":27,"column":4},"end":{"line":30,"column":7}},"6":{"start":{"line":33,"column":2},"end":{"line":33,"column":17}}},"fnMap":{"0":{"name":"(anonymous_0)","decl":{"start":{"line":7,"column":18},"end":{"line":7,"column":19}},"loc":{"start":{"line":7,"column":50},"end":{"line":34,"column":1}},"line":7},"1":{"name":"(anonymous_1)","decl":{"start":{"line":22,"column":22},"end":{"line":22,"column":23}},"loc":{"start":{"line":22,"column":40},"end":{"line":31,"column":3}},"line":22}},"branchMap":{},"s":{"0":1,"1":1,"2":1,"3":1,"4":1,"5":1,"6":1},"f":{"0":1,"1":1},"b":{},"_coverageSchema":"332fd63041d2c1bcb487cc26dd0d5f7d97098a6c","hash":"d288e26b115a648dcadb3565999c30643f77da7f","contentHash":"c0682f1e186b08c90b6e8295df32cc9a_11.3.0"},"/Users/andeladeveloper/Documents/Documents/More-Recipe/server/models/users.js":{"path":"/Users/andeladeveloper/Documents/Documents/More-Recipe/server/models/users.js","statementMap":{"0":{"start":{"line":3,"column":0},"end":{"line":5,"column":3}},"1":{"start":{"line":7,"column":20},"end":{"line":7,"column":44}},"2":{"start":{"line":9,"column":21},"end":{"line":9,"column":58}},"3":{"start":{"line":11,"column":39},"end":{"line":11,"column":93}},"4":{"start":{"line":13,"column":0},"end":{"line":72,"column":2}},"5":{"start":{"line":14,"column":14},"end":{"line":52,"column":4}},"6":{"start":{"line":54,"column":2},"end":{"line":59,"column":4}},"7":{"start":{"line":55,"column":4},"end":{"line":58,"column":7}},"8":{"start":{"line":62,"column":2},"end":{"line":64,"column":4}},"9":{"start":{"line":63,"column":4},"end":{"line":63,"column":71}},"10":{"start":{"line":66,"column":2},"end":{"line":69,"column":5}},"11":{"start":{"line":67,"column":15},"end":{"line":67,"column":61}},"12":{"start":{"line":68,"column":4},"end":{"line":68,"column":25}},"13":{"start":{"line":71,"column":2},"end":{"line":71,"column":15}}},"fnMap":{"0":{"name":"_interopRequireDefault","decl":{"start":{"line":11,"column":9},"end":{"line":11,"column":31}},"loc":{"start":{"line":11,"column":37},"end":{"line":11,"column":95}},"line":11},"1":{"name":"(anonymous_1)","decl":{"start":{"line":13,"column":18},"end":{"line":13,"column":19}},"loc":{"start":{"line":13,"column":50},"end":{"line":72,"column":1}},"line":13},"2":{"name":"(anonymous_2)","decl":{"start":{"line":54,"column":20},"end":{"line":54,"column":21}},"loc":{"start":{"line":54,"column":38},"end":{"line":59,"column":3}},"line":54},"3":{"name":"(anonymous_3)","decl":{"start":{"line":62,"column":36},"end":{"line":62,"column":37}},"loc":{"start":{"line":62,"column":62},"end":{"line":64,"column":3}},"line":62},"4":{"name":"(anonymous_4)","decl":{"start":{"line":66,"column":29},"end":{"line":66,"column":30}},"loc":{"start":{"line":66,"column":45},"end":{"line":69,"column":3}},"line":66}},"branchMap":{"0":{"loc":{"start":{"line":11,"column":46},"end":{"line":11,"column":92}},"type":"cond-expr","locations":[{"start":{"line":11,"column":70},"end":{"line":11,"column":73}},{"start":{"line":11,"column":76},"end":{"line":11,"column":92}}],"line":11},"1":{"loc":{"start":{"line":11,"column":46},"end":{"line":11,"column":67}},"type":"binary-expr","locations":[{"start":{"line":11,"column":46},"end":{"line":11,"column":49}},{"start":{"line":11,"column":53},"end":{"line":11,"column":67}}],"line":11}},"s":{"0":1,"1":1,"2":1,"3":1,"4":1,"5":1,"6":1,"7":1,"8":1,"9":3,"10":1,"11":4,"12":4,"13":1},"f":{"0":1,"1":1,"2":1,"3":3,"4":4},"b":{"0":[0,1],"1":[1,1]},"_coverageSchema":"332fd63041d2c1bcb487cc26dd0d5f7d97098a6c","hash":"7c4751619029f5e7caa103951887384f5f56a2e6","contentHash":"18e9690780fee8ea20f447b4da02e71f_11.3.0"},"/Users/andeladeveloper/Documents/Documents/More-Recipe/server/middleware/helper.js":{"path":"/Users/andeladeveloper/Documents/Documents/More-Recipe/server/middleware/helper.js","statementMap":{"0":{"start":{"line":3,"column":0},"end":{"line":5,"column":3}},"1":{"start":{"line":6,"column":0},"end":{"line":6,"column":163}},"2":{"start":{"line":8,"column":20},"end":{"line":8,"column":43}},"3":{"start":{"line":10,"column":21},"end":{"line":10,"column":58}},"4":{"start":{"line":12,"column":14},"end":{"line":12,"column":31}},"5":{"start":{"line":14,"column":15},"end":{"line":14,"column":46}},"6":{"start":{"line":16,"column":39},"end":{"line":16,"column":93}},"7":{"start":{"line":18,"column":0},"end":{"line":18,"column":26}},"8":{"start":{"line":20,"column":16},"end":{"line":24,"column":1}},"9":{"start":{"line":21,"column":2},"end":{"line":23,"column":5}},"10":{"start":{"line":26,"column":16},"end":{"line":28,"column":1}},"11":{"start":{"line":27,"column":2},"end":{"line":27,"column":40}},"12":{"start":{"line":30,"column":25},"end":{"line":39,"column":1}},"13":{"start":{"line":31,"column":2},"end":{"line":38,"column":4}},"14":{"start":{"line":41,"column":25},"end":{"line":46,"column":1}},"15":{"start":{"line":42,"column":2},"end":{"line":45,"column":4}},"16":{"start":{"line":48,"column":22},"end":{"line":52,"column":1}},"17":{"start":{"line":49,"column":2},"end":{"line":51,"column":4}},"18":{"start":{"line":54,"column":25},"end":{"line":61,"column":1}},"19":{"start":{"line":55,"column":2},"end":{"line":60,"column":4}}},"fnMap":{"0":{"name":"_interopRequireDefault","decl":{"start":{"line":16,"column":9},"end":{"line":16,"column":31}},"loc":{"start":{"line":16,"column":37},"end":{"line":16,"column":95}},"line":16},"1":{"name":"signToken","decl":{"start":{"line":20,"column":45},"end":{"line":20,"column":54}},"loc":{"start":{"line":20,"column":61},"end":{"line":24,"column":1}},"line":20},"2":{"name":"setStatus","decl":{"start":{"line":26,"column":45},"end":{"line":26,"column":54}},"loc":{"start":{"line":26,"column":75},"end":{"line":28,"column":1}},"line":26},"3":{"name":"validateSignUpForm","decl":{"start":{"line":30,"column":63},"end":{"line":30,"column":81}},"loc":{"start":{"line":30,"column":84},"end":{"line":39,"column":1}},"line":30},"4":{"name":"validateSignInForm","decl":{"start":{"line":41,"column":63},"end":{"line":41,"column":81}},"loc":{"start":{"line":41,"column":84},"end":{"line":46,"column":1}},"line":41},"5":{"name":"validateReviews","decl":{"start":{"line":48,"column":57},"end":{"line":48,"column":72}},"loc":{"start":{"line":48,"column":75},"end":{"line":52,"column":1}},"line":48},"6":{"name":"validateAddRecipes","decl":{"start":{"line":54,"column":63},"end":{"line":54,"column":81}},"loc":{"start":{"line":54,"colum
[...]
c":{"start":{"line":22,"column":29},"end":{"line":24,"column":3}},"line":22},"6":{"name":"addFavorite","decl":{"start":{"line":35,"column":20},"end":{"line":35,"column":31}},"loc":{"start":{"line":35,"column":42},"end":{"line":58,"column":5}},"line":35},"7":{"name":"(anonymous_7)","decl":{"start":{"line":41,"column":14},"end":{"line":41,"column":15}},"loc":{"start":{"line":41,"column":34},"end":{"line":55,"column":7}},"line":41},"8":{"name":"(anonymous_8)","decl":{"start":{"line":43,"column":41},"end":{"line":43,"column":42}},"loc":{"start":{"line":43,"column":53},"end":{"line":45,"column":11}},"line":43},"9":{"name":"(anonymous_9)","decl":{"start":{"line":45,"column":19},"end":{"line":45,"column":20}},"loc":{"start":{"line":45,"column":36},"end":{"line":47,"column":11}},"line":45},"10":{"name":"(anonymous_10)","decl":{"start":{"line":52,"column":16},"end":{"line":52,"column":17}},"loc":{"start":{"line":52,"column":28},"end":{"line":54,"column":9}},"line":52},"11":{"name":"(anonymous_11)","decl":{"start":{"line":55,"column":15},"end":{"line":55,"column":16}},"loc":{"start":{"line":55,"column":32},"end":{"line":57,"column":7}},"line":55},"12":{"name":"favoriteStatus","decl":{"start":{"line":71,"column":20},"end":{"line":71,"column":34}},"loc":{"start":{"line":71,"column":45},"end":{"line":85,"column":5}},"line":71},"13":{"name":"(anonymous_13)","decl":{"start":{"line":77,"column":14},"end":{"line":77,"column":15}},"loc":{"start":{"line":77,"column":35},"end":{"line":82,"column":7}},"line":77},"14":{"name":"(anonymous_14)","decl":{"start":{"line":82,"column":15},"end":{"line":82,"column":16}},"loc":{"start":{"line":82,"column":32},"end":{"line":84,"column":7}},"line":82},"15":{"name":"listFavorites","decl":{"start":{"line":96,"column":20},"end":{"line":96,"column":33}},"loc":{"start":{"line":96,"column":44},"end":{"line":107,"column":5}},"line":96},"16":{"name":"(anonymous_16)","decl":{"start":{"line":102,"column":14},"end":{"line":102,"column":15}},"loc":{"start":{"line":102,"column":35},"end":{"line":104,"column":7}},"line":102},"17":{"name":"(anonymous_17)","decl":{"start":{"line":104,"column":15},"end":{"line":104,"column":16}},"loc":{"start":{"line":104,"column":32},"end":{"line":106,"column":7}},"line":104}},"branchMap":{"0":{"loc":{"start":{"line":7,"column":168},"end":{"line":7,"column":198}},"type":"binary-expr","locations":[{"start":{"line":7,"column":168},"end":{"line":7,"column":189}},{"start":{"line":7,"column":193},"end":{"line":7,"column":198}}],"line":7},"1":{"loc":{"start":{"line":7,"column":232},"end":{"line":7,"column":286}},"type":"if","locations":[{"start":{"line":7,"column":232},"end":{"line":7,"column":286}},{"start":{"line":7,"column":232},"end":{"line":7,"column":286}}],"line":7},"2":{"loc":{"start":{"line":7,"column":407},"end":{"line":7,"column":475}},"type":"if","locations":[{"start":{"line":7,"column":407},"end":{"line":7,"column":475}},{"start":{"line":7,"column":407},"end":{"line":7,"column":475}}],"line":7},"3":{"loc":{"start":{"line":7,"column":476},"end":{"line":7,"column":536}},"type":"if","locations":[{"start":{"line":7,"column":476},"end":{"line":7,"column":536}},{"start":{"line":7,"column":476},"end":{"line":7,"column":536}}],"line":7},"4":{"loc":{"start":{"line":13,"column":50},"end":{"line":13,"column":151}},"type":"if","locations":[{"start":{"line":13,"column":50},"end":{"line":13,"column":151}},{"start":{"line":13,"column":50},"end":{"line":13,"column":151}}],"line":13},"5":{"loc":{"start":{"line":42,"column":8},"end":{"line":48,"column":9}},"type":"if","locations":[{"start":{"line":42,"column":8},"end":{"line":48,"column":9}},{"start":{"line":42,"column":8},"end":{"line":48,"column":9}}],"line":42},"6":{"loc":{"start":{"line":78,"column":8},"end":{"line":80,"column":9}},"type":"if","locations":[{"start":{"line":78,"column":8},"end":{"line":80,"column":9}},{"start":{"line":78,"column":8},"end":{"line":80,"column":9}}],"line":78}},"s":{"0":1,"1":1,"2":1,"3":3,"4":3,"5":3,"6":3,"7":3,"8":3,"9":1,"10":1,"11":0,"12":1,"13":1,"14":1,"15":1,"16":1,"17":0,"18":0,"19":1,"20":0,"21":1,"22":1,"23":1,"24":0,"25":0,"26":0,"27":1,"28":1,"29":0,"30":1,"31":1,"32":1,"33":0,"34":0,"35":1,"36":1,"37":0,"38":1,"39":1},"f":{"0":1,"1":1,"2":1,"3":0,"4":1,"5":0,"6":1,"7":1,"8":0,"9":0,"10":1,"11":0,"12":1,"13":1,"14":0,"15":1,"16":1,"17":0},"b":{"0":[3,3],"1":[3,0],"2":[0,1],"3":[1,0],"4":[0,0],"5":[0,1],"6":[1,0]},"_coverageSchema":"332fd63041d2c1bcb487cc26dd0d5f7d97098a6c","hash":"0a82f99a40439149e5b01ec6ff9e468aae43071d","contentHash":"2e4712e5ac59b72b4fb6e2104caf6843_11.3.0"},"/Users/andeladeveloper/Documents/Documents/More-Recipe/server/middleware/jwt.js":{"path":"/Users/andeladeveloper/Documents/Documents/More-Recipe/server/middleware/jwt.js","statementMap":{"0":{"start":{"line":3,"column":0},"end":{"line":5,"column":3}},"1":{"start":{"line":7,"column":19},"end":{"line":7,"column":563}},"2":{"start":{"line":7,"column":76},"end":{"line":7,"column":347}},"3":{"start":{"line":7,"column":134},"end":{"line":7,"column":142}},"4":{"start":{"line":7,"column":144},"end":{"line":7,"column":199}},"5":{"start":{"line":7,"column":200},"end":{"line":7,"column":231}},"6":{"start":{"line":7,"column":232},"end":{"line":7,"column":286}},"7":{"start":{"line":7,"column":259},"end":{"line":7,"column":286}},"8":{"start":{"line":7,"column":287},"end":{"line":7,"column":345}},"9":{"start":{"line":7,"column":350},"end":{"line":7,"column":559}},"10":{"start":{"line":7,"column":407},"end":{"line":7,"column":475}},"11":{"start":{"line":7,"column":423},"end":{"line":7,"column":475}},"12":{"start":{"line":7,"column":476},"end":{"line":7,"column":536}},"13":{"start":{"line":7,"column":493},"end":{"line":7,"column":536}},"14":{"start":{"line":7,"column":537},"end":{"line":7,"column":556}},"15":{"start":{"line":9,"column":20},"end":{"line":9,"column":43}},"16":{"start":{"line":11,"column":21},"end":{"line":11,"column":58}},"17":{"start":{"line":13,"column":14},"end":{"line":13,"column":31}},"18":{"start":{"line":15,"column":15},"end":{"line":15,"column":46}},"19":{"start":{"line":17,"column":14},"end":{"line":17,"column":34}},"20":{"start":{"line":19,"column":39},"end":{"line":19,"column":93}},"21":{"start":{"line":21,"column":50},"end":{"line":21,"column":151}},"22":{"start":{"line":21,"column":92},"end":{"line":21,"column":149}},"23":{"start":{"line":23,"column":0},"end":{"line":23,"column":26}},"24":{"start":{"line":32,"column":19},"end":{"line":107,"column":3}},"25":{"start":{"line":34,"column":4},"end":{"line":34,"column":40}},"26":{"start":{"line":37,"column":2},"end":{"line":104,"column":6}},"27":{"start":{"line":50,"column":18},"end":{"line":50,"column":84}},"28":{"start":{"line":51,"column":6},"end":{"line":68,"column":9}},"29":{"start":{"line":52,"column":8},"end":{"line":54,"column":9}},"30":{"start":{"line":53,"column":10},"end":{"line":53,"column":82}},"31":{"start":{"line":55,"column":8},"end":{"line":67,"column":11}},"32":{"start":{"line":56,"column":10},"end":{"line":62,"column":11}},"33":{"start":{"line":58,"column":12},"end":{"line":61,"column":15}},"34":{"start":{"line":64,"column":10},"end":{"line":64,"column":24}},"35":{"start":{"line":66,"column":10},"end":{"line":66,"column":43}},"36":{"start":{"line":82,"column":18},"end":{"line":82,"column":84}},"37":{"start":{"line":83,"column":6},"end":{"line":102,"column":7}},"38":{"start":{"line":84,"column":8},"end":{"line":97,"column":11}},"39":{"start":{"line":85,"column":10},"end":{"line":87,"column":11}},"40":{"start":{"line":86,"column":12},"end":{"line":86,"column":84}},"41":{"start":{"line":88,"column":10},"end":{"line":96,"column":13}},"42":{"start":{"line":89,"column":12},"end":{"line":91,"column":13}},"43":{"start":{"line":90,"column":14},"end":{"line":90,"column":71}},"44":{"start":{"line":92,"column":12},"end":{"line":92,"column":34}},"45":{"start":{"line":93,"column":12},"end":{"line":93,"column":26}},"46":{"start":{"line":95,"column":12},"end":{"line":95,"column":45}},"47":{"start":{"line":99,"column":8},"end":{"line":101,"column":11}},"48":{"start":{"line":106,"column":2},"end":{"line":106,"column":22}},"49":{"start":{"line":109,"column":0},"end":{"line":109,"column":31}}},"fnMap":{"0":{"name":"(anonymous_0)","decl":{"start":{"line":7,"column":19},"end":{"line":7,"column":20}},"loc":{"start":{"line":7,"column":31},"end":{"line":7,"column":561}},"line":7},"1":{"name":"defineProperties","decl":{"start":{"line":7,"column":42},"end":{"line":7,"column":58}},"loc":{"start":{"line":7,"column":74},"end":{"line":7,"column":349}},"line":7},"2":{"name":"(anonymous_2)","decl":{"start":{"line":7,"column":357},"end":{"line":7,"column":358}},"loc":{"start":{"line":7,"column":405},"end":{"line":7,"column":558}},"line":7},"3":{"name":"_interopRequireDefault","decl":{"start":{"line":19,"column":9},"end":{"line":19,"column":31}},"loc":{"start":{"line":19,"column":37},"end":{"line":19,"column":95}},"line":19},"4":{"name":"_classCallCheck","decl":{"start":{"line":21,"column":9},"end":{"line":21,"column":24}},"loc":{"start":{"line":21,"column":48},"end":{"line":21,"column":153}},"line":21},"5":{"name":"(anonymous_5)","decl":{"start":{"line":32,"column":19},"end":{"line":32,"column":20}},"loc":{"start":{"line":32,"column":31},"end":{"line":107,"column":1}},"line":32},"6":{"name":"protectRoute","decl":{"start":{"line":33,"column":11},"end":{"line":33,"column":23}},"loc":{"start":{"line":33,"column":26},"end":{"line":35,"column":3}},"line":33},"7":{"name":"checkAdmin","decl":{"start":{"line":49,"column":20},"end":{"line":49,"column":30}},"loc":{"start":{"line":49,"column":47},"end":{"line":69,"column":5}},"line":49},"8":{"name":"(anonymous_8)","decl":{"start":{"line":51,"column":67},"end":{"line":51,"column":68}},"loc":{"start":{"line":51,"column":93},"end":{"line":68,"column":7}},"line":51},"9":{"name":"(anonymous_9)","decl":{"start":{"line":55,"column":39},"end":{"line":55,"column":40}},"loc":{"start":{"line":55,"column":55},"end":{"line":65,"column":9}},"line":55},"10":{"name":"(anonymous_10)","decl":{"start":{"line":65,"column":17},"end":{"line":65,"column":18}},"loc":{"start":{"line":65,"column":32},"end":{"line":67,"column":9}},"line":65},"11":{"name":"verifyToken","decl":{"start":{"line":81,"column":20},"end":{"line":81,"column":31}},"loc":{"start":{"line":81,"column":48},"end":{"line":103,"column":5}},"line":81},"12":{"name":"(anonymous_12)","decl":{"start":{"line":84,"column":69},"end":{"line":84,"column":70}},"loc":{"start":{"line":84,"column":95},"end":{"line":97,"column":9}},"line":84},"13":{"name":"(anonymous_13)","decl":{"start":{"line":88,"column":50},"end":{"line":88,"column":51}},"loc":{"start":{"line":88,"column":66},"end":{"line":94,"column":11}},"line":88},"14":{"name":"(anonymous_14)","decl":{"start":{"line":94,"column":19},"end":{"line":94,"column":20}},"loc":{"start":{"line":94,"column":34},"end":{"line":96,"column":11}},"line":94}},"branchMap":{"0":{"loc":{"start":{"line":7,"column":168},"end":{"line":7,"column":198}},"type":"binary-expr","locations":[{"start":{"line":7,"column":168},"end":{"line":7,"column":189}},{"start":{"line":7,"column":193},"end":{"line":7,"column":198}}],"line":7},"1":{"loc":{"start":{"line":7,"column":232},"end":{"line":7,"column":286}},"type":"if","locations":[{"start":{"line":7,"column":232},"end":{"line":7,"column":286}},{"start":{"line":7,"column":232},"end":{"line":7,"column":286}}],"line":7},"2":{"loc":{"start":{"line":7,"column":407},"end":{"line":7,"column":475}},"type":"if","locations":[{"start":{"line":7,"column":407},"end":{"line":7,"column":475}},{"start":{"line":7,"column":407},"end":{"line":7,"column":475}}],"line":7},"3":{"loc":{"start":{"line":7,"column":476},"end":{"line":7,"column":536}},"type":"if","locations":[{"start":{"line":7,"column":476},"end":{"line":7,"column":536}},{"start":{"line":7,"column":476},"end":{"line":7,"column":536}}],"line":7},"4":{"loc":{"start":{"line":19,"column":46},"end":{"line":19,"column":92}},"type":"cond-expr","locations":[{"start":{"line":19,"column":70},"end":{"line":19,"column":73}},{"start":{"line":19,"column":76},"end":{"line":19,"column":92}}],"line":19},"5":{"loc":{"start":{"line":19,"column":46},"end":{"line":19,"column":67}},"type":"binary-expr","locations":[{"start":{"line":19,"column":46},"end":{"line":19,"column":49}},{"start":{"line":19,"column":53},"end":{"line":19,"column":67}}],"line":19},"6":{"loc":{"start":{"line":21,"column":50},"end":{"line":21,"column":151}},"type":"if","locations":[{"start":{"line":21,"column":50},"end":{"line":21,"column":151}},{"start":{"line":21,"column":50},"end":{"line":21,"column":151}}],"line":21},"7":{"loc":{"start":{"line":50,"column":18},"end":{"line":50,"column":84}},"type":"binary-expr","locations":[{"start":{"line":50,"column":18},"end":{"line":50,"column":32}},{"start":{"line":50,"column":36},"end":{"line":50,"column":51}},{"start":{"line":50,"column":55},"end":{"line":50,"column":84}}],"line":50},"8":{"loc":{"start":{"line":52,"column":8},"end":{"line":54,"column":9}},"type":"if","locations":[{"start":{"line":52,"column":8},"end":{"line":54,"column":9}},{"start":{"line":52,"column":8},"end":{"line":54,"column":9}}],"line":52},"9":{"loc":{"start":{"line":56,"column":10},"end":{"line":62,"column":11}},"type":"if","locations":[{"start":{"line":56,"column":10},"end":{"line":62,"column":11}},{"start":{"line":56,"column":10},"end":{"line":62,"column":11}}],"line":56},"10":{"loc":{"start":{"line":82,"column":18},"end":{"line":82,"column":84}},"type":"binary-expr","locations":[{"start":{"line":82,"column":18},"end":{"line":82,"column":32}},{"start":{"line":82,"column":36},"end":{"line":82,"column":51}},{"start":{"line":82,"column":55},"end":{"line":82,"column":84}}],"line":82},"11":{"loc":{"start":{"line":83,"column":6},"end":{"line":102,"column":7}},"type":"if","locations":[{"start":{"line":83,"column":6},"end":{"line":102,"column":7}},{"start":{"line":83,"column":6},"end":{"line":102,"column":7}}],"line":83},"12":{"loc":{"start":{"line":85,"column":10},"end":{"line":87,"column":11}},"type":"if","locations":[{"start":{"line":85,"column":10},"end":{"line":87,"column":11}},{"start":{"line":85,"column":10},"end":{"line":87,"column":11}}],"line":85},"13":{"loc":{"start":{"line":89,"column":12},"end":{"line":91,"column":13}},"type":"if","locations":[{"start":{"line":89,"column":12},"end":{"line":91,"column":13}},{"start":{"line":89,"column":12},"end":{"line":91,"column":13}}],"line":89}},"s":{"0":1,"1":1,"2":1,"3":2,"4":2,"5":2,"6":2,"7":2,"8":2,"9":1,"10":1,"11":0,"12":1,"13":1,"14":1,"15":1,"16":1,"17":1,"18":1,"19":1,"20":2,"21":0,"22":0,"23":1,"24":1,"25":0,"26":1,"27":3,"28":3,"29":3,"30":0,"31":3,"32":3,"33":0,"34":3,"35":0,"36":19,"37":19,"38":19,"39":19,"40":1,"41":18,"42":18,"43":0,"44":18,"45":18,"46":0,"47":0,"48":1,"49":1},"f":{"0":1,"1":1,"2":1,"3":2,"4":0,"5":1,"6":0,"7":3,"8":3,"9":3,"10":0,"11":19,"12":19,"13":18,"14":0},"b":{"0":[2,2],"1":[2,0],"2":[0,1],"3":[1,0],"4":[0,2],"5":[2,2],"6":[0,0],"7":[3,3,3],"8":[0,3],"9":[0,3],"10":[19,19,19],"11":[19,0],"12":[1,18],"13":[0,18]},"_coverageSchema":"332fd63041d2c1bcb487cc26dd0d5f7d97098a6c","hash":"b906a74a21e4668ba024c49cf5fb84c3c3501ce4","contentHash":"ac2572f12673a99c6a78caaaa5c9f060_11.3.0"},"/Users/andeladeveloper/Documents/Documents/More-Recipe/server/seeders/seeds.js":{"path":"/Users/andeladeveloper/Documents/Documents/More-Recipe/server/seeders/seeds.js","statementMap":{"0":{"start":{"line":3,"column":0},"end":{"line":5,"column":3}},"1":{"start":{"line":7,"column":14},"end":{"line":7,"column":34}},"2":{"start":{"line":9,"column":0},"end":{"line":81,"column":2}},"3":{"start":{"line":11,"column":4},"end":{"line":15,"column":7}},"4":{"start":{"line":12,"column":6},"end":{"line":12,"column":20}},"5":{"start":{"line":14,"column":6},"end":{"line":14,"column":23}},"6":{"start":{"line":18,"column":4},"end":{"line":18,"column":138}},"7":{"start":{"line":21,"column":4},"end":{"line":21,"column":100}},"8":{"start":{"line":24,"column":4},"end":{"line":36,"column":7}},"9":{"start":{"line":33,"column":6},"end":{"line":33,"column":20}},"10":{"start":{"line":35,"column":6},"end":{"line":35,"column":23}},"11":{"start":{"line":43,"column":4},"end":{"line":47,"column":7}},"12":{"start":{"line":44,"column":6},"end":{"line":44,"column":20}},"13":{"start":{"line":46,"column":6},"end":{"line":46,"column":23}},"14":{"start":{"line":50,"column":4},"end":{"line":60,"column":6}},"15":{"start":{"line":63,"column":4},"end":{"line":63,"column":48}},"16":{"start":{"line":66,"column":4},"end":{"line":79,"column":7}},"17":{"start":{"line":76,"column":6},"end":{"line":76,"column":20}},"18":{"start":{"line":78,"column":6},"end":{"line":78,"column":23}}},"fnMap":{"0":{"name":"emptyRecipeTable","decl":{"start":{"line":10,"column":29},"end":{"line":10,"column":45}},"loc":{"start":{"line":10,"column":52},"end":{"line":16,"column":3}},"line":10},"1":{"name":"(anonymous_1)","decl":{"start":{"line":11,"column":91},"end":{"line":11,"column":92}},"loc":{"start":{"line":11,"column":103},"end":{"line":13,"column":5}},"line":11},"2":{"name":"(anonymous_2)","decl":{"start":{"line":13,"column":13},"end":{"line":13,"column":14}},"loc":{"start":{"line":13,"column":28},"end":{"line":15,"column":5}},"line":13},"3":{"name":"setRecipeInput","decl":{"start":{"line":17,"column":27},"end":{"line":17,"column":41}},"loc":{"start":{"line":17,"column":104},"end":{"line":19,"column":3}},"line":17},"4":{"name":"setUpdateRecipe","decl":{"start":{"line":20,"column":28},"end":{"line":20,"column":43}},"loc":{"start":{"line":20,"column":87},"end":{"line":22,"column":3}},"line":20},"5":{"name":"addRecipe","decl":{"start":{"line":23,"column":22},"end":{"line":23,"column":31}},"loc":{"start":{"line":23,"column":38},"end":{"line":37,"column":3}},"line":23},"6":{"name":"(anonymous_6)","decl":{"start":{"line":32,"column":12},"end":{"line":32,"column":13}},"loc":{"start":{"line":32,"column":24},"end":{"line":34,"column":5}},"line":32},"7":{"name":"(anonymous_7)","decl":{"start":{"line":34,"column":13},"end":{"line":34,"column":14}},"loc":{"start":{"line":34,"column":28},"end":{"line":36,"column":5}},"line":34},"8":{"name":"emptyUserTable","decl":{"start":{"line":42,"column":27},"end":{"line":42,"column":41}},"loc":{"start":{"line":42,"column":48},"end":{"line":48,"column":3}},"line":42},"9":{"name":"(anonymous_9)","decl":{"start":{"line":43,"column":89},"end":{"line":43,"column":90}},"loc":{"start":{"line":43,"column":101},"end":{"line":45,"column":5}},"line":43},"10":{"name":"(anonymous_10)","decl":{"start":{"line":45,"column":13},"end":{"line":45,"column":14}},"loc":{"start":{"line":45,"column":28},"end":{"line":47,"column":5}},"line":45},"11":{"name":"setUserInput","decl":{"start":{"line":49,"column":25},"end":{"line":49,"column":37}},"loc":{"start":{"line":49,"column":124},"end":{"line":61,"column":3}},"line":49},"12":{"name":"setLogin","decl":{"start":{"line":62,"column":21},"end":{"line":62,"column":29}},"loc":{"start":{"line":62,"column":47},"end":{"line":64,"column":3}},"line":62},"13":{"name":"addUser","decl":{"start":{"line":65,"column":20},"end":{"line":65,"column":27}},"loc":{"start":{"line":65,"column":34},"end":{"line":80,"column":3}},"line":65},"14":{"name":"(anonymous_14)","decl":{"start":{"line":75,"column":12},"end":{"line":75,"column":13}},"loc":{"start":{"line":75,"column":24},"end":{"line":77,"column":5}},"line":75},"15":{"name":"(anonymous_15)","decl":{"start":{"line":77,"column":13},"end":{"line":77,"column":14}},"loc":{"start":{"line":77,"column":28},"end":{"line":79,"column":5}},"line":77}},"branchMap":{},"s":{"0":1,"1":1,"2":1,"3":1,"4":1,"5":0,"6":2,"7":1,"8":1,"9":1,"10":0,"11":3,"12":3,"13":0,"14":5,"15":5,"16":3,"17":3,"18":0},"f":{"0":1,"1":1,"2":0,"3":2,"4":1,"5":1,"6":1,"7":0,"8":3,"9":3,"10":0,"11":5,"12":5,"13":3,"14":3,"15":0},"b":{},"_coverageSchema":"332fd63041d2c1bcb487cc26dd0d5f7d97098a6c","hash":"cb9d1418ba0c8fb9c69dcc27312e8968c8fd8f76","contentHash":"2839d6356045c97b27a263d09c33047b_11.3.0"}}