<?xml version="1.0" encoding="UTF-8" ?>
<testsuites errors="1"
            failures="1"
            tests="1">

  <testsuite name="sample_test"
    errors="1" failures="1" hostname="" id="" package="sample_test" skipped="0"
    tests="1" time="3.999" timestamp="Mon, 12 Mar 2018 08:43:32 GMT">
  
    <testcase name="Homepage test" classname="sample_test" time="3.999" assertions="6">

    

    

    

    

      <failure message="Testing if element &lt;#navbarSupportedContent.navbar-nav.nav-item.text-orange&gt; contains text: &#34;Hi there,&#34;. Element could not be located.">    at Object.Homepage test (/Users/andeladeveloper/Documents/Documents/More-Recipe/e2e_test/sample_test.js:10:15)
    at _combinedTickCallback (internal/process/next_tick.js:131:7)</failure>

    
    </testcase>
  

  
    <system-err>
      ERROR: Unable to locate element: &#34;#navbarSupportedContent.navbar-nav.nav-item.text-orange&#34; using: css selector
    at F.command (/Users/andeladeveloper/Documents/Documents/More-Recipe/node_modules/nightwatch/lib/api/assertions/containsText.js:46:21)
    at F.module.exports.BaseAssertion._scheduleAssertion (/Users/andeladeveloper/Documents/Documents/More-Recipe/node_modules/nightwatch/lib/core/assertion.js:87:17)
    at F.module.exports.BaseAssertion._executeCommand (/Users/andeladeveloper/Documents/Documents/More-Recipe/node_modules/nightwatch/lib/core/assertion.js:82:17)
    at AssertionInstance.commandFn [as _commandFn] (/Users/andeladeveloper/Documents/Documents/More-Recipe/node_modules/nightwatch/lib/core/assertion.js:180:21)
    at AsyncTree.runCommand (/Users/andeladeveloper/Documents/Documents/More-Recipe/node_modules/nightwatch/lib/core/queue.js:154:30)
    at AsyncTree.runChildNode (/Users/andeladeveloper/Documents/Documents/More-Recipe/node_modules/nightwatch/lib/core/queue.js:114:8)
    at AsyncTree.walkDown (/Users/andeladeveloper/Documents/Documents/More-Recipe/node_modules/nightwatch/lib/core/queue.js:80:10)
    at AsyncTree.walkUp (/Users/andeladeveloper/Documents/Documents/More-Recipe/node_modules/nightwatch/lib/core/queue.js:97:8)
    at AsyncTree.walkDown (/Users/andeladeveloper/Documents/Documents/More-Recipe/node_modules/nightwatch/lib/core/queue.js:90:12)
    at AsyncTree.walkUp (/Users/andeladeveloper/Documents/Documents/More-Recipe/node_modules/nightwatch/lib/core/queue.js:97:8)
    </system-err>
  

  
  </testsuite>
</testsuites>
