TN:
SF:C:/Users/emasys/Documents/GitHub/More-Recipe/server/index.js
FN:14,(anonymous_1)
FN:31,(anonymous_2)
FNF:2
FNH:2
FNDA:10,(anonymous_1)
FNDA:1,(anonymous_2)
DA:1,1
DA:2,1
DA:3,1
DA:4,1
DA:6,1
DA:8,1
DA:10,1
DA:11,1
DA:12,1
DA:14,1
DA:15,10
DA:16,10
DA:17,10
DA:18,10
DA:21,1
DA:24,1
DA:27,1
DA:31,1
DA:32,1
DA:35,1
DA:36,1
LF:21
LH:21
BRDA:35,0,0,1
BRDA:35,0,1,1
BRF:2
BRH:2
end_of_record
TN:
SF:C:/Users/emasys/Documents/GitHub/More-Recipe/server/model/db.js
FNF:0
FNH:0
DA:1,1
LF:1
LH:1
BRF:0
BRH:0
end_of_record
