TN:
SF:/Users/andeladeveloper/Documents/Documents/More-Recipe/server/index.js
FN:30,(anonymous_1)
FN:37,(anonymous_2)
FN:41,(anonymous_3)
FNF:3
FNH:2
FNDA:1,(anonymous_1)
FNDA:0,(anonymous_2)
FNDA:1,(anonymous_3)
DA:1,1
DA:2,1
DA:3,1
DA:4,1
DA:5,1
DA:6,1
DA:8,1
DA:11,1
DA:13,1
DA:15,1
DA:16,1
DA:17,1
DA:21,1
DA:23,1
DA:25,1
DA:30,1
DA:31,1
DA:37,1
DA:38,0
DA:41,1
DA:42,1
LF:21
LH:20
BRDA:11,0,0,1
BRDA:11,0,1,1
BRF:2
BRH:2
end_of_record
TN:
SF:/Users/andeladeveloper/Documents/Documents/More-Recipe/server/controllers/favorite.js
FN:23,(anonymous_7)
FN:27,(anonymous_8)
FN:33,(anonymous_9)
FN:35,(anonymous_10)
FN:52,(anonymous_12)
FN:56,(anonymous_13)
FN:74,(anonymous_15)
FN:75,(anonymous_16)
FNF:8
FNH:7
FNDA:3,(anonymous_7)
FNDA:1,(anonymous_8)
FNDA:1,(anonymous_9)
FNDA:1,(anonymous_10)
FNDA:1,(anonymous_12)
FNDA:1,(anonymous_13)
FNDA:1,(anonymous_15)
FNDA:0,(anonymous_16)
DA:1,1
DA:2,1
DA:18,3
DA:24,3
DA:25,1
DA:27,1
DA:29,2
DA:33,1
DA:35,1
DA:47,2
DA:53,1
DA:54,1
DA:56,1
DA:66,1
DA:74,1
DA:75,0
LF:16
LH:15
BRDA:24,0,0,1
BRDA:24,0,1,2
BRDA:53,1,0,0
BRDA:53,1,1,1
BRF:4
BRH:3
end_of_record
TN:
SF:/Users/andeladeveloper/Documents/Documents/More-Recipe/server/controllers/recipes.js
FN:21,getArr
FN:25,(anonymous_9)
FN:36,(anonymous_10)
FN:37,(anonymous_11)
FN:39,(anonymous_12)
FN:56,(anonymous_14)
FN:57,(anonymous_15)
FN:70,(anonymous_16)
FN:71,(anonymous_17)
FN:90,(anonymous_19)
FN:91,(anonymous_20)
FN:109,(anonymous_22)
FN:110,(anonymous_23)
FN:131,(anonymous_25)
FN:132,(anonymous_26)
FN:156,(anonymous_28)
FN:164,(anonymous_29)
FN:171,(anonymous_30)
FN:174,(anonymous_31)
FN:186,getArr
FN:188,(anonymous_34)
FN:196,(anonymous_35)
FN:199,(anonymous_36)
FN:212,(anonymous_38)
FN:220,(anonymous_39)
FN:233,(anonymous_41)
FN:245,(anonymous_42)
FN:263,(anonymous_43)
FN:272,(anonymous_44)
FN:275,(anonymous_45)
FN:289,(anonymous_47)
FN:304,(anonymous_48)
FN:322,(anonymous_49)
FN:332,(anonymous_50)
FN:335,(anonymous_51)
FN:347,(anonymous_53)
FN:351,(anonymous_54)
FN:353,(anonymous_55)
FNF:38
FNH:29
FNDA:1,getArr
FNDA:1,(anonymous_9)
FNDA:1,(anonymous_10)
FNDA:0,(anonymous_11)
FNDA:0,(anonymous_12)
FNDA:0,(anonymous_14)
FNDA:0,(anonymous_15)
FNDA:1,(anonymous_16)
FNDA:0,(anonymous_17)
FNDA:0,(anonymous_19)
FNDA:0,(anonymous_20)
FNDA:1,(anonymous_22)
FNDA:0,(anonymous_23)
FNDA:1,(anonymous_25)
FNDA:0,(anonymous_26)
FNDA:3,(anonymous_28)
FNDA:1,(anonymous_29)
FNDA:1,(anonymous_30)
FNDA:1,(anonymous_31)
FNDA:1,getArr
FNDA:2,(anonymous_34)
FNDA:1,(anonymous_35)
FNDA:1,(anonymous_36)
FNDA:4,(anonymous_38)
FNDA:1,(anonymous_39)
FNDA:4,(anonymous_41)
FNDA:1,(anonymous_42)
FNDA:1,(anonymous_43)
FNDA:1,(anonymous_44)
FNDA:1,(anonymous_45)
FNDA:4,(anonymous_47)
FNDA:1,(anonymous_48)
FNDA:1,(anonymous_49)
FNDA:1,(anonymous_50)
FNDA:1,(anonymous_51)
FNDA:2,(anonymous_53)
FNDA:1,(anonymous_54)
FNDA:1,(anonymous_55)
DA:1,1
DA:2,1
DA:3,1
DA:19,1
DA:20,1
DA:21,1
DA:22,1
DA:23,1
DA:24,1
DA:26,1
DA:27,1
DA:36,1
DA:37,0
DA:39,0
DA:41,0
DA:54,1
DA:55,0
DA:56,0
DA:57,0
DA:60,1
DA:70,1
DA:71,0
DA:83,0
DA:90,0
DA:91,0
DA:103,1
DA:109,1
DA:110,0
DA:123,1
DA:131,1
DA:132,0
DA:144,3
DA:157,3
DA:158,3
DA:159,1
DA:164,1
DA:166,1
DA:171,1
DA:174,1
DA:185,2
DA:186,2
DA:187,2
DA:189,2
DA:196,1
DA:199,1
DA:211,4
DA:213,4
DA:214,1
DA:215,2
DA:216,1
DA:218,1
DA:220,1
DA:232,4
DA:234,4
DA:235,7
DA:236,3
DA:238,1
DA:239,1
DA:240,1
DA:245,1
DA:246,2
DA:251,1
DA:252,1
DA:253,1
DA:255,1
DA:256,1
DA:263,1
DA:266,1
DA:267,1
DA:272,1
DA:275,1
DA:288,4
DA:291,4
DA:292,7
DA:293,3
DA:295,1
DA:296,1
DA:297,1
DA:299,1
DA:304,1
DA:305,2
DA:310,1
DA:311,1
DA:312,1
DA:314,1
DA:315,1
DA:322,1
DA:326,1
DA:327,1
DA:332,1
DA:335,1
DA:346,2
DA:349,2
DA:351,1
DA:353,1
LF:95
LH:83
BRDA:23,0,0,1
BRDA:23,0,1,0
BRDA:26,1,0,0
BRDA:26,1,1,1
BRDA:54,2,0,0
BRDA:54,2,1,1
BRDA:54,3,0,1
BRDA:54,3,1,0
BRDA:104,4,0,1
BRDA:104,4,1,0
BRDA:157,5,0,3
BRDA:157,5,1,0
BRDA:158,6,0,1
BRDA:158,6,1,1
BRDA:191,7,0,1
BRDA:191,7,1,0
BRDA:192,8,0,1
BRDA:192,8,1,0
BRDA:193,9,0,1
BRDA:193,9,1,0
BRDA:194,10,0,1
BRDA:194,10,1,0
BRDA:213,11,0,1
BRDA:213,11,1,2
BRDA:215,12,0,1
BRDA:215,12,1,1
BRDA:234,13,0,4
BRDA:234,13,1,0
BRDA:236,14,0,1
BRDA:236,14,1,2
BRDA:239,15,0,1
BRDA:239,15,1,0
BRDA:246,16,0,1
BRDA:246,16,1,1
BRDA:247,17,0,2
BRDA:247,17,1,2
BRDA:252,18,0,1
BRDA:252,18,1,0
BRDA:291,19,0,4
BRDA:291,19,1,0
BRDA:293,20,0,1
BRDA:293,20,1,2
BRDA:296,21,0,1
BRDA:296,21,1,0
BRDA:305,22,0,1
BRDA:305,22,1,1
BRDA:306,23,0,2
BRDA:306,23,1,2
BRDA:311,24,0,1
BRDA:311,24,1,0
BRF:50
BRH:34
end_of_record
TN:
SF:/Users/andeladeveloper/Documents/Documents/More-Recipe/server/controllers/reviews.js
FN:26,(anonymous_8)
FN:37,(anonymous_9)
FN:41,(anonymous_10)
FN:43,(anonymous_11)
FNF:4
FNH:3
FNDA:2,(anonymous_8)
FNDA:1,(anonymous_9)
FNDA:0,(anonymous_10)
FNDA:1,(anonymous_11)
DA:1,1
DA:2,1
DA:3,1
DA:20,4
DA:21,4
DA:22,4
DA:23,2
DA:27,3
DA:28,1
DA:29,1
DA:30,1
DA:38,1
DA:39,1
DA:41,0
DA:43,1
DA:45,2
LF:16
LH:15
BRDA:22,0,0,2
BRDA:22,0,1,2
BRDA:28,1,0,0
BRDA:28,1,1,1
BRF:4
BRH:3
end_of_record
TN:
SF:/Users/andeladeveloper/Documents/Documents/More-Recipe/server/controllers/users.js
FN:36,(anonymous_8)
FN:51,(anonymous_9)
FN:63,(anonymous_10)
FN:75,(anonymous_11)
FN:77,(anonymous_12)
FN:79,(anonymous_13)
FN:94,(anonymous_15)
FN:95,(anonymous_16)
FN:107,(anonymous_18)
FN:121,(anonymous_19)
FN:136,(anonymous_21)
FN:143,(anonymous_22)
FN:145,(anonymous_23)
FN:160,(anonymous_25)
FN:163,(anonymous_26)
FN:165,(anonymous_27)
FN:182,(anonymous_29)
FN:191,(anonymous_30)
FNF:18
FNH:12
FNDA:2,(anonymous_8)
FNDA:2,(anonymous_9)
FNDA:2,(anonymous_10)
FNDA:0,(anonymous_11)
FNDA:0,(anonymous_12)
FNDA:0,(anonymous_13)
FNDA:1,(anonymous_15)
FNDA:0,(anonymous_16)
FNDA:2,(anonymous_18)
FNDA:0,(anonymous_19)
FNDA:2,(anonymous_21)
FNDA:1,(anonymous_22)
FNDA:1,(anonymous_23)
FNDA:2,(anonymous_25)
FNDA:1,(anonymous_26)
FNDA:1,(anonymous_27)
FNDA:4,(anonymous_29)
FNDA:0,(anonymous_30)
DA:1,1
DA:2,1
DA:3,1
DA:4,1
DA:5,1
DA:7,1
DA:26,5
DA:28,5
DA:29,5
DA:30,2
DA:31,0
DA:33,2
DA:37,2
DA:38,0
DA:48,2
DA:52,2
DA:53,0
DA:62,2
DA:64,2
DA:72,2
DA:73,2
DA:75,0
DA:77,0
DA:79,0
DA:81,3
DA:93,1
DA:94,1
DA:95,0
DA:106,2
DA:108,2
DA:109,1
DA:119,1
DA:121,0
DA:132,2
DA:133,2
DA:134,2
DA:135,2
DA:137,2
DA:143,1
DA:145,1
DA:148,0
DA:159,2
DA:161,2
DA:163,1
DA:165,1
DA:176,4
DA:177,4
DA:178,4
DA:179,0
DA:181,4
DA:183,4
DA:184,4
DA:185,1
DA:187,3
DA:188,3
DA:189,3
DA:191,0
LF:57
LH:46
BRDA:29,0,0,2
BRDA:29,0,1,3
BRDA:30,1,0,0
BRDA:30,1,1,2
BRDA:37,2,0,0
BRDA:37,2,1,2
BRDA:52,3,0,0
BRDA:52,3,1,2
BRDA:108,4,0,1
BRDA:108,4,1,1
BRDA:134,5,0,2
BRDA:134,5,1,0
BRDA:139,6,0,1
BRDA:139,6,1,0
BRDA:140,7,0,1
BRDA:140,7,1,0
BRDA:141,8,0,1
BRDA:141,8,1,0
BRDA:178,9,0,0
BRDA:178,9,1,4
BRDA:183,10,0,0
BRDA:183,10,1,4
BRDA:184,11,0,1
BRDA:184,11,1,3
BRF:24
BRH:15
end_of_record
TN:
SF:/Users/andeladeveloper/Documents/Documents/More-Recipe/server/middleware/authorization.js
FN:28,(anonymous_8)
FN:31,(anonymous_9)
FN:35,(anonymous_10)
FN:49,(anonymous_12)
FN:52,(anonymous_13)
FN:57,(anonymous_14)
FNF:6
FNH:4
FNDA:5,(anonymous_8)
FNDA:5,(anonymous_9)
FNDA:0,(anonymous_10)
FNDA:37,(anonymous_12)
FNDA:36,(anonymous_13)
FNDA:0,(anonymous_14)
DA:1,1
DA:2,1
DA:3,1
DA:4,1
DA:7,1
DA:27,5
DA:28,5
DA:29,5
DA:30,5
DA:32,5
DA:33,5
DA:35,0
DA:47,37
DA:48,37
DA:49,37
DA:50,37
DA:51,36
DA:53,36
DA:54,36
DA:55,36
DA:57,0
DA:60,0
LF:22
LH:19
BRDA:27,0,0,5
BRDA:27,0,1,5
BRDA:27,0,2,5
BRDA:29,1,0,0
BRDA:29,1,1,5
BRDA:32,2,0,0
BRDA:32,2,1,5
BRDA:47,3,0,37
BRDA:47,3,1,37
BRDA:47,3,2,37
BRDA:48,4,0,37
BRDA:48,4,1,0
BRDA:50,5,0,1
BRDA:50,5,1,36
BRDA:53,6,0,0
BRDA:53,6,1,36
BRF:16
BRH:12
end_of_record
TN:
SF:/Users/andeladeveloper/Documents/Documents/More-Recipe/server/middleware/helper.js
FN:7,signToken
FN:20,setStatus
FN:28,validateSignUpForm
FN:46,validateSignInForm
FN:58,validateReviews
FN:69,validateAddRecipes
FN:83,validateUpdateUser
FN:96,mailer
FN:115,(anonymous_9)
FNF:9
FNH:8
FNDA:5,signToken
FNDA:49,setStatus
FNDA:5,validateSignUpForm
FNDA:4,validateSignInForm
FNDA:4,validateReviews
FNDA:1,validateAddRecipes
FNDA:2,validateUpdateUser
FNDA:1,mailer
FNDA:0,(anonymous_9)
DA:1,1
DA:2,1
DA:3,1
DA:5,1
DA:7,1
DA:8,5
DA:20,1
DA:21,49
DA:28,1
DA:29,5
DA:46,1
DA:47,4
DA:58,1
DA:59,4
DA:69,1
DA:70,1
DA:83,1
DA:84,2
DA:96,1
DA:97,1
DA:106,1
DA:115,1
DA:116,0
DA:117,0
DA:119,0
LF:25
LH:22
BRDA:116,0,0,0
BRDA:116,0,1,0
BRF:2
BRH:0
end_of_record
TN:
SF:/Users/andeladeveloper/Documents/Documents/More-Recipe/server/models/favorite.js
FN:12,(anonymous_1)
FNF:1
FNH:1
FNDA:1,(anonymous_1)
DA:2,1
DA:12,1
DA:13,1
DA:17,1
DA:22,1
LF:5
LH:5
BRF:0
BRH:0
end_of_record
TN:
SF:/Users/andeladeveloper/Documents/Documents/More-Recipe/server/models/index.js
FN:24,(anonymous_1)
FN:26,(anonymous_2)
FN:31,(anonymous_3)
FNF:3
FNH:3
FNDA:5,(anonymous_1)
FNDA:4,(anonymous_2)
FNDA:4,(anonymous_3)
DA:1,1
DA:2,1
DA:3,1
DA:5,1
DA:6,1
DA:7,1
DA:8,1
DA:10,1
DA:11,1
DA:12,0
DA:14,1
DA:22,1
DA:24,5
DA:27,4
DA:28,4
DA:31,1
DA:32,4
DA:33,4
DA:37,1
DA:38,1
DA:40,1
LF:21
LH:20
BRDA:6,0,0,1
BRDA:6,0,1,0
BRDA:11,1,0,0
BRDA:11,1,1,1
BRDA:25,2,0,5
BRDA:25,2,1,5
BRDA:25,2,2,4
BRDA:32,3,0,4
BRDA:32,3,1,0
BRF:9
BRH:6
end_of_record
TN:
SF:/Users/andeladeveloper/Documents/Documents/More-Recipe/server/models/recipes.js
FN:60,(anonymous_1)
FN:76,(anonymous_2)
FN:84,(anonymous_3)
FNF:3
FNH:1
FNDA:1,(anonymous_1)
FNDA:0,(anonymous_2)
FNDA:0,(anonymous_3)
DA:2,1
DA:60,1
DA:61,1
DA:66,1
DA:71,1
DA:76,1
DA:77,0
DA:84,1
DA:85,0
DA:91,1
LF:10
LH:8
BRF:0
BRH:0
end_of_record
TN:
SF:/Users/andeladeveloper/Documents/Documents/More-Recipe/server/models/reviews.js
FN:16,(anonymous_1)
FNF:1
FNH:1
FNDA:1,(anonymous_1)
DA:2,1
DA:16,1
DA:17,1
DA:21,1
DA:27,1
LF:5
LH:5
BRF:0
BRH:0
end_of_record
TN:
SF:/Users/andeladeveloper/Documents/Documents/More-Recipe/server/models/users.js
FN:44,(anonymous_2)
FN:52,(anonymous_3)
FN:56,(anonymous_4)
FN:61,(anonymous_5)
FNF:4
FNH:4
FNDA:1,(anonymous_2)
FNDA:4,(anonymous_3)
FNDA:2,(anonymous_4)
FNDA:1,(anonymous_5)
DA:1,1
DA:4,1
DA:44,1
DA:45,1
DA:52,1
DA:53,4
DA:56,1
DA:57,2
DA:58,2
DA:61,1
DA:62,1
DA:63,1
DA:67,1
LF:13
LH:13
BRF:0
BRH:0
end_of_record
TN:
SF:/Users/andeladeveloper/Documents/Documents/More-Recipe/server/routes/index.js
FNF:0
FNH:0
DA:1,1
DA:2,1
DA:3,1
DA:4,1
DA:5,1
DA:6,1
DA:8,1
DA:10,1
DA:11,1
DA:12,1
DA:13,1
DA:14,1
DA:15,1
DA:18,1
DA:19,1
DA:20,1
DA:21,1
DA:22,1
DA:23,1
DA:24,1
DA:25,1
DA:27,1
DA:28,1
DA:30,1
DA:31,1
DA:33,1
DA:34,1
DA:35,1
LF:28
LH:28
BRF:0
BRH:0
end_of_record
TN:
SF:/Users/andeladeveloper/Documents/Documents/More-Recipe/server/seeders/seeds.js
FN:3,emptyRecipeTable
FN:6,(anonymous_1)
FN:7,(anonymous_2)
FN:3,setRecipeInput
FN:3,setUpdateRecipe
FN:3,addRecipe
FN:25,(anonymous_6)
FN:26,(anonymous_7)
FN:3,emptyUserTable
FN:32,(anonymous_9)
FN:33,(anonymous_10)
FN:3,setUserInput
FN:3,setLogin
FN:3,addUser
FN:65,(anonymous_14)
FN:66,(anonymous_15)
FNF:16
FNH:4
FNDA:0,emptyRecipeTable
FNDA:0,(anonymous_1)
FNDA:0,(anonymous_2)
FNDA:1,setRecipeInput
FNDA:2,setUpdateRecipe
FNDA:0,addRecipe
FNDA:0,(anonymous_6)
FNDA:0,(anonymous_7)
FNDA:0,emptyUserTable
FNDA:0,(anonymous_9)
FNDA:0,(anonymous_10)
FNDA:6,setUserInput
FNDA:4,setLogin
FNDA:0,addUser
FNDA:0,(anonymous_14)
FNDA:0,(anonymous_15)
DA:1,1
DA:5,0
DA:6,0
DA:7,0
DA:10,1
DA:13,2
DA:16,0
DA:25,0
DA:26,0
DA:31,0
DA:32,0
DA:33,0
DA:39,6
DA:52,4
DA:55,0
DA:65,0
DA:66,0
LF:17
LH:5
BRF:0
BRH:0
end_of_record
TN:
SF:/Users/andeladeveloper/Documents/Documents/More-Recipe/server/test/recipes.test.spec.js
FN:11,(anonymous_1)
FN:12,(anonymous_2)
FN:14,(anonymous_3)
FN:19,(anonymous_4)
FN:20,(anonymous_5)
FN:21,(anonymous_6)
FN:40,(anonymous_7)
FN:41,(anonymous_8)
FN:60,(anonymous_9)
FN:61,(anonymous_10)
FN:66,(anonymous_11)
FN:75,(anonymous_12)
FN:76,(anonymous_13)
FN:81,(anonymous_14)
FN:90,(anonymous_15)
FN:91,(anonymous_16)
FN:95,(anonymous_17)
FN:104,(anonymous_18)
FN:105,(anonymous_19)
FN:122,(anonymous_20)
FN:123,(anonymous_21)
FN:131,(anonymous_22)
FN:132,(anonymous_23)
FN:141,(anonymous_24)
FN:142,(anonymous_25)
FN:147,(anonymous_26)
FN:154,(anonymous_27)
FN:155,(anonymous_28)
FN:164,(anonymous_29)
FN:165,(anonymous_30)
FN:174,(anonymous_31)
FN:175,(anonymous_32)
FN:192,(anonymous_33)
FN:193,(anonymous_34)
FN:199,(anonymous_35)
FN:206,(anonymous_36)
FN:207,(anonymous_37)
FN:213,(anonymous_38)
FN:220,(anonymous_39)
FN:221,(anonymous_40)
FN:231,(anonymous_41)
FN:232,(anonymous_42)
FN:242,(anonymous_43)
FN:243,(anonymous_44)
FN:253,(anonymous_45)
FN:254,(anonymous_46)
FN:264,(anonymous_47)
FN:265,(anonymous_48)
FN:270,(anonymous_49)
FN:277,(anonymous_50)
FN:278,(anonymous_51)
FN:283,(anonymous_52)
FN:290,(anonymous_53)
FN:291,(anonymous_54)
FN:296,(anonymous_55)
FN:304,(anonymous_56)
FN:305,(anonymous_57)
FN:314,(anonymous_58)
FN:315,(anonymous_59)
FN:324,(anonymous_60)
FN:325,(anonymous_61)
FN:334,(anonymous_62)
FN:335,(anonymous_63)
FN:344,(anonymous_64)
FN:345,(anonymous_65)
FN:354,(anonymous_66)
FN:355,(anonymous_67)
FN:364,(anonymous_68)
FN:365,(anonymous_69)
FN:374,(anonymous_70)
FN:375,(anonymous_71)
FN:385,(anonymous_72)
FN:386,(anonymous_73)
FN:395,(anonymous_74)
FN:396,(anonymous_75)
FN:405,(anonymous_76)
FN:406,(anonymous_77)
FN:415,(anonymous_78)
FN:416,(anonymous_79)
FN:425,(anonymous_80)
FN:426,(anonymous_81)
FN:435,(anonymous_82)
FN:436,(anonymous_83)
FN:445,(anonymous_84)
FN:446,(anonymous_85)
FN:456,(anonymous_86)
FN:457,(anonymous_87)
FN:466,(anonymous_88)
FN:467,(anonymous_89)
FN:476,(anonymous_90)
FN:477,(anonymous_91)
FNF:91
FNH:90
FNDA:1,(anonymous_1)
FNDA:1,(anonymous_2)
FNDA:0,(anonymous_3)
FNDA:1,(anonymous_4)
FNDA:1,(anonymous_5)
FNDA:1,(anonymous_6)
FNDA:1,(anonymous_7)
FNDA:1,(anonymous_8)
FNDA:1,(anonymous_9)
FNDA:1,(anonymous_10)
FNDA:1,(anonymous_11)
FNDA:1,(anonymous_12)
FNDA:1,(anonymous_13)
FNDA:1,(anonymous_14)
FNDA:1,(anonymous_15)
FNDA:1,(anonymous_16)
FNDA:1,(anonymous_17)
FNDA:1,(anonymous_18)
FNDA:1,(anonymous_19)
FNDA:1,(anonymous_20)
FNDA:1,(anonymous_21)
FNDA:1,(anonymous_22)
FNDA:1,(anonymous_23)
FNDA:1,(anonymous_24)
FNDA:1,(anonymous_25)
FNDA:1,(anonymous_26)
FNDA:1,(anonymous_27)
FNDA:1,(anonymous_28)
FNDA:1,(anonymous_29)
FNDA:1,(anonymous_30)
FNDA:1,(anonymous_31)
FNDA:1,(anonymous_32)
FNDA:1,(anonymous_33)
FNDA:1,(anonymous_34)
FNDA:1,(anonymous_35)
FNDA:1,(anonymous_36)
FNDA:1,(anonymous_37)
FNDA:1,(anonymous_38)
FNDA:1,(anonymous_39)
FNDA:1,(anonymous_40)
FNDA:1,(anonymous_41)
FNDA:1,(anonymous_42)
FNDA:1,(anonymous_43)
FNDA:1,(anonymous_44)
FNDA:1,(anonymous_45)
FNDA:1,(anonymous_46)
FNDA:1,(anonymous_47)
FNDA:1,(anonymous_48)
FNDA:1,(anonymous_49)
FNDA:1,(anonymous_50)
FNDA:1,(anonymous_51)
FNDA:1,(anonymous_52)
FNDA:1,(anonymous_53)
FNDA:1,(anonymous_54)
FNDA:1,(anonymous_55)
FNDA:1,(anonymous_56)
FNDA:1,(anonymous_57)
FNDA:1,(anonymous_58)
FNDA:1,(anonymous_59)
FNDA:1,(anonymous_60)
FNDA:1,(anonymous_61)
FNDA:1,(anonymous_62)
FNDA:1,(anonymous_63)
FNDA:1,(anonymous_64)
FNDA:1,(anonymous_65)
FNDA:1,(anonymous_66)
FNDA:1,(anonymous_67)
FNDA:1,(anonymous_68)
FNDA:1,(anonymous_69)
FNDA:1,(anonymous_70)
FNDA:1,(anonymous_71)
FNDA:1,(anonymous_72)
FNDA:1,(anonymous_73)
FNDA:1,(anonymous_74)
FNDA:1,(anonymous_75)
FNDA:1,(anonymous_76)
FNDA:1,(anonymous_77)
FNDA:1,(anonymous_78)
FNDA:1,(anonymous_79)
FNDA:1,(anonymous_80)
FNDA:1,(anonymous_81)
FNDA:1,(anonymous_82)
FNDA:1,(anonymous_83)
FNDA:1,(anonymous_84)
FNDA:1,(anonymous_85)
FNDA:1,(anonymous_86)
FNDA:1,(anonymous_87)
FNDA:1,(anonymous_88)
FNDA:1,(anonymous_89)
FNDA:1,(anonymous_90)
FNDA:1,(anonymous_91)
DA:1,1
DA:2,1
DA:3,1
DA:4,1
DA:5,1
DA:8,1
DA:9,1
DA:11,1
DA:12,1
DA:13,1
DA:15,0
DA:19,1
DA:20,1
DA:21,1
DA:22,1
DA:40,1
DA:41,1
DA:42,1
DA:60,1
DA:61,1
DA:62,1
DA:67,1
DA:68,1
DA:70,1
DA:75,1
DA:76,1
DA:77,1
DA:82,1
DA:83,1
DA:85,1
DA:90,1
DA:91,1
DA:92,1
DA:96,1
DA:104,1
DA:105,1
DA:106,1
DA:122,1
DA:123,1
DA:124,1
DA:131,1
DA:132,1
DA:133,1
DA:141,1
DA:142,1
DA:143,1
DA:148,1
DA:154,1
DA:155,1
DA:156,1
DA:164,1
DA:165,1
DA:166,1
DA:174,1
DA:175,1
DA:176,1
DA:192,1
DA:193,1
DA:194,1
DA:200,1
DA:206,1
DA:207,1
DA:208,1
DA:214,1
DA:220,1
DA:221,1
DA:222,1
DA:231,1
DA:232,1
DA:233,1
DA:242,1
DA:243,1
DA:244,1
DA:253,1
DA:254,1
DA:255,1
DA:264,1
DA:265,1
DA:266,1
DA:271,1
DA:277,1
DA:278,1
DA:279,1
DA:284,1
DA:290,1
DA:291,1
DA:292,1
DA:297,1
DA:304,1
DA:305,1
DA:306,1
DA:314,1
DA:315,1
DA:316,1
DA:324,1
DA:325,1
DA:326,1
DA:334,1
DA:335,1
DA:336,1
DA:344,1
DA:345,1
DA:346,1
DA:354,1
DA:355,1
DA:356,1
DA:364,1
DA:365,1
DA:366,1
DA:374,1
DA:375,1
DA:376,1
DA:385,1
DA:386,1
DA:387,1
DA:395,1
DA:396,1
DA:397,1
DA:405,1
DA:406,1
DA:407,1
DA:415,1
DA:416,1
DA:417,1
DA:425,1
DA:426,1
DA:427,1
DA:435,1
DA:436,1
DA:437,1
DA:445,1
DA:446,1
DA:447,1
DA:456,1
DA:457,1
DA:458,1
DA:466,1
DA:467,1
DA:468,1
DA:476,1
DA:477,1
DA:478,1
LF:142
LH:141
BRDA:67,0,0,1
BRDA:67,0,1,0
BRDA:82,1,0,1
BRDA:82,1,1,0
BRF:4
BRH:2
end_of_record
TN:
SF:/Users/andeladeveloper/Documents/Documents/More-Recipe/server/test/user.test.spec.js
FN:8,(anonymous_1)
FN:9,(anonymous_2)
FN:10,(anonymous_3)
FN:15,(anonymous_4)
FN:25,(anonymous_5)
FN:26,(anonymous_6)
FN:35,(anonymous_7)
FN:36,(anonymous_8)
FN:55,(anonymous_9)
FN:56,(anonymous_10)
FN:65,(anonymous_11)
FN:66,(anonymous_12)
FN:75,(anonymous_13)
FN:76,(anonymous_14)
FN:85,(anonymous_15)
FN:86,(anonymous_16)
FN:94,(anonymous_17)
FN:95,(anonymous_18)
FN:103,(anonymous_19)
FN:104,(anonymous_20)
FN:114,(anonymous_21)
FN:115,(anonymous_22)
FN:125,(anonymous_23)
FN:126,(anonymous_24)
FN:135,(anonymous_25)
FN:136,(anonymous_26)
FNF:26
FNH:26
FNDA:1,(anonymous_1)
FNDA:1,(anonymous_2)
FNDA:1,(anonymous_3)
FNDA:1,(anonymous_4)
FNDA:1,(anonymous_5)
FNDA:1,(anonymous_6)
FNDA:1,(anonymous_7)
FNDA:1,(anonymous_8)
FNDA:1,(anonymous_9)
FNDA:1,(anonymous_10)
FNDA:1,(anonymous_11)
FNDA:1,(anonymous_12)
FNDA:1,(anonymous_13)
FNDA:1,(anonymous_14)
FNDA:1,(anonymous_15)
FNDA:1,(anonymous_16)
FNDA:1,(anonymous_17)
FNDA:1,(anonymous_18)
FNDA:1,(anonymous_19)
FNDA:1,(anonymous_20)
FNDA:1,(anonymous_21)
FNDA:1,(anonymous_22)
FNDA:1,(anonymous_23)
FNDA:1,(anonymous_24)
FNDA:1,(anonymous_25)
FNDA:1,(anonymous_26)
DA:1,1
DA:2,1
DA:3,1
DA:5,1
DA:8,1
DA:9,1
DA:10,1
DA:11,1
DA:16,1
DA:17,1
DA:19,1
DA:25,1
DA:26,1
DA:27,1
DA:35,1
DA:36,1
DA:37,1
DA:55,1
DA:56,1
DA:57,1
DA:65,1
DA:66,1
DA:67,1
DA:75,1
DA:76,1
DA:77,1
DA:85,1
DA:86,1
DA:87,1
DA:94,1
DA:95,1
DA:96,1
DA:103,1
DA:104,1
DA:105,1
DA:114,1
DA:115,1
DA:116,1
DA:125,1
DA:126,1
DA:127,1
DA:135,1
DA:136,1
DA:137,1
LF:44
LH:44
BRDA:16,0,0,1
BRDA:16,0,1,0
BRF:2
BRH:1
end_of_record
